<?xml version="1.0" encoding="UTF-8"?>
<coverage generated="1773800254868" clover="3.2.0">
  <project timestamp="1773800254868" name="All files">
    <metrics statements="1314" coveredstatements="1253" conditionals="801" coveredconditionals="658" methods="323" coveredmethods="294" elements="2438" coveredelements="2205" complexity="0" loc="1314" ncloc="1314" packages="35" files="36" classes="36"/>
    <package name="src.components.accordion">
      <metrics statements="30" coveredstatements="30" conditionals="14" coveredconditionals="10" methods="7" coveredmethods="7"/>
      <file name="accordion.ts" path="C:\repos\ProjectAmris\src\components\accordion\accordion.ts">
        <metrics statements="30" coveredstatements="30" conditionals="14" coveredconditionals="10" methods="7" coveredmethods="7"/>
        <line num="22" count="2" type="stmt"/>
        <line num="23" count="2" type="stmt"/>
        <line num="24" count="7" type="stmt"/>
        <line num="25" count="7" type="stmt"/>
        <line num="27" count="7" type="stmt"/>
        <line num="28" count="7" type="stmt"/>
        <line num="30" count="2" type="stmt"/>
        <line num="111" count="4" type="cond" truecount="2" falsecount="0"/>
        <line num="112" count="3" type="stmt"/>
        <line num="113" count="3" type="stmt"/>
        <line num="117" count="1" type="cond" truecount="2" falsecount="2"/>
        <line num="118" count="1" type="stmt"/>
        <line num="119" count="1" type="stmt"/>
        <line num="124" count="11" type="stmt"/>
        <line num="180" count="2" type="stmt"/>
        <line num="181" count="2" type="stmt"/>
        <line num="183" count="2" type="stmt"/>
        <line num="185" count="2" type="stmt"/>
        <line num="188" count="2" type="stmt"/>
        <line num="198" count="2" type="stmt"/>
        <line num="199" count="2" type="stmt"/>
        <line num="203" count="2" type="stmt"/>
        <line num="204" count="2" type="stmt"/>
        <line num="207" count="2" type="stmt"/>
        <line num="208" count="1" type="cond" truecount="1" falsecount="1"/>
        <line num="209" count="1" type="stmt"/>
        <line num="210" count="1" type="cond" truecount="1" falsecount="1"/>
        <line num="211" count="1" type="stmt"/>
        <line num="212" count="2" type="cond" truecount="2" falsecount="0"/>
        <line num="217" count="2" type="stmt"/>
      </file>
    </package>
    <package name="src.components.alert">
      <metrics statements="18" coveredstatements="18" conditionals="7" coveredconditionals="7" methods="4" coveredmethods="4"/>
      <file name="alert.ts" path="C:\repos\ProjectAmris\src\components\alert\alert.ts">
        <metrics statements="18" coveredstatements="18" conditionals="7" coveredconditionals="7" methods="4" coveredmethods="4"/>
        <line num="29" count="2" type="stmt"/>
        <line num="30" count="2" type="stmt"/>
        <line num="31" count="12" type="stmt"/>
        <line num="32" count="12" type="stmt"/>
        <line num="33" count="12" type="stmt"/>
        <line num="34" count="12" type="stmt"/>
        <line num="36" count="2" type="stmt"/>
        <line num="110" count="14" type="cond" truecount="5" falsecount="0"/>
        <line num="112" count="8" type="stmt"/>
        <line num="114" count="1" type="stmt"/>
        <line num="116" count="2" type="stmt"/>
        <line num="118" count="2" type="stmt"/>
        <line num="120" count="1" type="stmt"/>
        <line num="125" count="1" type="stmt"/>
        <line num="126" count="1" type="stmt"/>
        <line num="130" count="12" type="stmt"/>
        <line num="131" count="12" type="stmt"/>
        <line num="135" count="14" type="stmt"/>
      </file>
    </package>
    <package name="src.components.avatar">
      <metrics statements="18" coveredstatements="18" conditionals="12" coveredconditionals="12" methods="3" coveredmethods="3"/>
      <file name="avatar.ts" path="C:\repos\ProjectAmris\src\components\avatar\avatar.ts">
        <metrics statements="18" coveredstatements="18" conditionals="12" coveredconditionals="12" methods="3" coveredmethods="3"/>
        <line num="28" count="2" type="stmt"/>
        <line num="29" count="2" type="stmt"/>
        <line num="31" count="6" type="stmt"/>
        <line num="34" count="6" type="stmt"/>
        <line num="37" count="6" type="stmt"/>
        <line num="40" count="6" type="stmt"/>
        <line num="43" count="6" type="stmt"/>
        <line num="45" count="6" type="stmt"/>
        <line num="47" count="2" type="stmt"/>
        <line num="100" count="1" type="stmt"/>
        <line num="104" count="7" type="cond" truecount="2" falsecount="0"/>
        <line num="105" count="6" type="stmt"/>
        <line num="110" count="7" type="cond" truecount="2" falsecount="0"/>
        <line num="112" count="7" type="cond" truecount="2" falsecount="0"/>
        <line num="113" count="2" type="stmt"/>
        <line num="121" count="5" type="cond" truecount="2" falsecount="0"/>
        <line num="122" count="4" type="cond" truecount="2" falsecount="0"/>
        <line num="125" count="1" type="stmt"/>
      </file>
    </package>
    <package name="src.components.badge">
      <metrics statements="12" coveredstatements="11" conditionals="6" coveredconditionals="5" methods="3" coveredmethods="2"/>
      <file name="badge.ts" path="C:\repos\ProjectAmris\src\components\badge\badge.ts">
        <metrics statements="12" coveredstatements="11" conditionals="6" coveredconditionals="5" methods="3" coveredmethods="2"/>
        <line num="24" count="2" type="stmt"/>
        <line num="25" count="2" type="stmt"/>
        <line num="26" count="6" type="stmt"/>
        <line num="27" count="6" type="stmt"/>
        <line num="28" count="6" type="stmt"/>
        <line num="29" count="6" type="stmt"/>
        <line num="30" count="6" type="stmt"/>
        <line num="32" count="2" type="stmt"/>
        <line num="105" count="0" type="stmt"/>
        <line num="109" count="2" type="cond" truecount="2" falsecount="0"/>
        <line num="110" count="1" type="stmt"/>
        <line num="114" count="6" type="stmt"/>
      </file>
    </package>
    <package name="src.components.breadcrumb">
      <metrics statements="18" coveredstatements="18" conditionals="6" coveredconditionals="6" methods="6" coveredmethods="6"/>
      <file name="breadcrumb.ts" path="C:\repos\ProjectAmris\src\components\breadcrumb\breadcrumb.ts">
        <metrics statements="18" coveredstatements="18" conditionals="6" coveredconditionals="6" methods="6" coveredmethods="6"/>
        <line num="18" count="2" type="stmt"/>
        <line num="19" count="2" type="stmt"/>
        <line num="21" count="12" type="stmt"/>
        <line num="24" count="12" type="stmt"/>
        <line num="26" count="2" type="stmt"/>
        <line num="77" count="16" type="cond" truecount="4" falsecount="0"/>
        <line num="81" count="16" type="stmt"/>
        <line num="111" count="2" type="stmt"/>
        <line num="112" count="2" type="stmt"/>
        <line num="113" count="2" type="stmt"/>
        <line num="128" count="4" type="stmt"/>
        <line num="129" count="4" type="stmt"/>
        <line num="130" count="9" type="stmt"/>
        <line num="132" count="4" type="stmt"/>
        <line num="133" count="9" type="stmt"/>
        <line num="138" count="4" type="stmt"/>
        <line num="139" count="4" type="stmt"/>
        <line num="143" count="4" type="stmt"/>
      </file>
    </package>
    <package name="src.components.button">
      <metrics statements="18" coveredstatements="18" conditionals="14" coveredconditionals="13" methods="2" coveredmethods="2"/>
      <file name="button.ts" path="C:\repos\ProjectAmris\src\components\button\button.ts">
        <metrics statements="18" coveredstatements="18" conditionals="14" coveredconditionals="13" methods="2" coveredmethods="2"/>
        <line num="36" count="2" type="stmt"/>
        <line num="37" count="2" type="stmt"/>
        <line num="39" count="2" type="stmt"/>
        <line num="40" count="7" type="stmt"/>
        <line num="43" count="2" type="stmt"/>
        <line num="44" count="7" type="stmt"/>
        <line num="47" count="2" type="stmt"/>
        <line num="48" count="7" type="stmt"/>
        <line num="51" count="2" type="stmt"/>
        <line num="52" count="7" type="stmt"/>
        <line num="55" count="2" type="stmt"/>
        <line num="56" count="7" type="stmt"/>
        <line num="59" count="2" type="stmt"/>
        <line num="60" count="7" type="stmt"/>
        <line num="62" count="2" type="stmt"/>
        <line num="274" count="8" type="cond" truecount="3" falsecount="1"/>
        <line num="275" count="8" type="stmt"/>
        <line num="283" count="8" type="stmt"/>
      </file>
    </package>
    <package name="src.components.checkbox">
      <metrics statements="28" coveredstatements="28" conditionals="24" coveredconditionals="14" methods="7" coveredmethods="7"/>
      <file name="checkbox.ts" path="C:\repos\ProjectAmris\src\components\checkbox\checkbox.ts">
        <metrics statements="28" coveredstatements="28" conditionals="24" coveredconditionals="14" methods="7" coveredmethods="7"/>
        <line num="21" count="2" type="stmt"/>
        <line num="22" count="2" type="stmt"/>
        <line num="23" count="2" type="stmt"/>
        <line num="25" count="3" type="stmt"/>
        <line num="26" count="3" type="stmt"/>
        <line num="27" count="3" type="stmt"/>
        <line num="28" count="3" type="stmt"/>
        <line num="29" count="3" type="stmt"/>
        <line num="30" count="3" type="stmt"/>
        <line num="31" count="3" type="stmt"/>
        <line num="36" count="3" type="stmt"/>
        <line num="37" count="3" type="stmt"/>
        <line num="40" count="2" type="stmt"/>
        <line num="138" count="5" type="cond" truecount="1" falsecount="1"/>
        <line num="139" count="5" type="cond" truecount="2" falsecount="0"/>
        <line num="143" count="3" type="stmt"/>
        <line num="144" count="2" type="cond" truecount="1" falsecount="1"/>
        <line num="145" count="2" type="stmt"/>
        <line num="146" count="2" type="stmt"/>
        <line num="147" count="2" type="stmt"/>
        <line num="151" count="1" type="cond" truecount="2" falsecount="2"/>
        <line num="152" count="1" type="stmt"/>
        <line num="153" count="1" type="stmt"/>
        <line num="158" count="3" type="stmt"/>
        <line num="159" count="3" type="stmt"/>
        <line num="163" count="3" type="stmt"/>
        <line num="164" count="3" type="stmt"/>
        <line num="168" count="5" type="stmt"/>
      </file>
    </package>
    <package name="src.components.dialog">
      <metrics statements="40" coveredstatements="39" conditionals="20" coveredconditionals="19" methods="10" coveredmethods="9"/>
      <file name="dialog.ts" path="C:\repos\ProjectAmris\src\components\dialog\dialog.ts">
        <metrics statements="40" coveredstatements="39" conditionals="20" coveredconditionals="19" methods="10" coveredmethods="9"/>
        <line num="39" count="2" type="stmt"/>
        <line num="40" count="2" type="stmt"/>
        <line num="42" count="13" type="stmt"/>
        <line num="45" count="13" type="stmt"/>
        <line num="48" count="13" type="stmt"/>
        <line num="51" count="13" type="stmt"/>
        <line num="54" count="13" type="stmt"/>
        <line num="56" count="2" type="stmt"/>
        <line num="58" count="13" type="stmt"/>
        <line num="60" count="2" type="stmt"/>
        <line num="182" count="30" type="cond" truecount="1" falsecount="1"/>
        <line num="183" count="30" type="cond" truecount="2" falsecount="0"/>
        <line num="184" count="18" type="stmt"/>
        <line num="189" count="12" type="stmt"/>
        <line num="190" count="12" type="stmt"/>
        <line num="191" count="12" type="stmt"/>
        <line num="195" count="18" type="stmt"/>
        <line num="196" count="18" type="cond" truecount="2" falsecount="0"/>
        <line num="197" count="6" type="stmt"/>
        <line num="199" count="18" type="stmt"/>
        <line num="203" count="4" type="stmt"/>
        <line num="205" count="4" type="cond" truecount="4" falsecount="0"/>
        <line num="208" count="4" type="cond" truecount="2" falsecount="0"/>
        <line num="210" count="2" type="cond" truecount="2" falsecount="0"/>
        <line num="211" count="1" type="stmt"/>
        <line num="213" count="1" type="stmt"/>
        <line num="218" count="2" type="stmt"/>
        <line num="220" count="2" type="stmt"/>
        <line num="221" count="2" type="stmt"/>
        <line num="222" count="2" type="stmt"/>
        <line num="223" count="0" type="stmt"/>
        <line num="228" count="2" type="cond" truecount="2" falsecount="0"/>
        <line num="229" count="1" type="stmt"/>
        <line num="230" count="1" type="stmt"/>
        <line num="231" count="1" type="stmt"/>
        <line num="233" count="1" type="stmt"/>
        <line num="234" count="1" type="stmt"/>
        <line num="238" count="19" type="stmt"/>
        <line num="242" count="30" type="stmt"/>
        <line num="255" count="1" type="stmt"/>
      </file>
    </package>
    <package name="src.components.divider">
      <metrics statements="10" coveredstatements="10" conditionals="2" coveredconditionals="2" methods="2" coveredmethods="2"/>
      <file name="divider.ts" path="C:\repos\ProjectAmris\src\components\divider\divider.ts">
        <metrics statements="10" coveredstatements="10" conditionals="2" coveredconditionals="2" methods="2" coveredmethods="2"/>
        <line num="11" count="2" type="stmt"/>
        <line num="12" count="2" type="stmt"/>
        <line num="14" count="2" type="stmt"/>
        <line num="15" count="4" type="stmt"/>
        <line num="17" count="2" type="stmt"/>
        <line num="41" count="4" type="stmt"/>
        <line num="42" count="4" type="stmt"/>
        <line num="43" count="4" type="cond" truecount="2" falsecount="0"/>
        <line num="44" count="1" type="stmt"/>
        <line num="49" count="4" type="stmt"/>
      </file>
    </package>
    <package name="src.components.drawer">
      <metrics statements="31" coveredstatements="27" conditionals="20" coveredconditionals="15" methods="8" coveredmethods="7"/>
      <file name="drawer.ts" path="C:\repos\ProjectAmris\src\components\drawer\drawer.ts">
        <metrics statements="31" coveredstatements="27" conditionals="20" coveredconditionals="15" methods="8" coveredmethods="7"/>
        <line num="40" count="2" type="stmt"/>
        <line num="41" count="2" type="stmt"/>
        <line num="42" count="5" type="stmt"/>
        <line num="43" count="5" type="stmt"/>
        <line num="44" count="5" type="stmt"/>
        <line num="45" count="5" type="stmt"/>
        <line num="46" count="5" type="stmt"/>
        <line num="47" count="5" type="stmt"/>
        <line num="49" count="2" type="stmt"/>
        <line num="51" count="5" type="stmt"/>
        <line num="53" count="2" type="stmt"/>
        <line num="196" count="9" type="cond" truecount="2" falsecount="0"/>
        <line num="197" count="8" type="cond" truecount="2" falsecount="0"/>
        <line num="198" count="4" type="stmt"/>
        <line num="203" count="4" type="stmt"/>
        <line num="204" count="4" type="stmt"/>
        <line num="205" count="4" type="stmt"/>
        <line num="209" count="4" type="stmt"/>
        <line num="210" count="4" type="cond" truecount="2" falsecount="0"/>
        <line num="211" count="2" type="stmt"/>
        <line num="213" count="4" type="stmt"/>
        <line num="217" count="1" type="stmt"/>
        <line num="219" count="1" type="cond" truecount="4" falsecount="0"/>
        <line num="222" count="1" type="cond" truecount="2" falsecount="2"/>
        <line num="223" count="0" type="stmt"/>
        <line num="228" count="0" type="stmt"/>
        <line num="229" count="0" type="cond" truecount="0" falsecount="2"/>
        <line num="230" count="0" type="stmt"/>
        <line num="235" count="4" type="stmt"/>
        <line num="239" count="9" type="stmt"/>
        <line num="252" count="1" type="stmt"/>
      </file>
    </package>
    <package name="src.components.dropdown">
      <metrics statements="43" coveredstatements="42" conditionals="22" coveredconditionals="17" methods="10" coveredmethods="10"/>
      <file name="dropdown.ts" path="C:\repos\ProjectAmris\src\components\dropdown\dropdown.ts">
        <metrics statements="43" coveredstatements="42" conditionals="22" coveredconditionals="17" methods="10" coveredmethods="10"/>
        <line num="33" count="2" type="stmt"/>
        <line num="34" count="2" type="stmt"/>
        <line num="35" count="5" type="stmt"/>
        <line num="36" count="5" type="stmt"/>
        <line num="37" count="5" type="stmt"/>
        <line num="38" count="5" type="stmt"/>
        <line num="40" count="2" type="stmt"/>
        <line num="42" count="5" type="stmt"/>
        <line num="44" count="2" type="stmt"/>
        <line num="71" count="5" type="stmt"/>
        <line num="72" count="5" type="stmt"/>
        <line num="73" count="5" type="stmt"/>
        <line num="77" count="5" type="stmt"/>
        <line num="78" count="5" type="stmt"/>
        <line num="79" count="5" type="stmt"/>
        <line num="80" count="5" type="stmt"/>
        <line num="81" count="5" type="stmt"/>
        <line num="84" count="5" type="stmt"/>
        <line num="85" count="3" type="cond" truecount="2" falsecount="0"/>
        <line num="86" count="2" type="stmt"/>
        <line num="89" count="5" type="stmt"/>
        <line num="90" count="3" type="cond" truecount="2" falsecount="0"/>
        <line num="91" count="1" type="cond" truecount="1" falsecount="1"/>
        <line num="92" count="0" type="stmt"/>
        <line num="96" count="5" type="stmt"/>
        <line num="97" count="1" type="cond" truecount="3" falsecount="1"/>
        <line num="98" count="1" type="stmt"/>
        <line num="103" count="8" type="cond" truecount="1" falsecount="1"/>
        <line num="104" count="8" type="cond" truecount="2" falsecount="0"/>
        <line num="105" count="3" type="stmt"/>
        <line num="106" count="3" type="stmt"/>
        <line num="108" count="5" type="stmt"/>
        <line num="109" count="5" type="stmt"/>
        <line num="110" count="5" type="stmt"/>
        <line num="116" count="3" type="stmt"/>
        <line num="117" count="3" type="stmt"/>
        <line num="118" count="3" type="cond" truecount="3" falsecount="1"/>
        <line num="119" count="3" type="stmt"/>
        <line num="123" count="3" type="stmt"/>
        <line num="124" count="3" type="cond" truecount="3" falsecount="1"/>
        <line num="126" count="3" type="stmt"/>
        <line num="132" count="3" type="stmt"/>
        <line num="136" count="8" type="stmt"/>
      </file>
    </package>
    <package name="src.components.file-upload">
      <metrics statements="53" coveredstatements="51" conditionals="50" coveredconditionals="38" methods="17" coveredmethods="15"/>
      <file name="file-upload.ts" path="C:\repos\ProjectAmris\src\components\file-upload\file-upload.ts">
        <metrics statements="53" coveredstatements="51" conditionals="50" coveredconditionals="38" methods="17" coveredmethods="15"/>
        <line num="31" count="2" type="stmt"/>
        <line num="32" count="2" type="stmt"/>
        <line num="33" count="16" type="stmt"/>
        <line num="35" count="16" type="stmt"/>
        <line num="37" count="16" type="stmt"/>
        <line num="39" count="16" type="stmt"/>
        <line num="40" count="16" type="stmt"/>
        <line num="41" count="16" type="stmt"/>
        <line num="42" count="16" type="stmt"/>
        <line num="44" count="16" type="stmt"/>
        <line num="45" count="16" type="stmt"/>
        <line num="47" count="2" type="stmt"/>
        <line num="49" count="2" type="stmt"/>
        <line num="205" count="1" type="stmt"/>
        <line num="209" count="7" type="stmt"/>
        <line num="210" count="7" type="cond" truecount="1" falsecount="1"/>
        <line num="211" count="7" type="stmt"/>
        <line num="215" count="1" type="stmt"/>
        <line num="216" count="1" type="stmt"/>
        <line num="220" count="1" type="stmt"/>
        <line num="224" count="1" type="stmt"/>
        <line num="225" count="1" type="stmt"/>
        <line num="226" count="1" type="cond" truecount="1" falsecount="1"/>
        <line num="227" count="1" type="stmt"/>
        <line num="232" count="8" type="stmt"/>
        <line num="233" count="10" type="stmt"/>
        <line num="236" count="10" type="cond" truecount="4" falsecount="0"/>
        <line num="237" count="1" type="stmt"/>
        <line num="238" count="1" type="stmt"/>
        <line num="241" count="10" type="stmt"/>
        <line num="250" count="8" type="cond" truecount="2" falsecount="0"/>
        <line num="251" count="1" type="stmt"/>
        <line num="252" count="1" type="cond" truecount="3" falsecount="1"/>
        <line num="253" count="1" type="stmt"/>
        <line num="255" count="1" type="stmt"/>
        <line num="257" count="7" type="stmt"/>
        <line num="260" count="9" type="stmt"/>
        <line num="261" count="8" type="cond" truecount="2" falsecount="0"/>
        <line num="262" count="7" type="stmt"/>
        <line num="270" count="1" type="stmt"/>
        <line num="271" count="1" type="stmt"/>
        <line num="279" count="0" type="stmt"/>
        <line num="280" count="0" type="cond" truecount="0" falsecount="6"/>
        <line num="285" count="13" type="cond" truecount="2" falsecount="0"/>
        <line num="286" count="1" type="cond" truecount="1" falsecount="1"/>
        <line num="287" count="1" type="stmt"/>
        <line num="291" count="27" type="stmt"/>
        <line num="292" count="27" type="cond" truecount="2" falsecount="0"/>
        <line num="293" count="27" type="cond" truecount="2" falsecount="0"/>
        <line num="294" count="27" type="cond" truecount="2" falsecount="0"/>
        <line num="296" count="27" type="stmt"/>
        <line num="319" count="9" type="stmt"/>
        <line num="335" count="1" type="stmt"/>
      </file>
    </package>
    <package name="src.components.icon-button">
      <metrics statements="12" coveredstatements="12" conditionals="12" coveredconditionals="10" methods="2" coveredmethods="2"/>
      <file name="icon-button.ts" path="C:\repos\ProjectAmris\src\components\icon-button\icon-button.ts">
        <metrics statements="12" coveredstatements="12" conditionals="12" coveredconditionals="10" methods="2" coveredmethods="2"/>
        <line num="29" count="2" type="stmt"/>
        <line num="30" count="2" type="stmt"/>
        <line num="31" count="5" type="stmt"/>
        <line num="32" count="5" type="stmt"/>
        <line num="33" count="5" type="stmt"/>
        <line num="34" count="5" type="stmt"/>
        <line num="35" count="5" type="stmt"/>
        <line num="38" count="5" type="stmt"/>
        <line num="40" count="2" type="stmt"/>
        <line num="128" count="6" type="cond" truecount="3" falsecount="1"/>
        <line num="129" count="6" type="cond" truecount="2" falsecount="0"/>
        <line num="134" count="6" type="stmt"/>
      </file>
    </package>
    <package name="src.components.input">
      <metrics statements="45" coveredstatements="41" conditionals="40" coveredconditionals="36" methods="12" coveredmethods="8"/>
      <file name="input.ts" path="C:\repos\ProjectAmris\src\components\input\input.ts">
        <metrics statements="45" coveredstatements="41" conditionals="40" coveredconditionals="36" methods="12" coveredmethods="8"/>
        <line num="32" count="2" type="stmt"/>
        <line num="33" count="2" type="stmt"/>
        <line num="34" count="2" type="stmt"/>
        <line num="37" count="3" type="stmt"/>
        <line num="39" count="3" type="stmt"/>
        <line num="40" count="3" type="stmt"/>
        <line num="41" count="3" type="stmt"/>
        <line num="42" count="3" type="stmt"/>
        <line num="43" count="3" type="stmt"/>
        <line num="44" count="3" type="stmt"/>
        <line num="45" count="3" type="stmt"/>
        <line num="46" count="3" type="stmt"/>
        <line num="47" count="3" type="stmt"/>
        <line num="48" count="3" type="stmt"/>
        <line num="49" count="3" type="stmt"/>
        <line num="50" count="2" type="stmt"/>
        <line num="51" count="2" type="stmt"/>
        <line num="52" count="3" type="stmt"/>
        <line num="54" count="2" type="stmt"/>
        <line num="58" count="3" type="stmt"/>
        <line num="59" count="3" type="stmt"/>
        <line num="62" count="2" type="stmt"/>
        <line num="238" count="3" type="stmt"/>
        <line num="241" count="3" type="cond" truecount="2" falsecount="0"/>
        <line num="245" count="5" type="cond" truecount="1" falsecount="1"/>
        <line num="246" count="5" type="stmt"/>
        <line num="251" count="1" type="stmt"/>
        <line num="252" count="1" type="stmt"/>
        <line num="253" count="1" type="stmt"/>
        <line num="257" count="0" type="stmt"/>
        <line num="260" count="1" type="stmt"/>
        <line num="261" count="0" type="stmt"/>
        <line num="264" count="1" type="stmt"/>
        <line num="265" count="1" type="stmt"/>
        <line num="266" count="1" type="stmt"/>
        <line num="267" count="1" type="stmt"/>
        <line num="268" count="1" type="stmt"/>
        <line num="272" count="1" type="stmt"/>
        <line num="276" count="0" type="stmt"/>
        <line num="279" count="0" type="stmt"/>
        <line num="282" count="5" type="stmt"/>
        <line num="283" count="5" type="cond" truecount="2" falsecount="0"/>
        <line num="284" count="5" type="cond" truecount="4" falsecount="0"/>
        <line num="286" count="5" type="stmt"/>
        <line num="295" count="5" type="stmt"/>
      </file>
    </package>
    <package name="src.components.input-otp">
      <metrics statements="66" coveredstatements="63" conditionals="36" coveredconditionals="31" methods="18" coveredmethods="18"/>
      <file name="input-otp.ts" path="C:\repos\ProjectAmris\src\components\input-otp\input-otp.ts">
        <metrics statements="66" coveredstatements="63" conditionals="36" coveredconditionals="31" methods="18" coveredmethods="18"/>
        <line num="19" count="2" type="stmt"/>
        <line num="20" count="2" type="stmt"/>
        <line num="21" count="2" type="stmt"/>
        <line num="24" count="19" type="stmt"/>
        <line num="27" count="19" type="stmt"/>
        <line num="29" count="19" type="stmt"/>
        <line num="30" count="19" type="stmt"/>
        <line num="31" count="19" type="stmt"/>
        <line num="33" count="19" type="stmt"/>
        <line num="35" count="2" type="stmt"/>
        <line num="40" count="19" type="stmt"/>
        <line num="41" count="19" type="stmt"/>
        <line num="42" count="19" type="stmt"/>
        <line num="45" count="2" type="stmt"/>
        <line num="92" count="31" type="cond" truecount="2" falsecount="0"/>
        <line num="93" count="19" type="stmt"/>
        <line num="98" count="31" type="cond" truecount="1" falsecount="1"/>
        <line num="99" count="31" type="stmt"/>
        <line num="100" count="31" type="stmt"/>
        <line num="105" count="21" type="stmt"/>
        <line num="109" count="15" type="cond" truecount="2" falsecount="0"/>
        <line num="110" count="1" type="stmt"/>
        <line num="114" count="9" type="stmt"/>
        <line num="115" count="9" type="stmt"/>
        <line num="117" count="9" type="cond" truecount="4" falsecount="0"/>
        <line num="118" count="8" type="stmt"/>
        <line num="119" count="8" type="stmt"/>
        <line num="120" count="8" type="stmt"/>
        <line num="123" count="8" type="cond" truecount="2" falsecount="0"/>
        <line num="124" count="7" type="stmt"/>
        <line num="128" count="18" type="cond" truecount="2" falsecount="0"/>
        <line num="129" count="1" type="stmt"/>
        <line num="136" count="1" type="stmt"/>
        <line num="141" count="4" type="cond" truecount="2" falsecount="0"/>
        <line num="142" count="2" type="stmt"/>
        <line num="143" count="2" type="cond" truecount="1" falsecount="1"/>
        <line num="144" count="0" type="stmt"/>
        <line num="145" count="0" type="stmt"/>
        <line num="146" count="0" type="stmt"/>
        <line num="147" count="2" type="cond" truecount="1" falsecount="1"/>
        <line num="148" count="2" type="stmt"/>
        <line num="149" count="2" type="stmt"/>
        <line num="150" count="2" type="stmt"/>
        <line num="151" count="2" type="stmt"/>
        <line num="153" count="2" type="cond" truecount="4" falsecount="0"/>
        <line num="154" count="1" type="stmt"/>
        <line num="155" count="1" type="stmt"/>
        <line num="156" count="1" type="cond" truecount="3" falsecount="1"/>
        <line num="157" count="1" type="stmt"/>
        <line num="158" count="1" type="stmt"/>
        <line num="163" count="2" type="stmt"/>
        <line num="164" count="2" type="cond" truecount="1" falsecount="1"/>
        <line num="165" count="6" type="stmt"/>
        <line num="167" count="2" type="stmt"/>
        <line num="168" count="6" type="stmt"/>
        <line num="169" count="2" type="stmt"/>
        <line num="171" count="2" type="stmt"/>
        <line num="172" count="2" type="stmt"/>
        <line num="174" count="2" type="cond" truecount="2" falsecount="0"/>
        <line num="175" count="1" type="stmt"/>
        <line num="184" count="12" type="stmt"/>
        <line num="192" count="31" type="stmt"/>
        <line num="194" count="136" type="stmt"/>
        <line num="203" count="9" type="stmt"/>
        <line num="204" count="4" type="stmt"/>
        <line num="206" count="15" type="stmt"/>
      </file>
    </package>
    <package name="src.components.list">
      <metrics statements="30" coveredstatements="30" conditionals="9" coveredconditionals="7" methods="7" coveredmethods="7"/>
      <file name="list.ts" path="C:\repos\ProjectAmris\src\components\list\list.ts">
        <metrics statements="30" coveredstatements="30" conditionals="9" coveredconditionals="7" methods="7" coveredmethods="7"/>
        <line num="30" count="2" type="stmt"/>
        <line num="31" count="2" type="stmt"/>
        <line num="32" count="9" type="stmt"/>
        <line num="33" count="9" type="stmt"/>
        <line num="34" count="9" type="stmt"/>
        <line num="36" count="2" type="stmt"/>
        <line num="109" count="9" type="stmt"/>
        <line num="110" count="9" type="stmt"/>
        <line num="111" count="9" type="cond" truecount="2" falsecount="0"/>
        <line num="112" count="3" type="stmt"/>
        <line num="113" count="3" type="stmt"/>
        <line num="114" count="3" type="stmt"/>
        <line num="119" count="9" type="stmt"/>
        <line num="120" count="9" type="stmt"/>
        <line num="121" count="9" type="stmt"/>
        <line num="124" count="9" type="stmt"/>
        <line num="125" count="3" type="cond" truecount="2" falsecount="0"/>
        <line num="126" count="2" type="stmt"/>
        <line num="133" count="9" type="stmt"/>
        <line num="134" count="1" type="cond" truecount="3" falsecount="2"/>
        <line num="135" count="1" type="stmt"/>
        <line num="136" count="1" type="stmt"/>
        <line num="141" count="9" type="stmt"/>
        <line num="172" count="2" type="stmt"/>
        <line num="173" count="2" type="stmt"/>
        <line num="175" count="3" type="stmt"/>
        <line num="177" count="2" type="stmt"/>
        <line num="192" count="3" type="stmt"/>
        <line num="193" count="3" type="stmt"/>
        <line num="197" count="3" type="stmt"/>
      </file>
    </package>
    <package name="src.components.number-field">
      <metrics statements="38" coveredstatements="33" conditionals="44" coveredconditionals="33" methods="8" coveredmethods="7"/>
      <file name="number-field.ts" path="C:\repos\ProjectAmris\src\components\number-field\number-field.ts">
        <metrics statements="38" coveredstatements="33" conditionals="44" coveredconditionals="33" methods="8" coveredmethods="7"/>
        <line num="21" count="2" type="stmt"/>
        <line num="22" count="2" type="stmt"/>
        <line num="23" count="2" type="stmt"/>
        <line num="25" count="7" type="stmt"/>
        <line num="26" count="7" type="stmt"/>
        <line num="27" count="7" type="stmt"/>
        <line num="28" count="7" type="stmt"/>
        <line num="29" count="7" type="stmt"/>
        <line num="30" count="7" type="stmt"/>
        <line num="31" count="7" type="stmt"/>
        <line num="32" count="7" type="stmt"/>
        <line num="33" count="7" type="stmt"/>
        <line num="34" count="7" type="stmt"/>
        <line num="35" count="7" type="stmt"/>
        <line num="36" count="7" type="stmt"/>
        <line num="41" count="7" type="stmt"/>
        <line num="42" count="7" type="stmt"/>
        <line num="45" count="2" type="stmt"/>
        <line num="129" count="10" type="cond" truecount="1" falsecount="1"/>
        <line num="130" count="10" type="cond" truecount="2" falsecount="0"/>
        <line num="135" count="3" type="cond" truecount="1" falsecount="1"/>
        <line num="136" count="3" type="stmt"/>
        <line num="140" count="1" type="cond" truecount="1" falsecount="1"/>
        <line num="141" count="1" type="stmt"/>
        <line num="145" count="4" type="stmt"/>
        <line num="147" count="4" type="cond" truecount="2" falsecount="0"/>
        <line num="148" count="4" type="stmt"/>
        <line num="149" count="4" type="stmt"/>
        <line num="153" count="0" type="stmt"/>
        <line num="154" count="0" type="cond" truecount="0" falsecount="2"/>
        <line num="155" count="0" type="stmt"/>
        <line num="157" count="0" type="stmt"/>
        <line num="158" count="0" type="cond" truecount="0" falsecount="2"/>
        <line num="163" count="1" type="cond" truecount="1" falsecount="1"/>
        <line num="164" count="1" type="cond" truecount="1" falsecount="1"/>
        <line num="168" count="10" type="cond" truecount="2" falsecount="0"/>
        <line num="169" count="10" type="cond" truecount="2" falsecount="0"/>
        <line num="171" count="10" type="stmt"/>
      </file>
    </package>
    <package name="src.components.pagination">
      <metrics statements="49" coveredstatements="47" conditionals="22" coveredconditionals="21" methods="15" coveredmethods="13"/>
      <file name="pagination.ts" path="C:\repos\ProjectAmris\src\components\pagination\pagination.ts">
        <metrics statements="49" coveredstatements="47" conditionals="22" coveredconditionals="21" methods="15" coveredmethods="13"/>
        <line num="25" count="2" type="stmt"/>
        <line num="26" count="2" type="stmt"/>
        <line num="28" count="20" type="stmt"/>
        <line num="31" count="20" type="stmt"/>
        <line num="34" count="20" type="stmt"/>
        <line num="37" count="20" type="stmt"/>
        <line num="39" count="2" type="stmt"/>
        <line num="127" count="16" type="stmt"/>
        <line num="128" count="16" type="stmt"/>
        <line num="129" count="16" type="stmt"/>
        <line num="132" count="16" type="cond" truecount="2" falsecount="0"/>
        <line num="133" count="55" type="stmt"/>
        <line num="136" count="5" type="stmt"/>
        <line num="137" count="5" type="stmt"/>
        <line num="139" count="5" type="stmt"/>
        <line num="140" count="5" type="stmt"/>
        <line num="142" count="5" type="stmt"/>
        <line num="145" count="5" type="stmt"/>
        <line num="147" count="5" type="cond" truecount="2" falsecount="0"/>
        <line num="148" count="2" type="stmt"/>
        <line num="150" count="3" type="stmt"/>
        <line num="154" count="5" type="stmt"/>
        <line num="155" count="14" type="cond" truecount="4" falsecount="0"/>
        <line num="158" count="5" type="cond" truecount="2" falsecount="0"/>
        <line num="159" count="4" type="stmt"/>
        <line num="161" count="1" type="stmt"/>
        <line num="165" count="5" type="cond" truecount="1" falsecount="1"/>
        <line num="167" count="5" type="stmt"/>
        <line num="171" count="6" type="stmt"/>
        <line num="172" count="6" type="cond" truecount="2" falsecount="0"/>
        <line num="173" count="5" type="stmt"/>
        <line num="174" count="5" type="stmt"/>
        <line num="182" count="20" type="stmt"/>
        <line num="183" count="20" type="stmt"/>
        <line num="184" count="20" type="stmt"/>
        <line num="188" count="16" type="stmt"/>
        <line num="189" count="16" type="stmt"/>
        <line num="191" count="16" type="stmt"/>
        <line num="197" count="1" type="stmt"/>
        <line num="205" count="82" type="cond" truecount="2" falsecount="0"/>
        <line num="210" count="2" type="stmt"/>
        <line num="218" count="1" type="stmt"/>
        <line num="229" count="9" type="stmt"/>
        <line num="231" count="9" type="stmt"/>
        <line num="237" count="1" type="stmt"/>
        <line num="248" count="0" type="stmt"/>
        <line num="263" count="0" type="stmt"/>
        <line num="273" count="1" type="stmt"/>
        <line num="285" count="25" type="cond" truecount="2" falsecount="0"/>
      </file>
    </package>
    <package name="src.components.popover">
      <metrics statements="67" coveredstatements="58" conditionals="43" coveredconditionals="27" methods="14" coveredmethods="10"/>
      <file name="popover.ts" path="C:\repos\ProjectAmris\src\components\popover\popover.ts">
        <metrics statements="67" coveredstatements="58" conditionals="43" coveredconditionals="27" methods="14" coveredmethods="10"/>
        <line num="27" count="2" type="stmt"/>
        <line num="28" count="2" type="stmt"/>
        <line num="30" count="5" type="stmt"/>
        <line num="33" count="5" type="stmt"/>
        <line num="36" count="5" type="stmt"/>
        <line num="39" count="5" type="stmt"/>
        <line num="42" count="5" type="stmt"/>
        <line num="44" count="2" type="stmt"/>
        <line num="45" count="2" type="stmt"/>
        <line num="49" count="5" type="stmt"/>
        <line num="51" count="2" type="stmt"/>
        <line num="99" count="5" type="stmt"/>
        <line num="100" count="5" type="cond" truecount="1" falsecount="1"/>
        <line num="101" count="5" type="stmt"/>
        <line num="103" count="5" type="stmt"/>
        <line num="107" count="5" type="stmt"/>
        <line num="108" count="5" type="stmt"/>
        <line num="109" count="5" type="stmt"/>
        <line num="110" count="5" type="stmt"/>
        <line num="111" count="5" type="stmt"/>
        <line num="112" count="5" type="stmt"/>
        <line num="113" count="5" type="stmt"/>
        <line num="116" count="5" type="stmt"/>
        <line num="117" count="2" type="cond" truecount="1" falsecount="1"/>
        <line num="118" count="2" type="stmt"/>
        <line num="121" count="5" type="stmt"/>
        <line num="122" count="2" type="cond" truecount="2" falsecount="0"/>
        <line num="123" count="1" type="stmt"/>
        <line num="124" count="1" type="cond" truecount="1" falsecount="1"/>
        <line num="125" count="0" type="stmt"/>
        <line num="129" count="5" type="stmt"/>
        <line num="130" count="1" type="cond" truecount="3" falsecount="1"/>
        <line num="131" count="1" type="stmt"/>
        <line num="135" count="5" type="stmt"/>
        <line num="136" count="0" type="cond" truecount="0" falsecount="2"/>
        <line num="137" count="0" type="stmt"/>
        <line num="138" count="0" type="stmt"/>
        <line num="139" count="0" type="stmt"/>
        <line num="143" count="5" type="stmt"/>
        <line num="144" count="0" type="cond" truecount="0" falsecount="2"/>
        <line num="145" count="0" type="stmt"/>
        <line num="146" count="0" type="stmt"/>
        <line num="147" count="0" type="stmt"/>
        <line num="152" count="8" type="cond" truecount="1" falsecount="1"/>
        <line num="153" count="8" type="cond" truecount="2" falsecount="0"/>
        <line num="154" count="3" type="stmt"/>
        <line num="155" count="3" type="stmt"/>
        <line num="157" count="5" type="stmt"/>
        <line num="158" count="5" type="stmt"/>
        <line num="159" count="5" type="stmt"/>
        <line num="165" count="3" type="stmt"/>
        <line num="166" count="3" type="stmt"/>
        <line num="167" count="3" type="cond" truecount="3" falsecount="1"/>
        <line num="168" count="3" type="stmt"/>
        <line num="172" count="3" type="stmt"/>
        <line num="173" count="3" type="cond" truecount="3" falsecount="1"/>
        <line num="175" count="3" type="stmt"/>
        <line num="181" count="3" type="cond" truecount="3" falsecount="1"/>
        <line num="182" count="3" type="stmt"/>
        <line num="185" count="3" type="stmt"/>
        <line num="195" count="3" type="stmt"/>
        <line num="197" count="3" type="cond" truecount="4" falsecount="1"/>
        <line num="198" count="3" type="stmt"/>
        <line num="199" count="3" type="stmt"/>
        <line num="200" count="3" type="stmt"/>
        <line num="201" count="3" type="stmt"/>
        <line num="210" count="8" type="stmt"/>
      </file>
    </package>
    <package name="src.components.progress">
      <metrics statements="13" coveredstatements="13" conditionals="8" coveredconditionals="7" methods="2" coveredmethods="2"/>
      <file name="progress.ts" path="C:\repos\ProjectAmris\src\components\progress\progress.ts">
        <metrics statements="13" coveredstatements="13" conditionals="8" coveredconditionals="7" methods="2" coveredmethods="2"/>
        <line num="25" count="2" type="stmt"/>
        <line num="26" count="2" type="stmt"/>
        <line num="28" count="6" type="stmt"/>
        <line num="31" count="6" type="stmt"/>
        <line num="34" count="6" type="stmt"/>
        <line num="37" count="6" type="stmt"/>
        <line num="40" count="6" type="stmt"/>
        <line num="43" count="6" type="stmt"/>
        <line num="45" count="2" type="stmt"/>
        <line num="100" count="6" type="stmt"/>
        <line num="101" count="6" type="cond" truecount="1" falsecount="1"/>
        <line num="105" count="6" type="stmt"/>
        <line num="107" count="6" type="stmt"/>
      </file>
    </package>
    <package name="src.components.radio">
      <metrics statements="100" coveredstatements="100" conditionals="64" coveredconditionals="54" methods="22" coveredmethods="22"/>
      <file name="radio.ts" path="C:\repos\ProjectAmris\src\components\radio\radio.ts">
        <metrics statements="100" coveredstatements="100" conditionals="64" coveredconditionals="54" methods="22" coveredmethods="22"/>
        <line num="24" count="2" type="stmt"/>
        <line num="25" count="2" type="stmt"/>
        <line num="26" count="2" type="stmt"/>
        <line num="28" count="34" type="stmt"/>
        <line num="29" count="34" type="stmt"/>
        <line num="30" count="34" type="stmt"/>
        <line num="31" count="34" type="stmt"/>
        <line num="32" count="34" type="stmt"/>
        <line num="37" count="34" type="stmt"/>
        <line num="38" count="34" type="stmt"/>
        <line num="41" count="2" type="stmt"/>
        <line num="130" count="52" type="cond" truecount="1" falsecount="1"/>
        <line num="131" count="52" type="cond" truecount="2" falsecount="0"/>
        <line num="135" count="34" type="stmt"/>
        <line num="136" count="6" type="cond" truecount="2" falsecount="0"/>
        <line num="137" count="5" type="cond" truecount="2" falsecount="0"/>
        <line num="138" count="4" type="stmt"/>
        <line num="139" count="4" type="stmt"/>
        <line num="149" count="2" type="cond" truecount="3" falsecount="1"/>
        <line num="150" count="2" type="stmt"/>
        <line num="151" count="2" type="stmt"/>
        <line num="156" count="34" type="stmt"/>
        <line num="157" count="34" type="stmt"/>
        <line num="161" count="34" type="stmt"/>
        <line num="162" count="34" type="stmt"/>
        <line num="166" count="52" type="stmt"/>
        <line num="211" count="2" type="stmt"/>
        <line num="212" count="2" type="stmt"/>
        <line num="213" count="2" type="stmt"/>
        <line num="216" count="14" type="stmt"/>
        <line num="219" count="14" type="stmt"/>
        <line num="222" count="14" type="stmt"/>
        <line num="225" count="14" type="stmt"/>
        <line num="228" count="14" type="stmt"/>
        <line num="230" count="2" type="stmt"/>
        <line num="236" count="14" type="stmt"/>
        <line num="237" count="14" type="stmt"/>
        <line num="240" count="2" type="stmt"/>
        <line num="258" count="14" type="stmt"/>
        <line num="259" count="14" type="stmt"/>
        <line num="260" count="14" type="stmt"/>
        <line num="261" count="14" type="stmt"/>
        <line num="265" count="14" type="stmt"/>
        <line num="266" count="14" type="stmt"/>
        <line num="267" count="14" type="stmt"/>
        <line num="271" count="14" type="stmt"/>
        <line num="275" count="22" type="cond" truecount="2" falsecount="0"/>
        <line num="276" count="15" type="cond" truecount="2" falsecount="0"/>
        <line num="277" count="14" type="stmt"/>
        <line num="279" count="1" type="stmt"/>
        <line num="283" count="22" type="cond" truecount="2" falsecount="0"/>
        <line num="284" count="14" type="stmt"/>
        <line num="287" count="22" type="cond" truecount="2" falsecount="0"/>
        <line num="288" count="21" type="cond" truecount="2" falsecount="0"/>
        <line num="289" count="21" type="stmt"/>
        <line num="294" count="142" type="cond" truecount="1" falsecount="1"/>
        <line num="298" count="150" type="stmt"/>
        <line num="302" count="68" type="stmt"/>
        <line num="303" count="68" type="stmt"/>
        <line num="304" count="94" type="stmt"/>
        <line num="306" count="68" type="stmt"/>
        <line num="307" count="136" type="stmt"/>
        <line num="309" count="136" type="cond" truecount="2" falsecount="0"/>
        <line num="310" count="8" type="stmt"/>
        <line num="314" count="136" type="stmt"/>
        <line num="315" count="136" type="cond" truecount="2" falsecount="0"/>
        <line num="316" count="58" type="cond" truecount="2" falsecount="0"/>
        <line num="317" count="56" type="cond" truecount="2" falsecount="0"/>
        <line num="318" count="2" type="cond" truecount="1" falsecount="1"/>
        <line num="319" count="2" type="cond" truecount="2" falsecount="0"/>
        <line num="325" count="14" type="stmt"/>
        <line num="326" count="8" type="stmt"/>
        <line num="327" count="8" type="cond" truecount="2" falsecount="0"/>
        <line num="330" count="1" type="stmt"/>
        <line num="332" count="1" type="stmt"/>
        <line num="333" count="1" type="cond" truecount="1" falsecount="1"/>
        <line num="335" count="1" type="stmt"/>
        <line num="336" count="1" type="stmt"/>
        <line num="338" count="1" type="stmt"/>
        <line num="347" count="14" type="stmt"/>
        <line num="348" count="6" type="stmt"/>
        <line num="349" count="6" type="stmt"/>
        <line num="350" count="6" type="cond" truecount="1" falsecount="1"/>
        <line num="352" count="6" type="stmt"/>
        <line num="353" count="6" type="cond" truecount="1" falsecount="1"/>
        <line num="355" count="6" type="stmt"/>
        <line num="356" count="6" type="cond" truecount="1" falsecount="1"/>
        <line num="360" count="6" type="cond" truecount="4" falsecount="0"/>
        <line num="361" count="3" type="stmt"/>
        <line num="362" count="3" type="cond" truecount="3" falsecount="1"/>
        <line num="363" count="3" type="stmt"/>
        <line num="366" count="6" type="cond" truecount="1" falsecount="1"/>
        <line num="367" count="6" type="stmt"/>
        <line num="368" count="6" type="stmt"/>
        <line num="369" count="6" type="stmt"/>
        <line num="370" count="6" type="stmt"/>
        <line num="372" count="6" type="stmt"/>
        <line num="375" count="6" type="stmt"/>
        <line num="386" count="12" type="stmt"/>
        <line num="390" count="22" type="stmt"/>
      </file>
    </package>
    <package name="src.components.search-field">
      <metrics statements="30" coveredstatements="26" conditionals="14" coveredconditionals="11" methods="9" coveredmethods="6"/>
      <file name="search-field.ts" path="C:\repos\ProjectAmris\src\components\search-field\search-field.ts">
        <metrics statements="30" coveredstatements="26" conditionals="14" coveredconditionals="11" methods="9" coveredmethods="6"/>
        <line num="27" count="2" type="stmt"/>
        <line num="28" count="2" type="stmt"/>
        <line num="29" count="5" type="stmt"/>
        <line num="30" count="5" type="stmt"/>
        <line num="31" count="5" type="stmt"/>
        <line num="32" count="5" type="stmt"/>
        <line num="33" count="5" type="stmt"/>
        <line num="35" count="2" type="stmt"/>
        <line num="37" count="2" type="stmt"/>
        <line num="162" count="5" type="stmt"/>
        <line num="165" count="2" type="stmt"/>
        <line num="166" count="2" type="stmt"/>
        <line num="167" count="2" type="stmt"/>
        <line num="177" count="0" type="stmt"/>
        <line num="187" count="1" type="stmt"/>
        <line num="191" count="0" type="stmt"/>
        <line num="195" count="1" type="cond" truecount="1" falsecount="1"/>
        <line num="196" count="1" type="stmt"/>
        <line num="204" count="1" type="cond" truecount="1" falsecount="1"/>
        <line num="205" count="0" type="stmt"/>
        <line num="210" count="1" type="stmt"/>
        <line num="211" count="1" type="stmt"/>
        <line num="212" count="1" type="stmt"/>
        <line num="215" count="1" type="stmt"/>
        <line num="222" count="1" type="stmt"/>
        <line num="232" count="1" type="stmt"/>
        <line num="237" count="0" type="stmt"/>
        <line num="241" count="9" type="cond" truecount="2" falsecount="0"/>
        <line num="243" count="9" type="stmt"/>
        <line num="251" count="9" type="stmt"/>
      </file>
    </package>
    <package name="src.components.select">
      <metrics statements="150" coveredstatements="136" conditionals="109" coveredconditionals="90" methods="38" coveredmethods="34"/>
      <file name="select.ts" path="C:\repos\ProjectAmris\src\components\select\select.ts">
        <metrics statements="150" coveredstatements="136" conditionals="109" coveredconditionals="90" methods="38" coveredmethods="34"/>
        <line num="23" count="2" type="stmt"/>
        <line num="24" count="2" type="stmt"/>
        <line num="26" count="37" type="stmt"/>
        <line num="29" count="37" type="stmt"/>
        <line num="32" count="37" type="stmt"/>
        <line num="35" count="37" type="stmt"/>
        <line num="37" count="2" type="stmt"/>
        <line num="85" count="37" type="stmt"/>
        <line num="86" count="37" type="stmt"/>
        <line num="87" count="37" type="stmt"/>
        <line num="91" count="37" type="stmt"/>
        <line num="92" count="37" type="stmt"/>
        <line num="96" count="46" type="cond" truecount="2" falsecount="0"/>
        <line num="97" count="43" type="stmt"/>
        <line num="99" count="46" type="cond" truecount="2" falsecount="0"/>
        <line num="100" count="38" type="cond" truecount="2" falsecount="0"/>
        <line num="101" count="3" type="stmt"/>
        <line num="103" count="35" type="stmt"/>
        <line num="108" count="37" type="stmt"/>
        <line num="109" count="5" type="cond" truecount="2" falsecount="0"/>
        <line num="110" count="4" type="stmt"/>
        <line num="120" count="46" type="stmt"/>
        <line num="157" count="2" type="stmt"/>
        <line num="158" count="2" type="stmt"/>
        <line num="159" count="2" type="stmt"/>
        <line num="162" count="22" type="stmt"/>
        <line num="165" count="22" type="stmt"/>
        <line num="168" count="22" type="stmt"/>
        <line num="171" count="22" type="stmt"/>
        <line num="174" count="22" type="stmt"/>
        <line num="177" count="22" type="stmt"/>
        <line num="180" count="22" type="stmt"/>
        <line num="183" count="22" type="stmt"/>
        <line num="186" count="22" type="stmt"/>
        <line num="189" count="22" type="stmt"/>
        <line num="191" count="22" type="stmt"/>
        <line num="192" count="22" type="stmt"/>
        <line num="193" count="22" type="stmt"/>
        <line num="195" count="2" type="stmt"/>
        <line num="196" count="2" type="stmt"/>
        <line num="198" count="2" type="stmt"/>
        <line num="202" count="22" type="stmt"/>
        <line num="203" count="22" type="stmt"/>
        <line num="206" count="22" type="stmt"/>
        <line num="207" count="22" type="stmt"/>
        <line num="210" count="2" type="stmt"/>
        <line num="420" count="63" type="cond" truecount="4" falsecount="0"/>
        <line num="425" count="109" type="cond" truecount="1" falsecount="1"/>
        <line num="426" count="109" type="stmt"/>
        <line num="427" count="109" type="cond" truecount="3" falsecount="1"/>
        <line num="431" count="22" type="stmt"/>
        <line num="432" count="22" type="stmt"/>
        <line num="433" count="22" type="stmt"/>
        <line num="437" count="22" type="stmt"/>
        <line num="438" count="22" type="stmt"/>
        <line num="439" count="22" type="stmt"/>
        <line num="440" count="22" type="stmt"/>
        <line num="444" count="65" type="cond" truecount="2" falsecount="0"/>
        <line num="445" count="28" type="stmt"/>
        <line num="446" count="28" type="stmt"/>
        <line num="448" count="65" type="cond" truecount="2" falsecount="0"/>
        <line num="449" count="39" type="cond" truecount="2" falsecount="0"/>
        <line num="450" count="11" type="stmt"/>
        <line num="452" count="28" type="stmt"/>
        <line num="453" count="28" type="stmt"/>
        <line num="459" count="11" type="stmt"/>
        <line num="460" count="11" type="cond" truecount="3" falsecount="1"/>
        <line num="461" count="11" type="stmt"/>
        <line num="465" count="50" type="cond" truecount="1" falsecount="1"/>
        <line num="466" count="50" type="stmt"/>
        <line num="467" count="78" type="stmt"/>
        <line num="472" count="11" type="cond" truecount="3" falsecount="1"/>
        <line num="474" count="11" type="stmt"/>
        <line num="486" count="11" type="stmt"/>
        <line num="495" count="11" type="stmt"/>
        <line num="502" count="11" type="cond" truecount="4" falsecount="0"/>
        <line num="503" count="9" type="stmt"/>
        <line num="504" count="9" type="cond" truecount="1" falsecount="1"/>
        <line num="505" count="9" type="stmt"/>
        <line num="510" count="6" type="stmt"/>
        <line num="511" count="6" type="stmt"/>
        <line num="512" count="6" type="stmt"/>
        <line num="516" count="9" type="stmt"/>
        <line num="519" count="22" type="stmt"/>
        <line num="520" count="3" type="stmt"/>
        <line num="521" count="3" type="cond" truecount="2" falsecount="0"/>
        <line num="522" count="2" type="stmt"/>
        <line num="523" count="2" type="stmt"/>
        <line num="531" count="3" type="stmt"/>
        <line num="532" count="3" type="stmt"/>
        <line num="536" count="13" type="cond" truecount="2" falsecount="0"/>
        <line num="537" count="8" type="stmt"/>
        <line num="538" count="8" type="cond" truecount="2" falsecount="0"/>
        <line num="539" count="1" type="stmt"/>
        <line num="544" count="5" type="stmt"/>
        <line num="548" count="0" type="stmt"/>
        <line num="552" count="6" type="stmt"/>
        <line num="554" count="6" type="cond" truecount="6" falsecount="0"/>
        <line num="557" count="2" type="stmt"/>
        <line num="558" count="2" type="cond" truecount="2" falsecount="3"/>
        <line num="559" count="0" type="stmt"/>
        <line num="560" count="0" type="stmt"/>
        <line num="562" count="2" type="stmt"/>
        <line num="564" count="2" type="stmt"/>
        <line num="567" count="1" type="stmt"/>
        <line num="568" count="1" type="cond" truecount="1" falsecount="1"/>
        <line num="569" count="1" type="stmt"/>
        <line num="570" count="1" type="stmt"/>
        <line num="571" count="1" type="stmt"/>
        <line num="573" count="0" type="stmt"/>
        <line num="575" count="1" type="stmt"/>
        <line num="578" count="1" type="stmt"/>
        <line num="579" count="1" type="cond" truecount="1" falsecount="1"/>
        <line num="580" count="1" type="stmt"/>
        <line num="581" count="1" type="stmt"/>
        <line num="582" count="1" type="stmt"/>
        <line num="584" count="0" type="stmt"/>
        <line num="586" count="1" type="stmt"/>
        <line num="589" count="1" type="stmt"/>
        <line num="590" count="1" type="stmt"/>
        <line num="591" count="1" type="stmt"/>
        <line num="592" count="1" type="stmt"/>
        <line num="595" count="1" type="stmt"/>
        <line num="596" count="1" type="stmt"/>
        <line num="601" count="21" type="cond" truecount="1" falsecount="1"/>
        <line num="605" count="0" type="cond" truecount="0" falsecount="2"/>
        <line num="606" count="0" type="stmt"/>
        <line num="607" count="0" type="cond" truecount="0" falsecount="2"/>
        <line num="608" count="0" type="cond" truecount="0" falsecount="2"/>
        <line num="609" count="0" type="stmt"/>
        <line num="610" count="0" type="stmt"/>
        <line num="611" count="0" type="stmt"/>
        <line num="615" count="8" type="cond" truecount="2" falsecount="0"/>
        <line num="616" count="8" type="stmt"/>
        <line num="617" count="15" type="stmt"/>
        <line num="622" count="0" type="stmt"/>
        <line num="626" count="1" type="stmt"/>
        <line num="627" count="1" type="cond" truecount="1" falsecount="1"/>
        <line num="628" count="1" type="stmt"/>
        <line num="629" count="1" type="stmt"/>
        <line num="637" count="1" type="stmt"/>
        <line num="641" count="22" type="stmt"/>
        <line num="642" count="22" type="stmt"/>
        <line num="647" count="0" type="stmt"/>
        <line num="651" count="65" type="stmt"/>
        <line num="652" count="65" type="cond" truecount="2" falsecount="0"/>
        <line num="653" count="65" type="stmt"/>
        <line num="654" count="65" type="cond" truecount="4" falsecount="0"/>
        <line num="656" count="65" type="stmt"/>
        <line num="665" count="65" type="stmt"/>
      </file>
    </package>
    <package name="src.components.skeleton">
      <metrics statements="8" coveredstatements="8" conditionals="0" coveredconditionals="0" methods="1" coveredmethods="1"/>
      <file name="skeleton.ts" path="C:\repos\ProjectAmris\src\components\skeleton\skeleton.ts">
        <metrics statements="8" coveredstatements="8" conditionals="0" coveredconditionals="0" methods="1" coveredmethods="1"/>
        <line num="24" count="2" type="stmt"/>
        <line num="25" count="2" type="stmt"/>
        <line num="26" count="5" type="stmt"/>
        <line num="29" count="5" type="stmt"/>
        <line num="31" count="2" type="stmt"/>
        <line num="76" count="5" type="stmt"/>
        <line num="77" count="5" type="stmt"/>
        <line num="78" count="5" type="stmt"/>
      </file>
    </package>
    <package name="src.components.slider">
      <metrics statements="24" coveredstatements="24" conditionals="7" coveredconditionals="4" methods="5" coveredmethods="5"/>
      <file name="slider.ts" path="C:\repos\ProjectAmris\src\components\slider\slider.ts">
        <metrics statements="24" coveredstatements="24" conditionals="7" coveredconditionals="4" methods="5" coveredmethods="5"/>
        <line num="20" count="2" type="stmt"/>
        <line num="21" count="2" type="stmt"/>
        <line num="22" count="2" type="stmt"/>
        <line num="24" count="6" type="stmt"/>
        <line num="25" count="6" type="stmt"/>
        <line num="26" count="6" type="stmt"/>
        <line num="27" count="6" type="stmt"/>
        <line num="28" count="6" type="stmt"/>
        <line num="29" count="6" type="stmt"/>
        <line num="30" count="6" type="stmt"/>
        <line num="35" count="6" type="stmt"/>
        <line num="36" count="6" type="stmt"/>
        <line num="39" count="2" type="stmt"/>
        <line num="166" count="7" type="cond" truecount="2" falsecount="3"/>
        <line num="167" count="7" type="stmt"/>
        <line num="168" count="7" type="stmt"/>
        <line num="169" count="7" type="stmt"/>
        <line num="174" count="1" type="stmt"/>
        <line num="175" count="1" type="stmt"/>
        <line num="176" count="1" type="stmt"/>
        <line num="180" count="1" type="stmt"/>
        <line num="181" count="1" type="stmt"/>
        <line num="182" count="1" type="stmt"/>
        <line num="186" count="7" type="stmt"/>
      </file>
    </package>
    <package name="src.components.spinner">
      <metrics statements="8" coveredstatements="8" conditionals="0" coveredconditionals="0" methods="1" coveredmethods="1"/>
      <file name="spinner.ts" path="C:\repos\ProjectAmris\src\components\spinner\spinner.ts">
        <metrics statements="8" coveredstatements="8" conditionals="0" coveredconditionals="0" methods="1" coveredmethods="1"/>
        <line num="14" count="2" type="stmt"/>
        <line num="15" count="2" type="stmt"/>
        <line num="17" count="2" type="stmt"/>
        <line num="18" count="5" type="stmt"/>
        <line num="21" count="2" type="stmt"/>
        <line num="22" count="5" type="stmt"/>
        <line num="24" count="2" type="stmt"/>
        <line num="77" count="5" type="stmt"/>
      </file>
    </package>
    <package name="src.components.switch">
      <metrics statements="26" coveredstatements="26" conditionals="22" coveredconditionals="17" methods="7" coveredmethods="7"/>
      <file name="switch.ts" path="C:\repos\ProjectAmris\src\components\switch\switch.ts">
        <metrics statements="26" coveredstatements="26" conditionals="22" coveredconditionals="17" methods="7" coveredmethods="7"/>
        <line num="21" count="2" type="stmt"/>
        <line num="22" count="2" type="stmt"/>
        <line num="23" count="2" type="stmt"/>
        <line num="25" count="3" type="stmt"/>
        <line num="26" count="3" type="stmt"/>
        <line num="27" count="3" type="stmt"/>
        <line num="28" count="3" type="stmt"/>
        <line num="29" count="3" type="stmt"/>
        <line num="30" count="3" type="stmt"/>
        <line num="35" count="3" type="stmt"/>
        <line num="36" count="3" type="stmt"/>
        <line num="39" count="2" type="stmt"/>
        <line num="135" count="6" type="cond" truecount="2" falsecount="0"/>
        <line num="136" count="5" type="cond" truecount="2" falsecount="0"/>
        <line num="140" count="3" type="stmt"/>
        <line num="141" count="3" type="cond" truecount="4" falsecount="0"/>
        <line num="142" count="2" type="stmt"/>
        <line num="143" count="2" type="stmt"/>
        <line num="147" count="1" type="cond" truecount="2" falsecount="2"/>
        <line num="148" count="1" type="stmt"/>
        <line num="149" count="1" type="stmt"/>
        <line num="154" count="3" type="stmt"/>
        <line num="155" count="3" type="stmt"/>
        <line num="159" count="3" type="stmt"/>
        <line num="160" count="3" type="stmt"/>
        <line num="164" count="6" type="stmt"/>
      </file>
    </package>
    <package name="src.components.tabs">
      <metrics statements="66" coveredstatements="66" conditionals="32" coveredconditionals="30" methods="16" coveredmethods="16"/>
      <file name="tabs.ts" path="C:\repos\ProjectAmris\src\components\tabs\tabs.ts">
        <metrics statements="66" coveredstatements="66" conditionals="32" coveredconditionals="30" methods="16" coveredmethods="16"/>
        <line num="17" count="2" type="stmt"/>
        <line num="18" count="2" type="stmt"/>
        <line num="20" count="50" type="stmt"/>
        <line num="23" count="50" type="stmt"/>
        <line num="26" count="50" type="stmt"/>
        <line num="29" count="50" type="stmt"/>
        <line num="31" count="2" type="stmt"/>
        <line num="147" count="99" type="stmt"/>
        <line num="170" count="2" type="stmt"/>
        <line num="171" count="2" type="stmt"/>
        <line num="173" count="50" type="stmt"/>
        <line num="176" count="50" type="stmt"/>
        <line num="178" count="2" type="stmt"/>
        <line num="184" count="50" type="stmt"/>
        <line num="185" count="50" type="stmt"/>
        <line num="189" count="91" type="stmt"/>
        <line num="218" count="2" type="stmt"/>
        <line num="219" count="2" type="stmt"/>
        <line num="221" count="17" type="stmt"/>
        <line num="224" count="17" type="stmt"/>
        <line num="226" count="2" type="stmt"/>
        <line num="229" count="2" type="stmt"/>
        <line num="285" count="17" type="stmt"/>
        <line num="286" count="17" type="stmt"/>
        <line num="287" count="17" type="stmt"/>
        <line num="291" count="17" type="stmt"/>
        <line num="292" count="17" type="stmt"/>
        <line num="293" count="17" type="stmt"/>
        <line num="297" count="17" type="stmt"/>
        <line num="298" count="17" type="stmt"/>
        <line num="302" count="46" type="cond" truecount="1" falsecount="1"/>
        <line num="303" count="46" type="stmt"/>
        <line num="306" count="46" type="cond" truecount="4" falsecount="0"/>
        <line num="307" count="16" type="stmt"/>
        <line num="310" count="46" type="stmt"/>
        <line num="311" count="136" type="stmt"/>
        <line num="312" count="136" type="stmt"/>
        <line num="315" count="46" type="stmt"/>
        <line num="316" count="136" type="stmt"/>
        <line num="321" count="46" type="stmt"/>
        <line num="324" count="17" type="stmt"/>
        <line num="325" count="7" type="stmt"/>
        <line num="326" count="7" type="cond" truecount="4" falsecount="0"/>
        <line num="327" count="6" type="stmt"/>
        <line num="330" count="17" type="stmt"/>
        <line num="331" count="8" type="stmt"/>
        <line num="332" count="8" type="cond" truecount="1" falsecount="1"/>
        <line num="334" count="24" type="stmt"/>
        <line num="335" count="8" type="stmt"/>
        <line num="338" count="8" type="stmt"/>
        <line num="339" count="8" type="cond" truecount="2" falsecount="0"/>
        <line num="340" count="8" type="cond" truecount="2" falsecount="0"/>
        <line num="342" count="8" type="cond" truecount="2" falsecount="0"/>
        <line num="343" count="5" type="cond" truecount="2" falsecount="0"/>
        <line num="344" count="3" type="cond" truecount="2" falsecount="0"/>
        <line num="345" count="2" type="cond" truecount="2" falsecount="0"/>
        <line num="347" count="8" type="cond" truecount="2" falsecount="0"/>
        <line num="348" count="7" type="stmt"/>
        <line num="349" count="7" type="stmt"/>
        <line num="350" count="7" type="stmt"/>
        <line num="355" count="13" type="cond" truecount="2" falsecount="0"/>
        <line num="356" count="12" type="stmt"/>
        <line num="357" count="12" type="stmt"/>
        <line num="358" count="12" type="stmt"/>
        <line num="362" count="17" type="stmt"/>
        <line num="366" count="45" type="stmt"/>
      </file>
    </package>
    <package name="src.components.textarea">
      <metrics statements="41" coveredstatements="38" conditionals="36" coveredconditionals="35" methods="11" coveredmethods="8"/>
      <file name="textarea.ts" path="C:\repos\ProjectAmris\src\components\textarea\textarea.ts">
        <metrics statements="41" coveredstatements="38" conditionals="36" coveredconditionals="35" methods="11" coveredmethods="8"/>
        <line num="28" count="2" type="stmt"/>
        <line num="29" count="2" type="stmt"/>
        <line num="30" count="2" type="stmt"/>
        <line num="33" count="5" type="stmt"/>
        <line num="35" count="5" type="stmt"/>
        <line num="36" count="5" type="stmt"/>
        <line num="37" count="5" type="stmt"/>
        <line num="38" count="5" type="stmt"/>
        <line num="39" count="5" type="stmt"/>
        <line num="40" count="5" type="stmt"/>
        <line num="41" count="5" type="stmt"/>
        <line num="42" count="5" type="stmt"/>
        <line num="43" count="5" type="stmt"/>
        <line num="44" count="5" type="stmt"/>
        <line num="45" count="2" type="stmt"/>
        <line num="46" count="2" type="stmt"/>
        <line num="48" count="2" type="stmt"/>
        <line num="52" count="5" type="stmt"/>
        <line num="53" count="5" type="stmt"/>
        <line num="56" count="2" type="stmt"/>
        <line num="191" count="5" type="stmt"/>
        <line num="194" count="6" type="cond" truecount="2" falsecount="0"/>
        <line num="198" count="8" type="cond" truecount="2" falsecount="0"/>
        <line num="199" count="7" type="stmt"/>
        <line num="204" count="1" type="stmt"/>
        <line num="205" count="1" type="stmt"/>
        <line num="209" count="0" type="stmt"/>
        <line num="212" count="2" type="stmt"/>
        <line num="213" count="0" type="stmt"/>
        <line num="216" count="1" type="stmt"/>
        <line num="217" count="1" type="stmt"/>
        <line num="218" count="1" type="stmt"/>
        <line num="219" count="1" type="stmt"/>
        <line num="220" count="1" type="stmt"/>
        <line num="224" count="1" type="stmt"/>
        <line num="227" count="0" type="stmt"/>
        <line num="230" count="8" type="stmt"/>
        <line num="231" count="8" type="cond" truecount="2" falsecount="0"/>
        <line num="232" count="8" type="cond" truecount="4" falsecount="0"/>
        <line num="234" count="8" type="stmt"/>
        <line num="243" count="8" type="stmt"/>
      </file>
    </package>
    <package name="src.components.toast">
      <metrics statements="71" coveredstatements="71" conditionals="42" coveredconditionals="39" methods="17" coveredmethods="17"/>
      <file name="toast.ts" path="C:\repos\ProjectAmris\src\components\toast\toast.ts">
        <metrics statements="71" coveredstatements="71" conditionals="42" coveredconditionals="39" methods="17" coveredmethods="17"/>
        <line num="26" count="2" type="stmt"/>
        <line num="27" count="2" type="stmt"/>
        <line num="28" count="23" type="stmt"/>
        <line num="29" count="23" type="stmt"/>
        <line num="30" count="23" type="stmt"/>
        <line num="33" count="23" type="stmt"/>
        <line num="35" count="23" type="stmt"/>
        <line num="36" count="23" type="stmt"/>
        <line num="37" count="23" type="stmt"/>
        <line num="39" count="2" type="stmt"/>
        <line num="184" count="23" type="stmt"/>
        <line num="185" count="23" type="stmt"/>
        <line num="186" count="23" type="stmt"/>
        <line num="187" count="23" type="stmt"/>
        <line num="191" count="23" type="stmt"/>
        <line num="192" count="23" type="stmt"/>
        <line num="196" count="30" type="cond" truecount="4" falsecount="0"/>
        <line num="197" count="29" type="stmt"/>
        <line num="198" count="29" type="cond" truecount="2" falsecount="0"/>
        <line num="203" count="45" type="cond" truecount="4" falsecount="0"/>
        <line num="204" count="38" type="stmt"/>
        <line num="205" count="38" type="stmt"/>
        <line num="206" count="38" type="stmt"/>
        <line num="211" count="58" type="cond" truecount="2" falsecount="0"/>
        <line num="212" count="37" type="stmt"/>
        <line num="213" count="37" type="stmt"/>
        <line num="218" count="1" type="cond" truecount="3" falsecount="1"/>
        <line num="219" count="1" type="stmt"/>
        <line num="220" count="1" type="stmt"/>
        <line num="221" count="1" type="stmt"/>
        <line num="226" count="1" type="cond" truecount="4" falsecount="1"/>
        <line num="227" count="1" type="stmt"/>
        <line num="228" count="1" type="stmt"/>
        <line num="233" count="30" type="cond" truecount="5" falsecount="0"/>
        <line num="235" count="2" type="stmt"/>
        <line num="237" count="4" type="stmt"/>
        <line num="239" count="2" type="stmt"/>
        <line num="241" count="1" type="stmt"/>
        <line num="243" count="21" type="stmt"/>
        <line num="248" count="6" type="stmt"/>
        <line num="249" count="6" type="stmt"/>
        <line num="250" count="6" type="stmt"/>
        <line num="251" count="6" type="stmt"/>
        <line num="252" count="6" type="cond" truecount="1" falsecount="1"/>
        <line num="253" count="6" type="stmt"/>
        <line num="254" count="6" type="stmt"/>
        <line num="255" count="6" type="stmt"/>
        <line num="256" count="6" type="stmt"/>
        <line num="258" count="6" type="stmt"/>
        <line num="259" count="6" type="stmt"/>
        <line num="263" count="30" type="stmt"/>
        <line num="311" count="2" type="stmt"/>
        <line num="312" count="2" type="stmt"/>
        <line num="313" count="7" type="stmt"/>
        <line num="315" count="2" type="stmt"/>
        <line num="364" count="2" type="stmt"/>
        <line num="365" count="2" type="cond" truecount="2" falsecount="0"/>
        <line num="366" count="1" type="stmt"/>
        <line num="367" count="1" type="stmt"/>
        <line num="369" count="2" type="stmt"/>
        <line num="382" count="5" type="stmt"/>
        <line num="383" count="5" type="cond" truecount="2" falsecount="0"/>
        <line num="384" count="5" type="cond" truecount="2" falsecount="0"/>
        <line num="385" count="5" type="cond" truecount="2" falsecount="0"/>
        <line num="386" count="5" type="stmt"/>
        <line num="387" count="5" type="stmt"/>
        <line num="389" count="5" type="stmt"/>
        <line num="390" count="1" type="stmt"/>
        <line num="393" count="5" type="stmt"/>
        <line num="394" count="5" type="stmt"/>
        <line num="398" count="7" type="stmt"/>
      </file>
    </package>
    <package name="src.components.tooltip">
      <metrics statements="47" coveredstatements="47" conditionals="22" coveredconditionals="16" methods="9" coveredmethods="9"/>
      <file name="tooltip.ts" path="C:\repos\ProjectAmris\src\components\tooltip\tooltip.ts">
        <metrics statements="47" coveredstatements="47" conditionals="22" coveredconditionals="16" methods="9" coveredmethods="9"/>
        <line num="26" count="2" type="stmt"/>
        <line num="27" count="2" type="stmt"/>
        <line num="29" count="6" type="stmt"/>
        <line num="32" count="6" type="stmt"/>
        <line num="35" count="6" type="stmt"/>
        <line num="38" count="6" type="stmt"/>
        <line num="40" count="2" type="stmt"/>
        <line num="41" count="2" type="stmt"/>
        <line num="43" count="6" type="stmt"/>
        <line num="46" count="6" type="stmt"/>
        <line num="48" count="2" type="stmt"/>
        <line num="98" count="6" type="stmt"/>
        <line num="99" count="6" type="stmt"/>
        <line num="100" count="6" type="stmt"/>
        <line num="101" count="6" type="stmt"/>
        <line num="102" count="6" type="stmt"/>
        <line num="105" count="6" type="stmt"/>
        <line num="106" count="3" type="cond" truecount="4" falsecount="0"/>
        <line num="107" count="2" type="stmt"/>
        <line num="108" count="2" type="stmt"/>
        <line num="109" count="2" type="stmt"/>
        <line num="110" count="2" type="stmt"/>
        <line num="111" count="2" type="stmt"/>
        <line num="112" count="2" type="stmt"/>
        <line num="116" count="6" type="stmt"/>
        <line num="117" count="1" type="stmt"/>
        <line num="118" count="1" type="stmt"/>
        <line num="119" count="1" type="stmt"/>
        <line num="120" count="1" type="stmt"/>
        <line num="121" count="1" type="stmt"/>
        <line num="122" count="1" type="stmt"/>
        <line num="123" count="1" type="stmt"/>
        <line num="128" count="2" type="stmt"/>
        <line num="129" count="2" type="stmt"/>
        <line num="130" count="2" type="cond" truecount="3" falsecount="1"/>
        <line num="131" count="2" type="stmt"/>
        <line num="135" count="2" type="cond" truecount="1" falsecount="1"/>
        <line num="137" count="2" type="stmt"/>
        <line num="138" count="2" type="cond" truecount="3" falsecount="1"/>
        <line num="140" count="2" type="stmt"/>
        <line num="155" count="2" type="stmt"/>
        <line num="157" count="2" type="cond" truecount="1" falsecount="1"/>
        <line num="158" count="2" type="stmt"/>
        <line num="159" count="2" type="stmt"/>
        <line num="160" count="2" type="stmt"/>
        <line num="161" count="2" type="stmt"/>
        <line num="170" count="9" type="stmt"/>
      </file>
    </package>
    <package name="src.components.tree-view">
      <metrics statements="54" coveredstatements="54" conditionals="24" coveredconditionals="23" methods="13" coveredmethods="13"/>
      <file name="tree-view.ts" path="C:\repos\ProjectAmris\src\components\tree-view\tree-view.ts">
        <metrics statements="54" coveredstatements="54" conditionals="24" coveredconditionals="23" methods="13" coveredmethods="13"/>
        <line num="25" count="2" type="stmt"/>
        <line num="26" count="2" type="stmt"/>
        <line num="27" count="20" type="stmt"/>
        <line num="28" count="20" type="stmt"/>
        <line num="29" count="20" type="stmt"/>
        <line num="30" count="20" type="stmt"/>
        <line num="31" count="20" type="stmt"/>
        <line num="33" count="20" type="stmt"/>
        <line num="35" count="20" type="stmt"/>
        <line num="37" count="2" type="stmt"/>
        <line num="108" count="20" type="stmt"/>
        <line num="111" count="20" type="stmt"/>
        <line num="112" count="20" type="stmt"/>
        <line num="116" count="6" type="stmt"/>
        <line num="117" count="6" type="stmt"/>
        <line num="118" count="6" type="stmt"/>
        <line num="120" count="6" type="stmt"/>
        <line num="121" count="6" type="stmt"/>
        <line num="123" count="6" type="stmt"/>
        <line num="127" count="8" type="stmt"/>
        <line num="128" count="8" type="cond" truecount="1" falsecount="1"/>
        <line num="130" count="8" type="cond" truecount="2" falsecount="0"/>
        <line num="131" count="2" type="stmt"/>
        <line num="132" count="2" type="stmt"/>
        <line num="138" count="8" type="stmt"/>
        <line num="139" count="8" type="stmt"/>
        <line num="146" count="4" type="cond" truecount="4" falsecount="0"/>
        <line num="147" count="2" type="stmt"/>
        <line num="148" count="2" type="stmt"/>
        <line num="150" count="4" type="cond" truecount="5" falsecount="0"/>
        <line num="151" count="1" type="stmt"/>
        <line num="152" count="1" type="stmt"/>
        <line num="154" count="4" type="cond" truecount="5" falsecount="0"/>
        <line num="155" count="1" type="stmt"/>
        <line num="156" count="1" type="stmt"/>
        <line num="161" count="43" type="stmt"/>
        <line num="163" count="43" type="stmt"/>
        <line num="164" count="43" type="cond" truecount="2" falsecount="0"/>
        <line num="165" count="10" type="stmt"/>
        <line num="167" count="33" type="stmt"/>
        <line num="172" count="43" type="stmt"/>
        <line num="210" count="2" type="stmt"/>
        <line num="211" count="2" type="stmt"/>
        <line num="212" count="2" type="stmt"/>
        <line num="223" count="3" type="stmt"/>
        <line num="224" count="3" type="stmt"/>
        <line num="225" count="3" type="stmt"/>
        <line num="229" count="3" type="stmt"/>
        <line num="230" count="3" type="stmt"/>
        <line num="233" count="4" type="stmt"/>
        <line num="235" count="2" type="stmt"/>
        <line num="236" count="2" type="stmt"/>
        <line num="237" count="4" type="cond" truecount="2" falsecount="0"/>
        <line num="242" count="3" type="stmt"/>
      </file>
    </package>
    <package name="src.styles">
      <metrics statements="2" coveredstatements="2" conditionals="0" coveredconditionals="0" methods="0" coveredmethods="0"/>
      <file name="reset.css.ts" path="C:\repos\ProjectAmris\src\styles\reset.css.ts">
        <metrics statements="2" coveredstatements="2" conditionals="0" coveredconditionals="0" methods="0" coveredmethods="0"/>
        <line num="7" count="30" type="stmt"/>
        <line num="28" count="30" type="stmt"/>
      </file>
    </package>
    <package name="src.utilities">
      <metrics statements="2" coveredstatements="2" conditionals="1" coveredconditionals="1" methods="1" coveredmethods="1"/>
      <file name="unique-id.ts" path="C:\repos\ProjectAmris\src\utilities\unique-id.ts">
        <metrics statements="2" coveredstatements="2" conditionals="1" coveredconditionals="1" methods="1" coveredmethods="1"/>
        <line num="1" count="2" type="stmt"/>
        <line num="7" count="14" type="stmt"/>
      </file>
    </package>
    <package name="test">
      <metrics statements="46" coveredstatements="38" conditionals="17" coveredconditionals="8" methods="16" coveredmethods="13"/>
      <file name="a11y-helper.ts" path="C:\repos\ProjectAmris\test\a11y-helper.ts">
        <metrics statements="9" coveredstatements="7" conditionals="1" coveredconditionals="1" methods="4" coveredmethods="2"/>
        <line num="11" count="35" type="stmt"/>
        <line num="16" count="35" type="stmt"/>
        <line num="17" count="35" type="stmt"/>
        <line num="18" count="70" type="stmt"/>
        <line num="21" count="35" type="stmt"/>
        <line num="22" count="35" type="stmt"/>
        <line num="29" count="35" type="stmt"/>
        <line num="31" count="0" type="stmt"/>
        <line num="32" count="0" type="stmt"/>
      </file>
      <file name="helpers.ts" path="C:\repos\ProjectAmris\test\helpers.ts">
        <metrics statements="37" coveredstatements="31" conditionals="16" coveredconditionals="7" methods="12" coveredmethods="11"/>
        <line num="6" count="296" type="stmt"/>
        <line num="7" count="296" type="stmt"/>
        <line num="8" count="296" type="stmt"/>
        <line num="12" count="278" type="stmt"/>
        <line num="13" count="278" type="stmt"/>
        <line num="15" count="278" type="stmt"/>
        <line num="16" count="278" type="cond" truecount="1" falsecount="1"/>
        <line num="17" count="0" type="stmt"/>
        <line num="20" count="278" type="stmt"/>
        <line num="24" count="520" type="stmt"/>
        <line num="25" count="520" type="cond" truecount="1" falsecount="1"/>
        <line num="26" count="520" type="stmt"/>
        <line num="29" count="520" type="stmt"/>
        <line num="33" count="152" type="stmt"/>
        <line num="34" count="152" type="cond" truecount="1" falsecount="1"/>
        <line num="35" count="0" type="stmt"/>
        <line num="38" count="152" type="stmt"/>
        <line num="42" count="65" type="stmt"/>
        <line num="50" count="65" type="cond" truecount="1" falsecount="1"/>
        <line num="51" count="65" type="stmt"/>
        <line num="60" count="36" type="stmt"/>
        <line num="69" count="36" type="cond" truecount="1" falsecount="1"/>
        <line num="70" count="36" type="stmt"/>
        <line num="79" count="4" type="stmt"/>
        <line num="80" count="4" type="stmt"/>
        <line num="82" count="4" type="cond" truecount="1" falsecount="1"/>
        <line num="83" count="4" type="stmt"/>
        <line num="91" count="0" type="stmt"/>
        <line num="93" count="0" type="cond" truecount="0" falsecount="2"/>
        <line num="94" count="0" type="stmt"/>
        <line num="102" count="69" type="stmt"/>
        <line num="103" count="69" type="stmt"/>
        <line num="106" count="69" type="stmt"/>
        <line num="114" count="9" type="stmt"/>
        <line num="115" count="9" type="cond" truecount="1" falsecount="1"/>
        <line num="116" count="0" type="stmt"/>
        <line num="119" count="9" type="stmt"/>
      </file>
    </package>
  </project>
</coverage>
