{"C:\\repos\\ProjectAmris\\src\\components\\accordion\\accordion.ts": {"path":"C:\\repos\\ProjectAmris\\src\\components\\accordion\\accordion.ts","statementMap":{"0":{"start":{"line":23,"column":7},"end":{"line":146,"column":null}},"1":{"start":{"line":24,"column":53},"end":{"line":24,"column":null}},"2":{"start":{"line":25,"column":57},"end":{"line":25,"column":null}},"3":{"start":{"line":27,"column":22},"end":{"line":27,"column":null}},"4":{"start":{"line":28,"column":20},"end":{"line":28,"column":null}},"5":{"start":{"line":30,"column":18},"end":{"line":108,"column":null}},"6":{"start":{"line":111,"column":4},"end":{"line":111,"column":null}},"7":{"start":{"line":111,"column":23},"end":{"line":111,"column":null}},"8":{"start":{"line":112,"column":4},"end":{"line":112,"column":null}},"9":{"start":{"line":113,"column":4},"end":{"line":113,"column":null}},"10":{"start":{"line":117,"column":4},"end":{"line":119,"column":null}},"11":{"start":{"line":118,"column":6},"end":{"line":118,"column":null}},"12":{"start":{"line":119,"column":6},"end":{"line":119,"column":null}},"13":{"start":{"line":124,"column":4},"end":{"line":146,"column":null}},"14":{"start":{"line":24,"column":3},"end":{"line":24,"column":53}},"15":{"start":{"line":25,"column":3},"end":{"line":25,"column":57}},"16":{"start":{"line":22,"column":1},"end":{"line":22,"column":null}},"17":{"start":{"line":181,"column":7},"end":{"line":217,"column":null}},"18":{"start":{"line":183,"column":55},"end":{"line":183,"column":null}},"19":{"start":{"line":207,"column":27},"end":{"line":212,"column":null}},"20":{"start":{"line":208,"column":4},"end":{"line":208,"column":null}},"21":{"start":{"line":208,"column":22},"end":{"line":208,"column":null}},"22":{"start":{"line":209,"column":20},"end":{"line":209,"column":null}},"23":{"start":{"line":210,"column":4},"end":{"line":210,"column":null}},"24":{"start":{"line":210,"column":23},"end":{"line":210,"column":null}},"25":{"start":{"line":211,"column":4},"end":{"line":212,"column":null}},"26":{"start":{"line":212,"column":6},"end":{"line":212,"column":null}},"27":{"start":{"line":212,"column":28},"end":{"line":212,"column":null}},"28":{"start":{"line":188,"column":18},"end":{"line":188,"column":null}},"29":{"start":{"line":198,"column":4},"end":{"line":198,"column":null}},"30":{"start":{"line":199,"column":4},"end":{"line":199,"column":null}},"31":{"start":{"line":203,"column":4},"end":{"line":203,"column":null}},"32":{"start":{"line":204,"column":4},"end":{"line":204,"column":null}},"33":{"start":{"line":217,"column":4},"end":{"line":217,"column":null}},"34":{"start":{"line":183,"column":3},"end":{"line":183,"column":55}},"35":{"start":{"line":185,"column":3},"end":{"line":185,"column":null}},"36":{"start":{"line":180,"column":1},"end":{"line":180,"column":null}}},"fnMap":{"0":{"name":"(anonymous_0)","decl":{"start":{"line":110,"column":2},"end":{"line":110,"column":10}},"loc":{"start":{"line":110,"column":20},"end":{"line":113,"column":null}},"line":110},"1":{"name":"(anonymous_1)","decl":{"start":{"line":116,"column":2},"end":{"line":116,"column":10}},"loc":{"start":{"line":116,"column":43},"end":{"line":119,"column":null}},"line":116},"2":{"name":"(anonymous_2)","decl":{"start":{"line":123,"column":2},"end":{"line":123,"column":11}},"loc":{"start":{"line":123,"column":11},"end":{"line":146,"column":null}},"line":123},"3":{"name":"(anonymous_3)","decl":{"start":{"line":207,"column":27},"end":{"line":207,"column":46}},"loc":{"start":{"line":207,"column":46},"end":{"line":212,"column":null}},"line":207},"4":{"name":"(anonymous_4)","decl":{"start":{"line":197,"column":2},"end":{"line":197,"column":22}},"loc":{"start":{"line":197,"column":22},"end":{"line":199,"column":null}},"line":197},"5":{"name":"(anonymous_5)","decl":{"start":{"line":202,"column":2},"end":{"line":202,"column":25}},"loc":{"start":{"line":202,"column":25},"end":{"line":204,"column":null}},"line":202},"6":{"name":"(anonymous_6)","decl":{"start":{"line":216,"column":2},"end":{"line":216,"column":11}},"loc":{"start":{"line":216,"column":11},"end":{"line":217,"column":null}},"line":216}},"branchMap":{"0":{"loc":{"start":{"line":111,"column":4},"end":{"line":111,"column":null}},"type":"if","locations":[{"start":{"line":111,"column":4},"end":{"line":111,"column":null}},{"start":{},"end":{}}],"line":111},"1":{"loc":{"start":{"line":117,"column":4},"end":{"line":119,"column":null}},"type":"if","locations":[{"start":{"line":117,"column":4},"end":{"line":119,"column":null}},{"start":{},"end":{}}],"line":117},"2":{"loc":{"start":{"line":117,"column":8},"end":{"line":117,"column":44}},"type":"binary-expr","locations":[{"start":{"line":117,"column":8},"end":{"line":117,"column":29}},{"start":{"line":117,"column":29},"end":{"line":117,"column":44}}],"line":117},"3":{"loc":{"start":{"line":131,"column":24},"end":{"line":131,"column":null}},"type":"cond-expr","locations":[{"start":{"line":131,"column":40},"end":{"line":131,"column":49}},{"start":{"line":131,"column":49},"end":{"line":131,"column":null}}],"line":131},"4":{"loc":{"start":{"line":208,"column":4},"end":{"line":208,"column":null}},"type":"if","locations":[{"start":{"line":208,"column":4},"end":{"line":208,"column":null}},{"start":{},"end":{}}],"line":208},"5":{"loc":{"start":{"line":210,"column":4},"end":{"line":210,"column":null}},"type":"if","locations":[{"start":{"line":210,"column":4},"end":{"line":210,"column":null}},{"start":{},"end":{}}],"line":210},"6":{"loc":{"start":{"line":212,"column":6},"end":{"line":212,"column":null}},"type":"if","locations":[{"start":{"line":212,"column":6},"end":{"line":212,"column":null}},{"start":{},"end":{}}],"line":212}},"s":{"0":2,"1":7,"2":7,"3":7,"4":7,"5":2,"6":4,"7":1,"8":3,"9":3,"10":1,"11":1,"12":1,"13":11,"14":2,"15":2,"16":2,"17":2,"18":2,"19":2,"20":1,"21":0,"22":1,"23":1,"24":0,"25":1,"26":2,"27":1,"28":2,"29":2,"30":2,"31":2,"32":2,"33":2,"34":2,"35":2,"36":2},"f":{"0":4,"1":1,"2":11,"3":1,"4":2,"5":2,"6":2},"b":{"0":[1,3],"1":[1,0],"2":[1,0],"3":[1,10],"4":[0,1],"5":[0,1],"6":[1,1]},"meta":{"lastBranch":7,"lastFunction":7,"lastStatement":37,"seen":{"s:23:7:146:Infinity":0,"s:24:53:24:Infinity":1,"s:25:57:25:Infinity":2,"s:27:22:27:Infinity":3,"s:28:20:28:Infinity":4,"s:30:18:108:Infinity":5,"f:110:2:110:10":0,"b:111:4:111:Infinity:undefined:undefined:undefined:undefined":0,"s:111:4:111:Infinity":6,"s:111:23:111:Infinity":7,"s:112:4:112:Infinity":8,"s:113:4:113:Infinity":9,"f:116:2:116:10":1,"b:117:4:119:Infinity:undefined:undefined:undefined:undefined":1,"s:117:4:119:Infinity":10,"b:117:8:117:29:117:29:117:44":2,"s:118:6:118:Infinity":11,"s:119:6:119:Infinity":12,"f:123:2:123:11":2,"s:124:4:146:Infinity":13,"b:131:40:131:49:131:49:131:Infinity":3,"s:24:3:24:53":14,"s:25:3:25:57":15,"s:22:1:22:Infinity":16,"s:181:7:217:Infinity":17,"s:183:55:183:Infinity":18,"s:207:27:212:Infinity":19,"f:207:27:207:46":3,"b:208:4:208:Infinity:undefined:undefined:undefined:undefined":4,"s:208:4:208:Infinity":20,"s:208:22:208:Infinity":21,"s:209:20:209:Infinity":22,"b:210:4:210:Infinity:undefined:undefined:undefined:undefined":5,"s:210:4:210:Infinity":23,"s:210:23:210:Infinity":24,"s:211:4:212:Infinity":25,"b:212:6:212:Infinity:undefined:undefined:undefined:undefined":6,"s:212:6:212:Infinity":26,"s:212:28:212:Infinity":27,"s:188:18:188:Infinity":28,"f:197:2:197:22":4,"s:198:4:198:Infinity":29,"s:199:4:199:Infinity":30,"f:202:2:202:25":5,"s:203:4:203:Infinity":31,"s:204:4:204:Infinity":32,"f:216:2:216:11":6,"s:217:4:217:Infinity":33,"s:183:3:183:55":34,"s:185:3:185:Infinity":35,"s:180:1:180:Infinity":36}}}
,"C:\\repos\\ProjectAmris\\src\\components\\alert\\alert.ts": {"path":"C:\\repos\\ProjectAmris\\src\\components\\alert\\alert.ts","statementMap":{"0":{"start":{"line":30,"column":7},"end":{"line":147,"column":null}},"1":{"start":{"line":31,"column":55},"end":{"line":31,"column":null}},"2":{"start":{"line":32,"column":57},"end":{"line":32,"column":null}},"3":{"start":{"line":33,"column":53},"end":{"line":33,"column":null}},"4":{"start":{"line":34,"column":55},"end":{"line":34,"column":null}},"5":{"start":{"line":36,"column":18},"end":{"line":107,"column":null}},"6":{"start":{"line":110,"column":4},"end":{"line":120,"column":null}},"7":{"start":{"line":112,"column":8},"end":{"line":112,"column":null}},"8":{"start":{"line":114,"column":8},"end":{"line":114,"column":null}},"9":{"start":{"line":116,"column":8},"end":{"line":116,"column":null}},"10":{"start":{"line":118,"column":8},"end":{"line":118,"column":null}},"11":{"start":{"line":120,"column":8},"end":{"line":120,"column":null}},"12":{"start":{"line":125,"column":4},"end":{"line":125,"column":null}},"13":{"start":{"line":126,"column":4},"end":{"line":126,"column":null}},"14":{"start":{"line":130,"column":4},"end":{"line":130,"column":null}},"15":{"start":{"line":131,"column":4},"end":{"line":131,"column":null}},"16":{"start":{"line":135,"column":4},"end":{"line":147,"column":null}},"17":{"start":{"line":31,"column":3},"end":{"line":31,"column":55}},"18":{"start":{"line":32,"column":3},"end":{"line":32,"column":57}},"19":{"start":{"line":33,"column":3},"end":{"line":33,"column":53}},"20":{"start":{"line":34,"column":3},"end":{"line":34,"column":55}},"21":{"start":{"line":29,"column":1},"end":{"line":29,"column":null}}},"fnMap":{"0":{"name":"(anonymous_0)","decl":{"start":{"line":109,"column":14},"end":{"line":109,"column":29}},"loc":{"start":{"line":109,"column":29},"end":{"line":120,"column":null}},"line":109},"1":{"name":"(anonymous_1)","decl":{"start":{"line":124,"column":2},"end":{"line":124,"column":10}},"loc":{"start":{"line":124,"column":19},"end":{"line":126,"column":null}},"line":124},"2":{"name":"(anonymous_2)","decl":{"start":{"line":129,"column":2},"end":{"line":129,"column":22}},"loc":{"start":{"line":129,"column":22},"end":{"line":131,"column":null}},"line":129},"3":{"name":"(anonymous_3)","decl":{"start":{"line":134,"column":2},"end":{"line":134,"column":11}},"loc":{"start":{"line":134,"column":11},"end":{"line":147,"column":null}},"line":134}},"branchMap":{"0":{"loc":{"start":{"line":110,"column":4},"end":{"line":120,"column":null}},"type":"switch","locations":[{"start":{"line":111,"column":6},"end":{"line":112,"column":null}},{"start":{"line":113,"column":6},"end":{"line":114,"column":null}},{"start":{"line":115,"column":6},"end":{"line":116,"column":null}},{"start":{"line":117,"column":6},"end":{"line":118,"column":null}},{"start":{"line":119,"column":6},"end":{"line":120,"column":null}}],"line":110},"1":{"loc":{"start":{"line":141,"column":12},"end":{"line":147,"column":null}},"type":"cond-expr","locations":[{"start":{"line":142,"column":14},"end":{"line":147,"column":null}},{"start":{"line":147,"column":14},"end":{"line":147,"column":null}}],"line":141}},"s":{"0":2,"1":12,"2":12,"3":12,"4":12,"5":2,"6":14,"7":8,"8":1,"9":2,"10":2,"11":1,"12":1,"13":1,"14":12,"15":12,"16":14,"17":2,"18":2,"19":2,"20":2,"21":2},"f":{"0":14,"1":1,"2":12,"3":14},"b":{"0":[8,1,2,2,1],"1":[3,11]},"meta":{"lastBranch":2,"lastFunction":4,"lastStatement":22,"seen":{"s:30:7:147:Infinity":0,"s:31:55:31:Infinity":1,"s:32:57:32:Infinity":2,"s:33:53:33:Infinity":3,"s:34:55:34:Infinity":4,"s:36:18:107:Infinity":5,"f:109:14:109:29":0,"b:111:6:112:Infinity:113:6:114:Infinity:115:6:116:Infinity:117:6:118:Infinity:119:6:120:Infinity":0,"s:110:4:120:Infinity":6,"s:112:8:112:Infinity":7,"s:114:8:114:Infinity":8,"s:116:8:116:Infinity":9,"s:118:8:118:Infinity":10,"s:120:8:120:Infinity":11,"f:124:2:124:10":1,"s:125:4:125:Infinity":12,"s:126:4:126:Infinity":13,"f:129:2:129:22":2,"s:130:4:130:Infinity":14,"s:131:4:131:Infinity":15,"f:134:2:134:11":3,"s:135:4:147:Infinity":16,"b:142:14:147:Infinity:147:14:147:Infinity":1,"s:31:3:31:55":17,"s:32:3:32:57":18,"s:33:3:33:53":19,"s:34:3:34:55":20,"s:29:1:29:Infinity":21}}}
,"C:\\repos\\ProjectAmris\\src\\components\\avatar\\avatar.ts": {"path":"C:\\repos\\ProjectAmris\\src\\components\\avatar\\avatar.ts","statementMap":{"0":{"start":{"line":29,"column":7},"end":{"line":125,"column":null}},"1":{"start":{"line":31,"column":20},"end":{"line":31,"column":null}},"2":{"start":{"line":34,"column":20},"end":{"line":34,"column":null}},"3":{"start":{"line":37,"column":25},"end":{"line":37,"column":null}},"4":{"start":{"line":40,"column":50},"end":{"line":40,"column":null}},"5":{"start":{"line":43,"column":52},"end":{"line":43,"column":null}},"6":{"start":{"line":45,"column":32},"end":{"line":45,"column":null}},"7":{"start":{"line":47,"column":18},"end":{"line":97,"column":null}},"8":{"start":{"line":100,"column":4},"end":{"line":100,"column":null}},"9":{"start":{"line":104,"column":4},"end":{"line":105,"column":null}},"10":{"start":{"line":105,"column":6},"end":{"line":105,"column":null}},"11":{"start":{"line":110,"column":20},"end":{"line":110,"column":null}},"12":{"start":{"line":112,"column":4},"end":{"line":117,"column":null}},"13":{"start":{"line":113,"column":6},"end":{"line":117,"column":null}},"14":{"start":{"line":121,"column":4},"end":{"line":122,"column":null}},"15":{"start":{"line":122,"column":6},"end":{"line":122,"column":null}},"16":{"start":{"line":125,"column":4},"end":{"line":125,"column":null}},"17":{"start":{"line":31,"column":3},"end":{"line":31,"column":20}},"18":{"start":{"line":34,"column":3},"end":{"line":34,"column":20}},"19":{"start":{"line":37,"column":3},"end":{"line":37,"column":25}},"20":{"start":{"line":40,"column":3},"end":{"line":40,"column":50}},"21":{"start":{"line":43,"column":3},"end":{"line":43,"column":52}},"22":{"start":{"line":45,"column":3},"end":{"line":45,"column":32}},"23":{"start":{"line":28,"column":1},"end":{"line":28,"column":null}}},"fnMap":{"0":{"name":"(anonymous_0)","decl":{"start":{"line":99,"column":2},"end":{"line":99,"column":10}},"loc":{"start":{"line":99,"column":28},"end":{"line":100,"column":null}},"line":99},"1":{"name":"(anonymous_1)","decl":{"start":{"line":103,"column":2},"end":{"line":103,"column":12}},"loc":{"start":{"line":103,"column":51},"end":{"line":105,"column":null}},"line":103},"2":{"name":"(anonymous_2)","decl":{"start":{"line":109,"column":2},"end":{"line":109,"column":11}},"loc":{"start":{"line":109,"column":11},"end":{"line":125,"column":null}},"line":109}},"branchMap":{"0":{"loc":{"start":{"line":104,"column":4},"end":{"line":105,"column":null}},"type":"if","locations":[{"start":{"line":104,"column":4},"end":{"line":105,"column":null}},{"start":{},"end":{}}],"line":104},"1":{"loc":{"start":{"line":110,"column":20},"end":{"line":110,"column":null}},"type":"binary-expr","locations":[{"start":{"line":110,"column":20},"end":{"line":110,"column":32}},{"start":{"line":110,"column":32},"end":{"line":110,"column":null}}],"line":110},"2":{"loc":{"start":{"line":112,"column":4},"end":{"line":117,"column":null}},"type":"if","locations":[{"start":{"line":112,"column":4},"end":{"line":117,"column":null}},{"start":{},"end":{}}],"line":112},"3":{"loc":{"start":{"line":116,"column":14},"end":{"line":116,"column":null}},"type":"binary-expr","locations":[{"start":{"line":116,"column":14},"end":{"line":116,"column":26}},{"start":{"line":116,"column":26},"end":{"line":116,"column":null}}],"line":116},"4":{"loc":{"start":{"line":121,"column":4},"end":{"line":122,"column":null}},"type":"if","locations":[{"start":{"line":121,"column":4},"end":{"line":122,"column":null}},{"start":{},"end":{}}],"line":121},"5":{"loc":{"start":{"line":122,"column":70},"end":{"line":122,"column":96}},"type":"binary-expr","locations":[{"start":{"line":122,"column":70},"end":{"line":122,"column":82}},{"start":{"line":122,"column":82},"end":{"line":122,"column":96}}],"line":122}},"s":{"0":2,"1":6,"2":6,"3":6,"4":6,"5":6,"6":6,"7":2,"8":1,"9":7,"10":6,"11":7,"12":7,"13":2,"14":5,"15":4,"16":1,"17":2,"18":2,"19":2,"20":2,"21":2,"22":2,"23":2},"f":{"0":1,"1":7,"2":7},"b":{"0":[6,1],"1":[7,3],"2":[2,5],"3":[2,1],"4":[4,1],"5":[4,4]},"meta":{"lastBranch":6,"lastFunction":3,"lastStatement":24,"seen":{"s:29:7:125:Infinity":0,"s:31:20:31:Infinity":1,"s:34:20:34:Infinity":2,"s:37:25:37:Infinity":3,"s:40:50:40:Infinity":4,"s:43:52:43:Infinity":5,"s:45:32:45:Infinity":6,"s:47:18:97:Infinity":7,"f:99:2:99:10":0,"s:100:4:100:Infinity":8,"f:103:2:103:12":1,"b:104:4:105:Infinity:undefined:undefined:undefined:undefined":0,"s:104:4:105:Infinity":9,"s:105:6:105:Infinity":10,"f:109:2:109:11":2,"s:110:20:110:Infinity":11,"b:110:20:110:32:110:32:110:Infinity":1,"b:112:4:117:Infinity:undefined:undefined:undefined:undefined":2,"s:112:4:117:Infinity":12,"s:113:6:117:Infinity":13,"b:116:14:116:26:116:26:116:Infinity":3,"b:121:4:122:Infinity:undefined:undefined:undefined:undefined":4,"s:121:4:122:Infinity":14,"s:122:6:122:Infinity":15,"b:122:70:122:82:122:82:122:96":5,"s:125:4:125:Infinity":16,"s:31:3:31:20":17,"s:34:3:34:20":18,"s:37:3:37:25":19,"s:40:3:40:50":20,"s:43:3:43:52":21,"s:45:3:45:32":22,"s:28:1:28:Infinity":23}}}
,"C:\\repos\\ProjectAmris\\src\\components\\badge\\badge.ts": {"path":"C:\\repos\\ProjectAmris\\src\\components\\badge\\badge.ts","statementMap":{"0":{"start":{"line":25,"column":7},"end":{"line":124,"column":null}},"1":{"start":{"line":26,"column":55},"end":{"line":26,"column":null}},"2":{"start":{"line":27,"column":49},"end":{"line":27,"column":null}},"3":{"start":{"line":28,"column":58},"end":{"line":28,"column":null}},"4":{"start":{"line":29,"column":57},"end":{"line":29,"column":null}},"5":{"start":{"line":30,"column":32},"end":{"line":30,"column":null}},"6":{"start":{"line":32,"column":18},"end":{"line":102,"column":null}},"7":{"start":{"line":105,"column":4},"end":{"line":105,"column":null}},"8":{"start":{"line":109,"column":4},"end":{"line":109,"column":null}},"9":{"start":{"line":109,"column":23},"end":{"line":109,"column":null}},"10":{"start":{"line":110,"column":4},"end":{"line":110,"column":null}},"11":{"start":{"line":114,"column":4},"end":{"line":124,"column":null}},"12":{"start":{"line":26,"column":3},"end":{"line":26,"column":55}},"13":{"start":{"line":27,"column":3},"end":{"line":27,"column":49}},"14":{"start":{"line":28,"column":3},"end":{"line":28,"column":58}},"15":{"start":{"line":29,"column":3},"end":{"line":29,"column":57}},"16":{"start":{"line":30,"column":3},"end":{"line":30,"column":32}},"17":{"start":{"line":24,"column":1},"end":{"line":24,"column":null}}},"fnMap":{"0":{"name":"(anonymous_0)","decl":{"start":{"line":104,"column":2},"end":{"line":104,"column":10}},"loc":{"start":{"line":104,"column":40},"end":{"line":105,"column":null}},"line":104},"1":{"name":"(anonymous_1)","decl":{"start":{"line":108,"column":2},"end":{"line":108,"column":10}},"loc":{"start":{"line":108,"column":26},"end":{"line":110,"column":null}},"line":108},"2":{"name":"(anonymous_2)","decl":{"start":{"line":113,"column":2},"end":{"line":113,"column":11}},"loc":{"start":{"line":113,"column":11},"end":{"line":124,"column":null}},"line":113}},"branchMap":{"0":{"loc":{"start":{"line":109,"column":4},"end":{"line":109,"column":null}},"type":"if","locations":[{"start":{"line":109,"column":4},"end":{"line":109,"column":null}},{"start":{},"end":{}}],"line":109},"1":{"loc":{"start":{"line":116,"column":29},"end":{"line":116,"column":67}},"type":"cond-expr","locations":[{"start":{"line":116,"column":47},"end":{"line":116,"column":64}},{"start":{"line":116,"column":64},"end":{"line":116,"column":67}}],"line":116},"2":{"loc":{"start":{"line":118,"column":10},"end":{"line":124,"column":null}},"type":"cond-expr","locations":[{"start":{"line":119,"column":12},"end":{"line":124,"column":null}},{"start":{"line":124,"column":12},"end":{"line":124,"column":null}}],"line":118}},"s":{"0":2,"1":6,"2":6,"3":6,"4":6,"5":6,"6":2,"7":0,"8":2,"9":1,"10":1,"11":6,"12":2,"13":2,"14":2,"15":2,"16":2,"17":2},"f":{"0":0,"1":2,"2":6},"b":{"0":[1,1],"1":[0,6],"2":[2,4]},"meta":{"lastBranch":3,"lastFunction":3,"lastStatement":18,"seen":{"s:25:7:124:Infinity":0,"s:26:55:26:Infinity":1,"s:27:49:27:Infinity":2,"s:28:58:28:Infinity":3,"s:29:57:29:Infinity":4,"s:30:32:30:Infinity":5,"s:32:18:102:Infinity":6,"f:104:2:104:10":0,"s:105:4:105:Infinity":7,"f:108:2:108:10":1,"b:109:4:109:Infinity:undefined:undefined:undefined:undefined":0,"s:109:4:109:Infinity":8,"s:109:23:109:Infinity":9,"s:110:4:110:Infinity":10,"f:113:2:113:11":2,"s:114:4:124:Infinity":11,"b:116:47:116:64:116:64:116:67":1,"b:119:12:124:Infinity:124:12:124:Infinity":2,"s:26:3:26:55":12,"s:27:3:27:49":13,"s:28:3:28:58":14,"s:29:3:29:57":15,"s:30:3:30:32":16,"s:24:1:24:Infinity":17}}}
,"C:\\repos\\ProjectAmris\\src\\components\\breadcrumb\\breadcrumb.ts": {"path":"C:\\repos\\ProjectAmris\\src\\components\\breadcrumb\\breadcrumb.ts","statementMap":{"0":{"start":{"line":19,"column":7},"end":{"line":82,"column":null}},"1":{"start":{"line":21,"column":21},"end":{"line":21,"column":null}},"2":{"start":{"line":24,"column":56},"end":{"line":24,"column":null}},"3":{"start":{"line":26,"column":18},"end":{"line":74,"column":null}},"4":{"start":{"line":77,"column":18},"end":{"line":79,"column":null}},"5":{"start":{"line":81,"column":4},"end":{"line":82,"column":null}},"6":{"start":{"line":21,"column":3},"end":{"line":21,"column":21}},"7":{"start":{"line":24,"column":3},"end":{"line":24,"column":56}},"8":{"start":{"line":18,"column":1},"end":{"line":18,"column":null}},"9":{"start":{"line":112,"column":7},"end":{"line":145,"column":null}},"10":{"start":{"line":113,"column":18},"end":{"line":125,"column":null}},"11":{"start":{"line":128,"column":17},"end":{"line":128,"column":null}},"12":{"start":{"line":129,"column":18},"end":{"line":130,"column":82}},"13":{"start":{"line":130,"column":46},"end":{"line":130,"column":82}},"14":{"start":{"line":132,"column":4},"end":{"line":134,"column":null}},"15":{"start":{"line":133,"column":6},"end":{"line":133,"column":null}},"16":{"start":{"line":138,"column":4},"end":{"line":138,"column":null}},"17":{"start":{"line":139,"column":4},"end":{"line":139,"column":null}},"18":{"start":{"line":143,"column":4},"end":{"line":145,"column":null}},"19":{"start":{"line":111,"column":1},"end":{"line":111,"column":null}}},"fnMap":{"0":{"name":"(anonymous_0)","decl":{"start":{"line":76,"column":2},"end":{"line":76,"column":11}},"loc":{"start":{"line":76,"column":11},"end":{"line":82,"column":null}},"line":76},"1":{"name":"(anonymous_1)","decl":{"start":{"line":127,"column":2},"end":{"line":127,"column":10}},"loc":{"start":{"line":127,"column":38},"end":{"line":134,"column":null}},"line":127},"2":{"name":"(anonymous_2)","decl":{"start":{"line":130,"column":7},"end":{"line":130,"column":15}},"loc":{"start":{"line":130,"column":46},"end":{"line":130,"column":82}},"line":130},"3":{"name":"(anonymous_3)","decl":{"start":{"line":132,"column":10},"end":{"line":132,"column":19}},"loc":{"start":{"line":132,"column":31},"end":{"line":134,"column":null}},"line":132},"4":{"name":"(anonymous_4)","decl":{"start":{"line":137,"column":2},"end":{"line":137,"column":22}},"loc":{"start":{"line":137,"column":22},"end":{"line":139,"column":null}},"line":137},"5":{"name":"(anonymous_5)","decl":{"start":{"line":142,"column":2},"end":{"line":142,"column":11}},"loc":{"start":{"line":142,"column":11},"end":{"line":145,"column":null}},"line":142}},"branchMap":{"0":{"loc":{"start":{"line":77,"column":18},"end":{"line":79,"column":null}},"type":"cond-expr","locations":[{"start":{"line":78,"column":8},"end":{"line":78,"column":null}},{"start":{"line":79,"column":8},"end":{"line":79,"column":null}}],"line":77},"1":{"loc":{"start":{"line":77,"column":18},"end":{"line":77,"column":null}},"type":"binary-expr","locations":[{"start":{"line":77,"column":18},"end":{"line":77,"column":31}},{"start":{"line":77,"column":31},"end":{"line":77,"column":null}}],"line":77},"2":{"loc":{"start":{"line":79,"column":68},"end":{"line":79,"column":100}},"type":"cond-expr","locations":[{"start":{"line":79,"column":83},"end":{"line":79,"column":92}},{"start":{"line":79,"column":92},"end":{"line":79,"column":100}}],"line":79}},"s":{"0":2,"1":12,"2":12,"3":2,"4":16,"5":16,"6":2,"7":2,"8":2,"9":2,"10":2,"11":4,"12":4,"13":9,"14":4,"15":9,"16":4,"17":4,"18":4,"19":2},"f":{"0":16,"1":4,"2":9,"3":9,"4":4,"5":4},"b":{"0":[7,9],"1":[16,8],"2":[6,3]},"meta":{"lastBranch":3,"lastFunction":6,"lastStatement":20,"seen":{"s:19:7:82:Infinity":0,"s:21:21:21:Infinity":1,"s:24:56:24:Infinity":2,"s:26:18:74:Infinity":3,"f:76:2:76:11":0,"s:77:18:79:Infinity":4,"b:78:8:78:Infinity:79:8:79:Infinity":0,"b:77:18:77:31:77:31:77:Infinity":1,"b:79:83:79:92:79:92:79:100":2,"s:81:4:82:Infinity":5,"s:21:3:21:21":6,"s:24:3:24:56":7,"s:18:1:18:Infinity":8,"s:112:7:145:Infinity":9,"s:113:18:125:Infinity":10,"f:127:2:127:10":1,"s:128:17:128:Infinity":11,"s:129:18:130:82":12,"f:130:7:130:15":2,"s:130:46:130:82":13,"s:132:4:134:Infinity":14,"f:132:10:132:19":3,"s:133:6:133:Infinity":15,"f:137:2:137:22":4,"s:138:4:138:Infinity":16,"s:139:4:139:Infinity":17,"f:142:2:142:11":5,"s:143:4:145:Infinity":18,"s:111:1:111:Infinity":19}}}
,"C:\\repos\\ProjectAmris\\src\\components\\button\\button.ts": {"path":"C:\\repos\\ProjectAmris\\src\\components\\button\\button.ts","statementMap":{"0":{"start":{"line":37,"column":7},"end":{"line":306,"column":null}},"1":{"start":{"line":40,"column":27},"end":{"line":40,"column":null}},"2":{"start":{"line":44,"column":21},"end":{"line":44,"column":null}},"3":{"start":{"line":48,"column":13},"end":{"line":48,"column":null}},"4":{"start":{"line":52,"column":12},"end":{"line":52,"column":null}},"5":{"start":{"line":56,"column":40},"end":{"line":56,"column":null}},"6":{"start":{"line":60,"column":38},"end":{"line":60,"column":null}},"7":{"start":{"line":62,"column":18},"end":{"line":271,"column":null}},"8":{"start":{"line":274,"column":4},"end":{"line":278,"column":null}},"9":{"start":{"line":275,"column":6},"end":{"line":278,"column":null}},"10":{"start":{"line":283,"column":4},"end":{"line":306,"column":null}},"11":{"start":{"line":39,"column":3},"end":{"line":39,"column":null}},"12":{"start":{"line":43,"column":3},"end":{"line":43,"column":null}},"13":{"start":{"line":47,"column":3},"end":{"line":47,"column":null}},"14":{"start":{"line":51,"column":3},"end":{"line":51,"column":null}},"15":{"start":{"line":55,"column":3},"end":{"line":55,"column":null}},"16":{"start":{"line":59,"column":3},"end":{"line":59,"column":null}},"17":{"start":{"line":36,"column":1},"end":{"line":36,"column":null}}},"fnMap":{"0":{"name":"(anonymous_0)","decl":{"start":{"line":273,"column":2},"end":{"line":273,"column":12}},"loc":{"start":{"line":273,"column":45},"end":{"line":278,"column":null}},"line":273},"1":{"name":"(anonymous_1)","decl":{"start":{"line":282,"column":2},"end":{"line":282,"column":11}},"loc":{"start":{"line":282,"column":11},"end":{"line":306,"column":null}},"line":282}},"branchMap":{"0":{"loc":{"start":{"line":274,"column":4},"end":{"line":278,"column":null}},"type":"if","locations":[{"start":{"line":274,"column":4},"end":{"line":278,"column":null}},{"start":{},"end":{}}],"line":274},"1":{"loc":{"start":{"line":274,"column":8},"end":{"line":274,"column":57}},"type":"binary-expr","locations":[{"start":{"line":274,"column":8},"end":{"line":274,"column":31}},{"start":{"line":274,"column":35},"end":{"line":274,"column":57}}],"line":274},"2":{"loc":{"start":{"line":277,"column":15},"end":{"line":277,"column":45}},"type":"binary-expr","locations":[{"start":{"line":277,"column":15},"end":{"line":277,"column":32}},{"start":{"line":277,"column":32},"end":{"line":277,"column":45}}],"line":277},"3":{"loc":{"start":{"line":288,"column":21},"end":{"line":288,"column":null}},"type":"binary-expr","locations":[{"start":{"line":288,"column":21},"end":{"line":288,"column":40}},{"start":{"line":288,"column":40},"end":{"line":288,"column":null}}],"line":288},"4":{"loc":{"start":{"line":288,"column":40},"end":{"line":288,"column":null}},"type":"cond-expr","locations":[{"start":{"line":288,"column":55},"end":{"line":288,"column":67}},{"start":{"line":288,"column":67},"end":{"line":288,"column":null}}],"line":288},"5":{"loc":{"start":{"line":289,"column":20},"end":{"line":289,"column":null}},"type":"cond-expr","locations":[{"start":{"line":289,"column":35},"end":{"line":289,"column":44}},{"start":{"line":289,"column":44},"end":{"line":289,"column":null}}],"line":289},"6":{"loc":{"start":{"line":300,"column":10},"end":{"line":306,"column":null}},"type":"cond-expr","locations":[{"start":{"line":301,"column":12},"end":{"line":306,"column":null}},{"start":{"line":306,"column":12},"end":{"line":306,"column":null}}],"line":300}},"s":{"0":2,"1":7,"2":7,"3":7,"4":7,"5":7,"6":7,"7":2,"8":8,"9":8,"10":8,"11":2,"12":2,"13":2,"14":2,"15":2,"16":2,"17":2},"f":{"0":8,"1":8},"b":{"0":[8,0],"1":[8,1],"2":[8,8],"3":[8,8],"4":[1,7],"5":[1,7],"6":[1,7]},"meta":{"lastBranch":7,"lastFunction":2,"lastStatement":18,"seen":{"s:37:7:306:Infinity":0,"s:40:27:40:Infinity":1,"s:44:21:44:Infinity":2,"s:48:13:48:Infinity":3,"s:52:12:52:Infinity":4,"s:56:40:56:Infinity":5,"s:60:38:60:Infinity":6,"s:62:18:271:Infinity":7,"f:273:2:273:12":0,"b:274:4:278:Infinity:undefined:undefined:undefined:undefined":0,"s:274:4:278:Infinity":8,"b:274:8:274:31:274:35:274:57":1,"s:275:6:278:Infinity":9,"b:277:15:277:32:277:32:277:45":2,"f:282:2:282:11":1,"s:283:4:306:Infinity":10,"b:288:21:288:40:288:40:288:Infinity":3,"b:288:55:288:67:288:67:288:Infinity":4,"b:289:35:289:44:289:44:289:Infinity":5,"b:301:12:306:Infinity:306:12:306:Infinity":6,"s:39:3:39:Infinity":11,"s:43:3:43:Infinity":12,"s:47:3:47:Infinity":13,"s:51:3:51:Infinity":14,"s:55:3:55:Infinity":15,"s:59:3:59:Infinity":16,"s:36:1:36:Infinity":17}}}
,"C:\\repos\\ProjectAmris\\src\\components\\checkbox\\checkbox.ts": {"path":"C:\\repos\\ProjectAmris\\src\\components\\checkbox\\checkbox.ts","statementMap":{"0":{"start":{"line":22,"column":7},"end":{"line":183,"column":null}},"1":{"start":{"line":23,"column":26},"end":{"line":23,"column":null}},"2":{"start":{"line":36,"column":4},"end":{"line":36,"column":null}},"3":{"start":{"line":25,"column":56},"end":{"line":25,"column":null}},"4":{"start":{"line":26,"column":62},"end":{"line":26,"column":null}},"5":{"start":{"line":27,"column":57},"end":{"line":27,"column":null}},"6":{"start":{"line":28,"column":57},"end":{"line":28,"column":null}},"7":{"start":{"line":29,"column":21},"end":{"line":29,"column":null}},"8":{"start":{"line":30,"column":22},"end":{"line":30,"column":null}},"9":{"start":{"line":31,"column":68},"end":{"line":31,"column":null}},"10":{"start":{"line":143,"column":26},"end":{"line":147,"column":null}},"11":{"start":{"line":144,"column":4},"end":{"line":144,"column":null}},"12":{"start":{"line":144,"column":23},"end":{"line":144,"column":null}},"13":{"start":{"line":145,"column":4},"end":{"line":145,"column":null}},"14":{"start":{"line":146,"column":4},"end":{"line":146,"column":null}},"15":{"start":{"line":147,"column":4},"end":{"line":147,"column":null}},"16":{"start":{"line":37,"column":4},"end":{"line":37,"column":null}},"17":{"start":{"line":40,"column":18},"end":{"line":135,"column":null}},"18":{"start":{"line":138,"column":4},"end":{"line":139,"column":null}},"19":{"start":{"line":139,"column":6},"end":{"line":139,"column":null}},"20":{"start":{"line":151,"column":4},"end":{"line":153,"column":null}},"21":{"start":{"line":152,"column":6},"end":{"line":152,"column":null}},"22":{"start":{"line":153,"column":6},"end":{"line":153,"column":null}},"23":{"start":{"line":158,"column":4},"end":{"line":158,"column":null}},"24":{"start":{"line":159,"column":4},"end":{"line":159,"column":null}},"25":{"start":{"line":163,"column":4},"end":{"line":163,"column":null}},"26":{"start":{"line":164,"column":4},"end":{"line":164,"column":null}},"27":{"start":{"line":168,"column":4},"end":{"line":183,"column":null}},"28":{"start":{"line":25,"column":3},"end":{"line":25,"column":56}},"29":{"start":{"line":26,"column":3},"end":{"line":26,"column":62}},"30":{"start":{"line":27,"column":3},"end":{"line":27,"column":57}},"31":{"start":{"line":28,"column":3},"end":{"line":28,"column":57}},"32":{"start":{"line":29,"column":3},"end":{"line":29,"column":21}},"33":{"start":{"line":30,"column":3},"end":{"line":30,"column":22}},"34":{"start":{"line":31,"column":3},"end":{"line":31,"column":68}},"35":{"start":{"line":21,"column":1},"end":{"line":21,"column":null}}},"fnMap":{"0":{"name":"(anonymous_0)","decl":{"start":{"line":35,"column":2},"end":{"line":35,"column":16}},"loc":{"start":{"line":35,"column":16},"end":{"line":37,"column":null}},"line":35},"1":{"name":"(anonymous_1)","decl":{"start":{"line":143,"column":26},"end":{"line":143,"column":null}},"loc":{"start":{"line":143,"column":26},"end":{"line":147,"column":null}},"line":143},"2":{"name":"(anonymous_2)","decl":{"start":{"line":137,"column":2},"end":{"line":137,"column":12}},"loc":{"start":{"line":137,"column":45},"end":{"line":139,"column":null}},"line":137},"3":{"name":"(anonymous_3)","decl":{"start":{"line":150,"column":2},"end":{"line":150,"column":10}},"loc":{"start":{"line":150,"column":43},"end":{"line":153,"column":null}},"line":150},"4":{"name":"(anonymous_4)","decl":{"start":{"line":157,"column":2},"end":{"line":157,"column":22}},"loc":{"start":{"line":157,"column":22},"end":{"line":159,"column":null}},"line":157},"5":{"name":"(anonymous_5)","decl":{"start":{"line":162,"column":2},"end":{"line":162,"column":25}},"loc":{"start":{"line":162,"column":25},"end":{"line":164,"column":null}},"line":162},"6":{"name":"(anonymous_6)","decl":{"start":{"line":167,"column":2},"end":{"line":167,"column":11}},"loc":{"start":{"line":167,"column":11},"end":{"line":183,"column":null}},"line":167}},"branchMap":{"0":{"loc":{"start":{"line":144,"column":4},"end":{"line":144,"column":null}},"type":"if","locations":[{"start":{"line":144,"column":4},"end":{"line":144,"column":null}},{"start":{},"end":{}}],"line":144},"1":{"loc":{"start":{"line":138,"column":4},"end":{"line":139,"column":null}},"type":"if","locations":[{"start":{"line":138,"column":4},"end":{"line":139,"column":null}},{"start":{},"end":{}}],"line":138},"2":{"loc":{"start":{"line":139,"column":34},"end":{"line":139,"column":67}},"type":"cond-expr","locations":[{"start":{"line":139,"column":49},"end":{"line":139,"column":62}},{"start":{"line":139,"column":62},"end":{"line":139,"column":67}}],"line":139},"3":{"loc":{"start":{"line":151,"column":4},"end":{"line":153,"column":null}},"type":"if","locations":[{"start":{"line":151,"column":4},"end":{"line":153,"column":null}},{"start":{},"end":{}}],"line":151},"4":{"loc":{"start":{"line":151,"column":8},"end":{"line":151,"column":44}},"type":"binary-expr","locations":[{"start":{"line":151,"column":8},"end":{"line":151,"column":25}},{"start":{"line":151,"column":25},"end":{"line":151,"column":44}}],"line":151},"5":{"loc":{"start":{"line":173,"column":19},"end":{"line":173,"column":null}},"type":"cond-expr","locations":[{"start":{"line":173,"column":35},"end":{"line":173,"column":45}},{"start":{"line":173,"column":45},"end":{"line":173,"column":null}}],"line":173},"6":{"loc":{"start":{"line":174,"column":23},"end":{"line":174,"column":74}},"type":"cond-expr","locations":[{"start":{"line":174,"column":44},"end":{"line":174,"column":54}},{"start":{"line":174,"column":54},"end":{"line":174,"column":74}}],"line":174},"7":{"loc":{"start":{"line":175,"column":24},"end":{"line":175,"column":null}},"type":"cond-expr","locations":[{"start":{"line":175,"column":40},"end":{"line":175,"column":49}},{"start":{"line":175,"column":49},"end":{"line":175,"column":null}}],"line":175},"8":{"loc":{"start":{"line":176,"column":24},"end":{"line":176,"column":null}},"type":"cond-expr","locations":[{"start":{"line":176,"column":40},"end":{"line":176,"column":49}},{"start":{"line":176,"column":49},"end":{"line":176,"column":null}}],"line":176},"9":{"loc":{"start":{"line":177,"column":21},"end":{"line":177,"column":null}},"type":"binary-expr","locations":[{"start":{"line":177,"column":21},"end":{"line":177,"column":39}},{"start":{"line":177,"column":39},"end":{"line":177,"column":null}}],"line":177},"10":{"loc":{"start":{"line":178,"column":26},"end":{"line":178,"column":null}},"type":"cond-expr","locations":[{"start":{"line":178,"column":43},"end":{"line":178,"column":53}},{"start":{"line":178,"column":53},"end":{"line":178,"column":null}}],"line":178},"11":{"loc":{"start":{"line":181,"column":10},"end":{"line":183,"column":null}},"type":"cond-expr","locations":[{"start":{"line":182,"column":12},"end":{"line":182,"column":null}},{"start":{"line":183,"column":12},"end":{"line":183,"column":null}}],"line":181}},"s":{"0":2,"1":2,"2":3,"3":3,"4":3,"5":3,"6":3,"7":3,"8":3,"9":3,"10":3,"11":2,"12":0,"13":2,"14":2,"15":2,"16":3,"17":2,"18":5,"19":5,"20":1,"21":1,"22":1,"23":3,"24":3,"25":3,"26":3,"27":5,"28":2,"29":2,"30":2,"31":2,"32":2,"33":2,"34":2,"35":2},"f":{"0":3,"1":2,"2":5,"3":1,"4":3,"5":3,"6":5},"b":{"0":[0,2],"1":[5,0],"2":[2,3],"3":[1,0],"4":[1,0],"5":[0,5],"6":[0,5],"7":[0,5],"8":[0,5],"9":[5,5],"10":[0,5],"11":[0,5]},"meta":{"lastBranch":12,"lastFunction":7,"lastStatement":36,"seen":{"s:22:7:183:Infinity":0,"s:23:26:23:Infinity":1,"f:35:2:35:16":0,"s:36:4:36:Infinity":2,"s:25:56:25:Infinity":3,"s:26:62:26:Infinity":4,"s:27:57:27:Infinity":5,"s:28:57:28:Infinity":6,"s:29:21:29:Infinity":7,"s:30:22:30:Infinity":8,"s:31:68:31:Infinity":9,"s:143:26:147:Infinity":10,"f:143:26:143:Infinity":1,"b:144:4:144:Infinity:undefined:undefined:undefined:undefined":0,"s:144:4:144:Infinity":11,"s:144:23:144:Infinity":12,"s:145:4:145:Infinity":13,"s:146:4:146:Infinity":14,"s:147:4:147:Infinity":15,"s:37:4:37:Infinity":16,"s:40:18:135:Infinity":17,"f:137:2:137:12":2,"b:138:4:139:Infinity:undefined:undefined:undefined:undefined":1,"s:138:4:139:Infinity":18,"s:139:6:139:Infinity":19,"b:139:49:139:62:139:62:139:67":2,"f:150:2:150:10":3,"b:151:4:153:Infinity:undefined:undefined:undefined:undefined":3,"s:151:4:153:Infinity":20,"b:151:8:151:25:151:25:151:44":4,"s:152:6:152:Infinity":21,"s:153:6:153:Infinity":22,"f:157:2:157:22":4,"s:158:4:158:Infinity":23,"s:159:4:159:Infinity":24,"f:162:2:162:25":5,"s:163:4:163:Infinity":25,"s:164:4:164:Infinity":26,"f:167:2:167:11":6,"s:168:4:183:Infinity":27,"b:173:35:173:45:173:45:173:Infinity":5,"b:174:44:174:54:174:54:174:74":6,"b:175:40:175:49:175:49:175:Infinity":7,"b:176:40:176:49:176:49:176:Infinity":8,"b:177:21:177:39:177:39:177:Infinity":9,"b:178:43:178:53:178:53:178:Infinity":10,"b:182:12:182:Infinity:183:12:183:Infinity":11,"s:25:3:25:56":28,"s:26:3:26:62":29,"s:27:3:27:57":30,"s:28:3:28:57":31,"s:29:3:29:21":32,"s:30:3:30:22":33,"s:31:3:31:68":34,"s:21:1:21:Infinity":35}}}
,"C:\\repos\\ProjectAmris\\src\\components\\dialog\\dialog.ts": {"path":"C:\\repos\\ProjectAmris\\src\\components\\dialog\\dialog.ts","statementMap":{"0":{"start":{"line":40,"column":7},"end":{"line":260,"column":null}},"1":{"start":{"line":42,"column":53},"end":{"line":42,"column":null}},"2":{"start":{"line":45,"column":22},"end":{"line":45,"column":null}},"3":{"start":{"line":48,"column":50},"end":{"line":48,"column":null}},"4":{"start":{"line":51,"column":42},"end":{"line":51,"column":null}},"5":{"start":{"line":54,"column":81},"end":{"line":54,"column":null}},"6":{"start":{"line":58,"column":47},"end":{"line":58,"column":null}},"7":{"start":{"line":60,"column":18},"end":{"line":179,"column":null}},"8":{"start":{"line":182,"column":4},"end":{"line":184,"column":null}},"9":{"start":{"line":183,"column":6},"end":{"line":184,"column":null}},"10":{"start":{"line":183,"column":21},"end":{"line":183,"column":null}},"11":{"start":{"line":184,"column":11},"end":{"line":184,"column":null}},"12":{"start":{"line":189,"column":4},"end":{"line":189,"column":null}},"13":{"start":{"line":190,"column":4},"end":{"line":190,"column":null}},"14":{"start":{"line":191,"column":4},"end":{"line":191,"column":null}},"15":{"start":{"line":195,"column":4},"end":{"line":195,"column":null}},"16":{"start":{"line":196,"column":4},"end":{"line":197,"column":null}},"17":{"start":{"line":197,"column":6},"end":{"line":197,"column":null}},"18":{"start":{"line":199,"column":4},"end":{"line":199,"column":null}},"19":{"start":{"line":203,"column":17},"end":{"line":203,"column":54}},"20":{"start":{"line":205,"column":6},"end":{"line":206,"column":null}},"21":{"start":{"line":208,"column":4},"end":{"line":208,"column":null}},"22":{"start":{"line":208,"column":26},"end":{"line":208,"column":null}},"23":{"start":{"line":210,"column":4},"end":{"line":213,"column":null}},"24":{"start":{"line":211,"column":6},"end":{"line":211,"column":null}},"25":{"start":{"line":213,"column":6},"end":{"line":213,"column":null}},"26":{"start":{"line":218,"column":4},"end":{"line":218,"column":null}},"27":{"start":{"line":220,"column":4},"end":{"line":220,"column":null}},"28":{"start":{"line":221,"column":4},"end":{"line":221,"column":null}},"29":{"start":{"line":222,"column":4},"end":{"line":224,"column":null}},"30":{"start":{"line":223,"column":6},"end":{"line":223,"column":null}},"31":{"start":{"line":228,"column":4},"end":{"line":231,"column":null}},"32":{"start":{"line":229,"column":6},"end":{"line":229,"column":null}},"33":{"start":{"line":230,"column":6},"end":{"line":230,"column":null}},"34":{"start":{"line":231,"column":6},"end":{"line":231,"column":null}},"35":{"start":{"line":233,"column":4},"end":{"line":233,"column":null}},"36":{"start":{"line":234,"column":4},"end":{"line":234,"column":null}},"37":{"start":{"line":238,"column":4},"end":{"line":238,"column":null}},"38":{"start":{"line":242,"column":4},"end":{"line":260,"column":null}},"39":{"start":{"line":255,"column":101},"end":{"line":255,"column":122}},"40":{"start":{"line":42,"column":3},"end":{"line":42,"column":53}},"41":{"start":{"line":45,"column":3},"end":{"line":45,"column":22}},"42":{"start":{"line":48,"column":3},"end":{"line":48,"column":50}},"43":{"start":{"line":51,"column":3},"end":{"line":51,"column":42}},"44":{"start":{"line":54,"column":3},"end":{"line":54,"column":81}},"45":{"start":{"line":56,"column":3},"end":{"line":56,"column":null}},"46":{"start":{"line":39,"column":1},"end":{"line":39,"column":null}}},"fnMap":{"0":{"name":"(anonymous_0)","decl":{"start":{"line":181,"column":2},"end":{"line":181,"column":12}},"loc":{"start":{"line":181,"column":45},"end":{"line":184,"column":null}},"line":181},"1":{"name":"(anonymous_1)","decl":{"start":{"line":188,"column":2},"end":{"line":188,"column":10}},"loc":{"start":{"line":188,"column":18},"end":{"line":191,"column":null}},"line":188},"2":{"name":"(anonymous_2)","decl":{"start":{"line":194,"column":2},"end":{"line":194,"column":10}},"loc":{"start":{"line":194,"column":18},"end":{"line":199,"column":null}},"line":194},"3":{"name":"(anonymous_3)","decl":{"start":{"line":202,"column":2},"end":{"line":202,"column":10}},"loc":{"start":{"line":202,"column":46},"end":{"line":213,"column":null}},"line":202},"4":{"name":"(anonymous_4)","decl":{"start":{"line":217,"column":2},"end":{"line":217,"column":10}},"loc":{"start":{"line":217,"column":19},"end":{"line":224,"column":null}},"line":217},"5":{"name":"(anonymous_5)","decl":{"start":{"line":222,"column":35},"end":{"line":222,"column":57}},"loc":{"start":{"line":222,"column":57},"end":{"line":224,"column":9}},"line":222},"6":{"name":"(anonymous_6)","decl":{"start":{"line":227,"column":2},"end":{"line":227,"column":10}},"loc":{"start":{"line":227,"column":34},"end":{"line":234,"column":null}},"line":227},"7":{"name":"(anonymous_7)","decl":{"start":{"line":237,"column":2},"end":{"line":237,"column":10}},"loc":{"start":{"line":237,"column":25},"end":{"line":238,"column":null}},"line":237},"8":{"name":"(anonymous_8)","decl":{"start":{"line":241,"column":2},"end":{"line":241,"column":11}},"loc":{"start":{"line":241,"column":11},"end":{"line":260,"column":null}},"line":241},"9":{"name":"(anonymous_9)","decl":{"start":{"line":255,"column":18},"end":{"line":255,"column":99}},"loc":{"start":{"line":255,"column":99},"end":{"line":255,"column":null}},"line":255}},"branchMap":{"0":{"loc":{"start":{"line":182,"column":4},"end":{"line":184,"column":null}},"type":"if","locations":[{"start":{"line":182,"column":4},"end":{"line":184,"column":null}},{"start":{},"end":{}}],"line":182},"1":{"loc":{"start":{"line":183,"column":6},"end":{"line":184,"column":null}},"type":"if","locations":[{"start":{"line":183,"column":6},"end":{"line":184,"column":null}},{"start":{"line":184,"column":11},"end":{"line":184,"column":null}}],"line":183},"2":{"loc":{"start":{"line":196,"column":4},"end":{"line":197,"column":null}},"type":"if","locations":[{"start":{"line":196,"column":4},"end":{"line":197,"column":null}},{"start":{},"end":{}}],"line":196},"3":{"loc":{"start":{"line":205,"column":6},"end":{"line":206,"column":null}},"type":"binary-expr","locations":[{"start":{"line":205,"column":6},"end":{"line":205,"column":31}},{"start":{"line":205,"column":31},"end":{"line":205,"column":null}},{"start":{"line":206,"column":6},"end":{"line":206,"column":30}},{"start":{"line":206,"column":30},"end":{"line":206,"column":null}}],"line":205},"4":{"loc":{"start":{"line":208,"column":4},"end":{"line":208,"column":null}},"type":"if","locations":[{"start":{"line":208,"column":4},"end":{"line":208,"column":null}},{"start":{},"end":{}}],"line":208},"5":{"loc":{"start":{"line":210,"column":4},"end":{"line":213,"column":null}},"type":"if","locations":[{"start":{"line":210,"column":4},"end":{"line":213,"column":null}},{"start":{"line":212,"column":11},"end":{"line":213,"column":null}}],"line":210},"6":{"loc":{"start":{"line":228,"column":4},"end":{"line":231,"column":null}},"type":"if","locations":[{"start":{"line":228,"column":4},"end":{"line":231,"column":null}},{"start":{},"end":{}}],"line":228},"7":{"loc":{"start":{"line":245,"column":21},"end":{"line":245,"column":null}},"type":"binary-expr","locations":[{"start":{"line":245,"column":21},"end":{"line":245,"column":35}},{"start":{"line":245,"column":35},"end":{"line":245,"column":null}}],"line":245},"8":{"loc":{"start":{"line":254,"column":12},"end":{"line":260,"column":null}},"type":"cond-expr","locations":[{"start":{"line":255,"column":14},"end":{"line":260,"column":null}},{"start":{"line":260,"column":14},"end":{"line":260,"column":null}}],"line":254}},"s":{"0":2,"1":13,"2":13,"3":13,"4":13,"5":13,"6":13,"7":2,"8":30,"9":30,"10":12,"11":18,"12":12,"13":12,"14":12,"15":18,"16":18,"17":6,"18":18,"19":4,"20":4,"21":4,"22":2,"23":2,"24":1,"25":1,"26":2,"27":2,"28":2,"29":2,"30":0,"31":2,"32":1,"33":1,"34":1,"35":1,"36":1,"37":19,"38":30,"39":1,"40":2,"41":2,"42":2,"43":2,"44":2,"45":2,"46":2},"f":{"0":30,"1":12,"2":18,"3":4,"4":2,"5":0,"6":2,"7":19,"8":30,"9":1},"b":{"0":[30,0],"1":[12,18],"2":[6,12],"3":[4,2,2,2],"4":[2,2],"5":[1,1],"6":[1,1],"7":[30,24],"8":[28,2]},"meta":{"lastBranch":9,"lastFunction":10,"lastStatement":47,"seen":{"s:40:7:260:Infinity":0,"s:42:53:42:Infinity":1,"s:45:22:45:Infinity":2,"s:48:50:48:Infinity":3,"s:51:42:51:Infinity":4,"s:54:81:54:Infinity":5,"s:58:47:58:Infinity":6,"s:60:18:179:Infinity":7,"f:181:2:181:12":0,"b:182:4:184:Infinity:undefined:undefined:undefined:undefined":0,"s:182:4:184:Infinity":8,"b:183:6:184:Infinity:184:11:184:Infinity":1,"s:183:6:184:Infinity":9,"s:183:21:183:Infinity":10,"s:184:11:184:Infinity":11,"f:188:2:188:10":1,"s:189:4:189:Infinity":12,"s:190:4:190:Infinity":13,"s:191:4:191:Infinity":14,"f:194:2:194:10":2,"s:195:4:195:Infinity":15,"b:196:4:197:Infinity:undefined:undefined:undefined:undefined":2,"s:196:4:197:Infinity":16,"s:197:6:197:Infinity":17,"s:199:4:199:Infinity":18,"f:202:2:202:10":3,"s:203:17:203:54":19,"s:205:6:206:Infinity":20,"b:205:6:205:31:205:31:205:Infinity:206:6:206:30:206:30:206:Infinity":3,"b:208:4:208:Infinity:undefined:undefined:undefined:undefined":4,"s:208:4:208:Infinity":21,"s:208:26:208:Infinity":22,"b:210:4:213:Infinity:212:11:213:Infinity":5,"s:210:4:213:Infinity":23,"s:211:6:211:Infinity":24,"s:213:6:213:Infinity":25,"f:217:2:217:10":4,"s:218:4:218:Infinity":26,"s:220:4:220:Infinity":27,"s:221:4:221:Infinity":28,"s:222:4:224:Infinity":29,"f:222:35:222:57":5,"s:223:6:223:Infinity":30,"f:227:2:227:10":6,"b:228:4:231:Infinity:undefined:undefined:undefined:undefined":6,"s:228:4:231:Infinity":31,"s:229:6:229:Infinity":32,"s:230:6:230:Infinity":33,"s:231:6:231:Infinity":34,"s:233:4:233:Infinity":35,"s:234:4:234:Infinity":36,"f:237:2:237:10":7,"s:238:4:238:Infinity":37,"f:241:2:241:11":8,"s:242:4:260:Infinity":38,"b:245:21:245:35:245:35:245:Infinity":7,"b:255:14:260:Infinity:260:14:260:Infinity":8,"f:255:18:255:99":9,"s:255:101:255:122":39,"s:42:3:42:53":40,"s:45:3:45:22":41,"s:48:3:48:50":42,"s:51:3:51:42":43,"s:54:3:54:81":44,"s:56:3:56:Infinity":45,"s:39:1:39:Infinity":46}}}
,"C:\\repos\\ProjectAmris\\src\\components\\divider\\divider.ts": {"path":"C:\\repos\\ProjectAmris\\src\\components\\divider\\divider.ts","statementMap":{"0":{"start":{"line":12,"column":7},"end":{"line":49,"column":null}},"1":{"start":{"line":15,"column":43},"end":{"line":15,"column":null}},"2":{"start":{"line":17,"column":18},"end":{"line":17,"column":null}},"3":{"start":{"line":41,"column":4},"end":{"line":41,"column":null}},"4":{"start":{"line":42,"column":4},"end":{"line":42,"column":null}},"5":{"start":{"line":43,"column":4},"end":{"line":44,"column":null}},"6":{"start":{"line":44,"column":6},"end":{"line":44,"column":null}},"7":{"start":{"line":49,"column":4},"end":{"line":49,"column":null}},"8":{"start":{"line":14,"column":3},"end":{"line":14,"column":null}},"9":{"start":{"line":11,"column":1},"end":{"line":11,"column":null}}},"fnMap":{"0":{"name":"(anonymous_0)","decl":{"start":{"line":40,"column":2},"end":{"line":40,"column":22}},"loc":{"start":{"line":40,"column":22},"end":{"line":44,"column":null}},"line":40},"1":{"name":"(anonymous_1)","decl":{"start":{"line":48,"column":2},"end":{"line":48,"column":11}},"loc":{"start":{"line":48,"column":11},"end":{"line":49,"column":null}},"line":48}},"branchMap":{"0":{"loc":{"start":{"line":43,"column":4},"end":{"line":44,"column":null}},"type":"if","locations":[{"start":{"line":43,"column":4},"end":{"line":44,"column":null}},{"start":{},"end":{}}],"line":43}},"s":{"0":2,"1":4,"2":2,"3":4,"4":4,"5":4,"6":1,"7":4,"8":2,"9":2},"f":{"0":4,"1":4},"b":{"0":[1,3]},"meta":{"lastBranch":1,"lastFunction":2,"lastStatement":10,"seen":{"s:12:7:49:Infinity":0,"s:15:43:15:Infinity":1,"s:17:18:17:Infinity":2,"f:40:2:40:22":0,"s:41:4:41:Infinity":3,"s:42:4:42:Infinity":4,"b:43:4:44:Infinity:undefined:undefined:undefined:undefined":0,"s:43:4:44:Infinity":5,"s:44:6:44:Infinity":6,"f:48:2:48:11":1,"s:49:4:49:Infinity":7,"s:14:3:14:Infinity":8,"s:11:1:11:Infinity":9}}}
,"C:\\repos\\ProjectAmris\\src\\components\\drawer\\drawer.ts": {"path":"C:\\repos\\ProjectAmris\\src\\components\\drawer\\drawer.ts","statementMap":{"0":{"start":{"line":41,"column":7},"end":{"line":257,"column":null}},"1":{"start":{"line":42,"column":53},"end":{"line":42,"column":null}},"2":{"start":{"line":43,"column":22},"end":{"line":43,"column":null}},"3":{"start":{"line":44,"column":60},"end":{"line":44,"column":null}},"4":{"start":{"line":45,"column":50},"end":{"line":45,"column":null}},"5":{"start":{"line":46,"column":42},"end":{"line":46,"column":null}},"6":{"start":{"line":47,"column":81},"end":{"line":47,"column":null}},"7":{"start":{"line":51,"column":47},"end":{"line":51,"column":null}},"8":{"start":{"line":53,"column":18},"end":{"line":193,"column":null}},"9":{"start":{"line":196,"column":4},"end":{"line":198,"column":null}},"10":{"start":{"line":197,"column":6},"end":{"line":198,"column":null}},"11":{"start":{"line":197,"column":21},"end":{"line":197,"column":null}},"12":{"start":{"line":198,"column":11},"end":{"line":198,"column":null}},"13":{"start":{"line":203,"column":4},"end":{"line":203,"column":null}},"14":{"start":{"line":204,"column":4},"end":{"line":204,"column":null}},"15":{"start":{"line":205,"column":4},"end":{"line":205,"column":null}},"16":{"start":{"line":209,"column":4},"end":{"line":209,"column":null}},"17":{"start":{"line":210,"column":4},"end":{"line":211,"column":null}},"18":{"start":{"line":211,"column":6},"end":{"line":211,"column":null}},"19":{"start":{"line":213,"column":4},"end":{"line":213,"column":null}},"20":{"start":{"line":217,"column":17},"end":{"line":217,"column":53}},"21":{"start":{"line":219,"column":6},"end":{"line":220,"column":null}},"22":{"start":{"line":222,"column":4},"end":{"line":223,"column":null}},"23":{"start":{"line":223,"column":6},"end":{"line":223,"column":null}},"24":{"start":{"line":228,"column":4},"end":{"line":228,"column":null}},"25":{"start":{"line":229,"column":4},"end":{"line":230,"column":null}},"26":{"start":{"line":230,"column":6},"end":{"line":230,"column":null}},"27":{"start":{"line":235,"column":4},"end":{"line":235,"column":null}},"28":{"start":{"line":239,"column":4},"end":{"line":257,"column":null}},"29":{"start":{"line":252,"column":101},"end":{"line":252,"column":122}},"30":{"start":{"line":42,"column":3},"end":{"line":42,"column":53}},"31":{"start":{"line":43,"column":3},"end":{"line":43,"column":22}},"32":{"start":{"line":44,"column":3},"end":{"line":44,"column":60}},"33":{"start":{"line":45,"column":3},"end":{"line":45,"column":50}},"34":{"start":{"line":46,"column":3},"end":{"line":46,"column":42}},"35":{"start":{"line":47,"column":3},"end":{"line":47,"column":81}},"36":{"start":{"line":49,"column":3},"end":{"line":49,"column":null}},"37":{"start":{"line":40,"column":1},"end":{"line":40,"column":null}}},"fnMap":{"0":{"name":"(anonymous_0)","decl":{"start":{"line":195,"column":2},"end":{"line":195,"column":12}},"loc":{"start":{"line":195,"column":45},"end":{"line":198,"column":null}},"line":195},"1":{"name":"(anonymous_1)","decl":{"start":{"line":202,"column":2},"end":{"line":202,"column":10}},"loc":{"start":{"line":202,"column":18},"end":{"line":205,"column":null}},"line":202},"2":{"name":"(anonymous_2)","decl":{"start":{"line":208,"column":2},"end":{"line":208,"column":10}},"loc":{"start":{"line":208,"column":18},"end":{"line":213,"column":null}},"line":208},"3":{"name":"(anonymous_3)","decl":{"start":{"line":216,"column":2},"end":{"line":216,"column":10}},"loc":{"start":{"line":216,"column":46},"end":{"line":223,"column":null}},"line":216},"4":{"name":"(anonymous_4)","decl":{"start":{"line":227,"column":2},"end":{"line":227,"column":10}},"loc":{"start":{"line":227,"column":34},"end":{"line":230,"column":null}},"line":227},"5":{"name":"(anonymous_5)","decl":{"start":{"line":234,"column":2},"end":{"line":234,"column":10}},"loc":{"start":{"line":234,"column":25},"end":{"line":235,"column":null}},"line":234},"6":{"name":"(anonymous_6)","decl":{"start":{"line":238,"column":2},"end":{"line":238,"column":11}},"loc":{"start":{"line":238,"column":11},"end":{"line":257,"column":null}},"line":238},"7":{"name":"(anonymous_7)","decl":{"start":{"line":252,"column":18},"end":{"line":252,"column":99}},"loc":{"start":{"line":252,"column":99},"end":{"line":252,"column":null}},"line":252}},"branchMap":{"0":{"loc":{"start":{"line":196,"column":4},"end":{"line":198,"column":null}},"type":"if","locations":[{"start":{"line":196,"column":4},"end":{"line":198,"column":null}},{"start":{},"end":{}}],"line":196},"1":{"loc":{"start":{"line":197,"column":6},"end":{"line":198,"column":null}},"type":"if","locations":[{"start":{"line":197,"column":6},"end":{"line":198,"column":null}},{"start":{"line":198,"column":11},"end":{"line":198,"column":null}}],"line":197},"2":{"loc":{"start":{"line":210,"column":4},"end":{"line":211,"column":null}},"type":"if","locations":[{"start":{"line":210,"column":4},"end":{"line":211,"column":null}},{"start":{},"end":{}}],"line":210},"3":{"loc":{"start":{"line":219,"column":6},"end":{"line":220,"column":null}},"type":"binary-expr","locations":[{"start":{"line":219,"column":6},"end":{"line":219,"column":31}},{"start":{"line":219,"column":31},"end":{"line":219,"column":null}},{"start":{"line":220,"column":6},"end":{"line":220,"column":30}},{"start":{"line":220,"column":30},"end":{"line":220,"column":null}}],"line":219},"4":{"loc":{"start":{"line":222,"column":4},"end":{"line":223,"column":null}},"type":"if","locations":[{"start":{"line":222,"column":4},"end":{"line":223,"column":null}},{"start":{},"end":{}}],"line":222},"5":{"loc":{"start":{"line":222,"column":8},"end":{"line":222,"column":49}},"type":"binary-expr","locations":[{"start":{"line":222,"column":8},"end":{"line":222,"column":27}},{"start":{"line":222,"column":27},"end":{"line":222,"column":49}}],"line":222},"6":{"loc":{"start":{"line":229,"column":4},"end":{"line":230,"column":null}},"type":"if","locations":[{"start":{"line":229,"column":4},"end":{"line":230,"column":null}},{"start":{},"end":{}}],"line":229},"7":{"loc":{"start":{"line":242,"column":21},"end":{"line":242,"column":null}},"type":"binary-expr","locations":[{"start":{"line":242,"column":21},"end":{"line":242,"column":35}},{"start":{"line":242,"column":35},"end":{"line":242,"column":null}}],"line":242},"8":{"loc":{"start":{"line":251,"column":12},"end":{"line":257,"column":null}},"type":"cond-expr","locations":[{"start":{"line":252,"column":14},"end":{"line":257,"column":null}},{"start":{"line":257,"column":14},"end":{"line":257,"column":null}}],"line":251}},"s":{"0":2,"1":5,"2":5,"3":5,"4":5,"5":5,"6":5,"7":5,"8":2,"9":9,"10":8,"11":4,"12":4,"13":4,"14":4,"15":4,"16":4,"17":4,"18":2,"19":4,"20":1,"21":1,"22":1,"23":0,"24":0,"25":0,"26":0,"27":4,"28":9,"29":1,"30":2,"31":2,"32":2,"33":2,"34":2,"35":2,"36":2,"37":2},"f":{"0":9,"1":4,"2":4,"3":1,"4":0,"5":4,"6":9,"7":1},"b":{"0":[8,1],"1":[4,4],"2":[2,2],"3":[1,1,1,1],"4":[0,1],"5":[1,0],"6":[0,0],"7":[9,6],"8":[9,0]},"meta":{"lastBranch":9,"lastFunction":8,"lastStatement":38,"seen":{"s:41:7:257:Infinity":0,"s:42:53:42:Infinity":1,"s:43:22:43:Infinity":2,"s:44:60:44:Infinity":3,"s:45:50:45:Infinity":4,"s:46:42:46:Infinity":5,"s:47:81:47:Infinity":6,"s:51:47:51:Infinity":7,"s:53:18:193:Infinity":8,"f:195:2:195:12":0,"b:196:4:198:Infinity:undefined:undefined:undefined:undefined":0,"s:196:4:198:Infinity":9,"b:197:6:198:Infinity:198:11:198:Infinity":1,"s:197:6:198:Infinity":10,"s:197:21:197:Infinity":11,"s:198:11:198:Infinity":12,"f:202:2:202:10":1,"s:203:4:203:Infinity":13,"s:204:4:204:Infinity":14,"s:205:4:205:Infinity":15,"f:208:2:208:10":2,"s:209:4:209:Infinity":16,"b:210:4:211:Infinity:undefined:undefined:undefined:undefined":2,"s:210:4:211:Infinity":17,"s:211:6:211:Infinity":18,"s:213:4:213:Infinity":19,"f:216:2:216:10":3,"s:217:17:217:53":20,"s:219:6:220:Infinity":21,"b:219:6:219:31:219:31:219:Infinity:220:6:220:30:220:30:220:Infinity":3,"b:222:4:223:Infinity:undefined:undefined:undefined:undefined":4,"s:222:4:223:Infinity":22,"b:222:8:222:27:222:27:222:49":5,"s:223:6:223:Infinity":23,"f:227:2:227:10":4,"s:228:4:228:Infinity":24,"b:229:4:230:Infinity:undefined:undefined:undefined:undefined":6,"s:229:4:230:Infinity":25,"s:230:6:230:Infinity":26,"f:234:2:234:10":5,"s:235:4:235:Infinity":27,"f:238:2:238:11":6,"s:239:4:257:Infinity":28,"b:242:21:242:35:242:35:242:Infinity":7,"b:252:14:257:Infinity:257:14:257:Infinity":8,"f:252:18:252:99":7,"s:252:101:252:122":29,"s:42:3:42:53":30,"s:43:3:43:22":31,"s:44:3:44:60":32,"s:45:3:45:50":33,"s:46:3:46:42":34,"s:47:3:47:81":35,"s:49:3:49:Infinity":36,"s:40:1:40:Infinity":37}}}
,"C:\\repos\\ProjectAmris\\src\\components\\dropdown\\dropdown.ts": {"path":"C:\\repos\\ProjectAmris\\src\\components\\dropdown\\dropdown.ts","statementMap":{"0":{"start":{"line":34,"column":7},"end":{"line":137,"column":null}},"1":{"start":{"line":35,"column":53},"end":{"line":35,"column":null}},"2":{"start":{"line":36,"column":37},"end":{"line":36,"column":null}},"3":{"start":{"line":37,"column":39},"end":{"line":37,"column":null}},"4":{"start":{"line":38,"column":57},"end":{"line":38,"column":null}},"5":{"start":{"line":42,"column":52},"end":{"line":42,"column":null}},"6":{"start":{"line":84,"column":38},"end":{"line":86,"column":null}},"7":{"start":{"line":85,"column":4},"end":{"line":85,"column":null}},"8":{"start":{"line":85,"column":23},"end":{"line":85,"column":null}},"9":{"start":{"line":86,"column":4},"end":{"line":86,"column":null}},"10":{"start":{"line":89,"column":33},"end":{"line":92,"column":null}},"11":{"start":{"line":90,"column":4},"end":{"line":90,"column":null}},"12":{"start":{"line":90,"column":20},"end":{"line":90,"column":null}},"13":{"start":{"line":91,"column":4},"end":{"line":92,"column":null}},"14":{"start":{"line":92,"column":6},"end":{"line":92,"column":null}},"15":{"start":{"line":96,"column":28},"end":{"line":98,"column":null}},"16":{"start":{"line":97,"column":4},"end":{"line":98,"column":null}},"17":{"start":{"line":98,"column":6},"end":{"line":98,"column":null}},"18":{"start":{"line":44,"column":18},"end":{"line":68,"column":null}},"19":{"start":{"line":71,"column":4},"end":{"line":71,"column":null}},"20":{"start":{"line":72,"column":4},"end":{"line":72,"column":null}},"21":{"start":{"line":73,"column":4},"end":{"line":73,"column":null}},"22":{"start":{"line":77,"column":4},"end":{"line":77,"column":null}},"23":{"start":{"line":78,"column":4},"end":{"line":78,"column":null}},"24":{"start":{"line":79,"column":4},"end":{"line":79,"column":null}},"25":{"start":{"line":80,"column":4},"end":{"line":80,"column":null}},"26":{"start":{"line":81,"column":4},"end":{"line":81,"column":null}},"27":{"start":{"line":103,"column":4},"end":{"line":110,"column":null}},"28":{"start":{"line":104,"column":6},"end":{"line":110,"column":null}},"29":{"start":{"line":105,"column":8},"end":{"line":105,"column":null}},"30":{"start":{"line":106,"column":8},"end":{"line":106,"column":null}},"31":{"start":{"line":108,"column":8},"end":{"line":108,"column":null}},"32":{"start":{"line":109,"column":8},"end":{"line":109,"column":null}},"33":{"start":{"line":110,"column":8},"end":{"line":110,"column":null}},"34":{"start":{"line":116,"column":4},"end":{"line":116,"column":null}},"35":{"start":{"line":117,"column":20},"end":{"line":117,"column":null}},"36":{"start":{"line":118,"column":4},"end":{"line":118,"column":null}},"37":{"start":{"line":118,"column":34},"end":{"line":118,"column":null}},"38":{"start":{"line":119,"column":4},"end":{"line":119,"column":null}},"39":{"start":{"line":119,"column":69},"end":{"line":119,"column":91}},"40":{"start":{"line":123,"column":20},"end":{"line":123,"column":null}},"41":{"start":{"line":124,"column":4},"end":{"line":124,"column":null}},"42":{"start":{"line":124,"column":34},"end":{"line":124,"column":null}},"43":{"start":{"line":126,"column":21},"end":{"line":130,"column":6}},"44":{"start":{"line":132,"column":4},"end":{"line":132,"column":null}},"45":{"start":{"line":136,"column":4},"end":{"line":137,"column":null}},"46":{"start":{"line":35,"column":3},"end":{"line":35,"column":53}},"47":{"start":{"line":36,"column":3},"end":{"line":36,"column":37}},"48":{"start":{"line":37,"column":3},"end":{"line":37,"column":39}},"49":{"start":{"line":38,"column":3},"end":{"line":38,"column":57}},"50":{"start":{"line":40,"column":3},"end":{"line":40,"column":null}},"51":{"start":{"line":33,"column":1},"end":{"line":33,"column":null}}},"fnMap":{"0":{"name":"(anonymous_0)","decl":{"start":{"line":84,"column":38},"end":{"line":84,"column":null}},"loc":{"start":{"line":84,"column":38},"end":{"line":86,"column":null}},"line":84},"1":{"name":"(anonymous_1)","decl":{"start":{"line":89,"column":33},"end":{"line":89,"column":51}},"loc":{"start":{"line":89,"column":51},"end":{"line":92,"column":null}},"line":89},"2":{"name":"(anonymous_2)","decl":{"start":{"line":96,"column":28},"end":{"line":96,"column":49}},"loc":{"start":{"line":96,"column":49},"end":{"line":98,"column":null}},"line":96},"3":{"name":"(anonymous_3)","decl":{"start":{"line":70,"column":2},"end":{"line":70,"column":22}},"loc":{"start":{"line":70,"column":22},"end":{"line":73,"column":null}},"line":70},"4":{"name":"(anonymous_4)","decl":{"start":{"line":76,"column":2},"end":{"line":76,"column":25}},"loc":{"start":{"line":76,"column":25},"end":{"line":81,"column":null}},"line":76},"5":{"name":"(anonymous_5)","decl":{"start":{"line":102,"column":2},"end":{"line":102,"column":12}},"loc":{"start":{"line":102,"column":51},"end":{"line":110,"column":null}},"line":102},"6":{"name":"(anonymous_6)","decl":{"start":{"line":115,"column":2},"end":{"line":115,"column":10}},"loc":{"start":{"line":115,"column":29},"end":{"line":119,"column":null}},"line":115},"7":{"name":"(anonymous_7)","decl":{"start":{"line":119,"column":55},"end":{"line":119,"column":69}},"loc":{"start":{"line":119,"column":69},"end":{"line":119,"column":91}},"line":119},"8":{"name":"(anonymous_8)","decl":{"start":{"line":122,"column":16},"end":{"line":122,"column":34}},"loc":{"start":{"line":122,"column":34},"end":{"line":132,"column":null}},"line":122},"9":{"name":"(anonymous_9)","decl":{"start":{"line":135,"column":2},"end":{"line":135,"column":11}},"loc":{"start":{"line":135,"column":11},"end":{"line":137,"column":null}},"line":135}},"branchMap":{"0":{"loc":{"start":{"line":85,"column":4},"end":{"line":85,"column":null}},"type":"if","locations":[{"start":{"line":85,"column":4},"end":{"line":85,"column":null}},{"start":{},"end":{}}],"line":85},"1":{"loc":{"start":{"line":90,"column":4},"end":{"line":90,"column":null}},"type":"if","locations":[{"start":{"line":90,"column":4},"end":{"line":90,"column":null}},{"start":{},"end":{}}],"line":90},"2":{"loc":{"start":{"line":91,"column":4},"end":{"line":92,"column":null}},"type":"if","locations":[{"start":{"line":91,"column":4},"end":{"line":92,"column":null}},{"start":{},"end":{}}],"line":91},"3":{"loc":{"start":{"line":97,"column":4},"end":{"line":98,"column":null}},"type":"if","locations":[{"start":{"line":97,"column":4},"end":{"line":98,"column":null}},{"start":{},"end":{}}],"line":97},"4":{"loc":{"start":{"line":97,"column":8},"end":{"line":97,"column":41}},"type":"binary-expr","locations":[{"start":{"line":97,"column":8},"end":{"line":97,"column":30}},{"start":{"line":97,"column":30},"end":{"line":97,"column":41}}],"line":97},"5":{"loc":{"start":{"line":103,"column":4},"end":{"line":110,"column":null}},"type":"if","locations":[{"start":{"line":103,"column":4},"end":{"line":110,"column":null}},{"start":{},"end":{}}],"line":103},"6":{"loc":{"start":{"line":104,"column":6},"end":{"line":110,"column":null}},"type":"if","locations":[{"start":{"line":104,"column":6},"end":{"line":110,"column":null}},{"start":{"line":107,"column":13},"end":{"line":110,"column":null}}],"line":104},"7":{"loc":{"start":{"line":118,"column":4},"end":{"line":118,"column":null}},"type":"if","locations":[{"start":{"line":118,"column":4},"end":{"line":118,"column":null}},{"start":{},"end":{}}],"line":118},"8":{"loc":{"start":{"line":118,"column":8},"end":{"line":118,"column":34}},"type":"binary-expr","locations":[{"start":{"line":118,"column":8},"end":{"line":118,"column":20}},{"start":{"line":118,"column":20},"end":{"line":118,"column":34}}],"line":118},"9":{"loc":{"start":{"line":124,"column":4},"end":{"line":124,"column":null}},"type":"if","locations":[{"start":{"line":124,"column":4},"end":{"line":124,"column":null}},{"start":{},"end":{}}],"line":124},"10":{"loc":{"start":{"line":124,"column":8},"end":{"line":124,"column":34}},"type":"binary-expr","locations":[{"start":{"line":124,"column":8},"end":{"line":124,"column":20}},{"start":{"line":124,"column":20},"end":{"line":124,"column":34}}],"line":124}},"s":{"0":2,"1":5,"2":5,"3":5,"4":5,"5":5,"6":5,"7":3,"8":1,"9":2,"10":5,"11":3,"12":2,"13":1,"14":0,"15":5,"16":1,"17":1,"18":2,"19":5,"20":5,"21":5,"22":5,"23":5,"24":5,"25":5,"26":5,"27":8,"28":8,"29":3,"30":3,"31":5,"32":5,"33":5,"34":3,"35":3,"36":3,"37":0,"38":3,"39":3,"40":3,"41":3,"42":0,"43":3,"44":3,"45":8,"46":2,"47":2,"48":2,"49":2,"50":2,"51":2},"f":{"0":3,"1":3,"2":1,"3":5,"4":5,"5":8,"6":3,"7":3,"8":3,"9":8},"b":{"0":[1,2],"1":[2,1],"2":[0,1],"3":[1,0],"4":[1,1],"5":[8,0],"6":[3,5],"7":[0,3],"8":[3,3],"9":[0,3],"10":[3,3]},"meta":{"lastBranch":11,"lastFunction":10,"lastStatement":52,"seen":{"s:34:7:137:Infinity":0,"s:35:53:35:Infinity":1,"s:36:37:36:Infinity":2,"s:37:39:37:Infinity":3,"s:38:57:38:Infinity":4,"s:42:52:42:Infinity":5,"s:84:38:86:Infinity":6,"f:84:38:84:Infinity":0,"b:85:4:85:Infinity:undefined:undefined:undefined:undefined":0,"s:85:4:85:Infinity":7,"s:85:23:85:Infinity":8,"s:86:4:86:Infinity":9,"s:89:33:92:Infinity":10,"f:89:33:89:51":1,"b:90:4:90:Infinity:undefined:undefined:undefined:undefined":1,"s:90:4:90:Infinity":11,"s:90:20:90:Infinity":12,"b:91:4:92:Infinity:undefined:undefined:undefined:undefined":2,"s:91:4:92:Infinity":13,"s:92:6:92:Infinity":14,"s:96:28:98:Infinity":15,"f:96:28:96:49":2,"b:97:4:98:Infinity:undefined:undefined:undefined:undefined":3,"s:97:4:98:Infinity":16,"b:97:8:97:30:97:30:97:41":4,"s:98:6:98:Infinity":17,"s:44:18:68:Infinity":18,"f:70:2:70:22":3,"s:71:4:71:Infinity":19,"s:72:4:72:Infinity":20,"s:73:4:73:Infinity":21,"f:76:2:76:25":4,"s:77:4:77:Infinity":22,"s:78:4:78:Infinity":23,"s:79:4:79:Infinity":24,"s:80:4:80:Infinity":25,"s:81:4:81:Infinity":26,"f:102:2:102:12":5,"b:103:4:110:Infinity:undefined:undefined:undefined:undefined":5,"s:103:4:110:Infinity":27,"b:104:6:110:Infinity:107:13:110:Infinity":6,"s:104:6:110:Infinity":28,"s:105:8:105:Infinity":29,"s:106:8:106:Infinity":30,"s:108:8:108:Infinity":31,"s:109:8:109:Infinity":32,"s:110:8:110:Infinity":33,"f:115:2:115:10":6,"s:116:4:116:Infinity":34,"s:117:20:117:Infinity":35,"b:118:4:118:Infinity:undefined:undefined:undefined:undefined":7,"s:118:4:118:Infinity":36,"b:118:8:118:20:118:20:118:34":8,"s:118:34:118:Infinity":37,"s:119:4:119:Infinity":38,"f:119:55:119:69":7,"s:119:69:119:91":39,"f:122:16:122:34":8,"s:123:20:123:Infinity":40,"b:124:4:124:Infinity:undefined:undefined:undefined:undefined":9,"s:124:4:124:Infinity":41,"b:124:8:124:20:124:20:124:34":10,"s:124:34:124:Infinity":42,"s:126:21:130:6":43,"s:132:4:132:Infinity":44,"f:135:2:135:11":9,"s:136:4:137:Infinity":45,"s:35:3:35:53":46,"s:36:3:36:37":47,"s:37:3:37:39":48,"s:38:3:38:57":49,"s:40:3:40:Infinity":50,"s:33:1:33:Infinity":51}}}
,"C:\\repos\\ProjectAmris\\src\\components\\file-upload\\file-upload.ts": {"path":"C:\\repos\\ProjectAmris\\src\\components\\file-upload\\file-upload.ts","statementMap":{"0":{"start":{"line":32,"column":7},"end":{"line":343,"column":null}},"1":{"start":{"line":33,"column":22},"end":{"line":33,"column":null}},"2":{"start":{"line":35,"column":23},"end":{"line":35,"column":null}},"3":{"start":{"line":37,"column":63},"end":{"line":37,"column":null}},"4":{"start":{"line":39,"column":65},"end":{"line":39,"column":null}},"5":{"start":{"line":40,"column":57},"end":{"line":40,"column":null}},"6":{"start":{"line":41,"column":57},"end":{"line":41,"column":null}},"7":{"start":{"line":42,"column":56},"end":{"line":42,"column":null}},"8":{"start":{"line":44,"column":42},"end":{"line":44,"column":null}},"9":{"start":{"line":45,"column":31},"end":{"line":45,"column":null}},"10":{"start":{"line":49,"column":18},"end":{"line":202,"column":null}},"11":{"start":{"line":205,"column":4},"end":{"line":205,"column":null}},"12":{"start":{"line":209,"column":18},"end":{"line":209,"column":null}},"13":{"start":{"line":210,"column":4},"end":{"line":210,"column":null}},"14":{"start":{"line":210,"column":21},"end":{"line":210,"column":null}},"15":{"start":{"line":211,"column":4},"end":{"line":211,"column":null}},"16":{"start":{"line":215,"column":4},"end":{"line":215,"column":null}},"17":{"start":{"line":216,"column":4},"end":{"line":216,"column":null}},"18":{"start":{"line":220,"column":4},"end":{"line":220,"column":null}},"19":{"start":{"line":224,"column":4},"end":{"line":224,"column":null}},"20":{"start":{"line":225,"column":4},"end":{"line":225,"column":null}},"21":{"start":{"line":226,"column":4},"end":{"line":227,"column":null}},"22":{"start":{"line":227,"column":6},"end":{"line":227,"column":null}},"23":{"start":{"line":232,"column":35},"end":{"line":248,"column":null}},"24":{"start":{"line":233,"column":41},"end":{"line":233,"column":null}},"25":{"start":{"line":236,"column":6},"end":{"line":238,"column":null}},"26":{"start":{"line":237,"column":8},"end":{"line":237,"column":null}},"27":{"start":{"line":238,"column":8},"end":{"line":238,"column":null}},"28":{"start":{"line":241,"column":6},"end":{"line":247,"column":null}},"29":{"start":{"line":250,"column":4},"end":{"line":257,"column":null}},"30":{"start":{"line":251,"column":20},"end":{"line":251,"column":null}},"31":{"start":{"line":252,"column":6},"end":{"line":253,"column":null}},"32":{"start":{"line":253,"column":8},"end":{"line":253,"column":null}},"33":{"start":{"line":255,"column":6},"end":{"line":255,"column":null}},"34":{"start":{"line":257,"column":6},"end":{"line":257,"column":null}},"35":{"start":{"line":260,"column":23},"end":{"line":260,"column":82}},"36":{"start":{"line":260,"column":44},"end":{"line":260,"column":65}},"37":{"start":{"line":260,"column":75},"end":{"line":260,"column":82}},"38":{"start":{"line":261,"column":4},"end":{"line":265,"column":null}},"39":{"start":{"line":262,"column":6},"end":{"line":265,"column":null}},"40":{"start":{"line":270,"column":4},"end":{"line":270,"column":null}},"41":{"start":{"line":270,"column":42},"end":{"line":270,"column":65}},"42":{"start":{"line":271,"column":4},"end":{"line":274,"column":null}},"43":{"start":{"line":279,"column":4},"end":{"line":281,"column":null}},"44":{"start":{"line":280,"column":6},"end":{"line":280,"column":null}},"45":{"start":{"line":285,"column":4},"end":{"line":285,"column":null}},"46":{"start":{"line":285,"column":22},"end":{"line":285,"column":null}},"47":{"start":{"line":286,"column":4},"end":{"line":286,"column":null}},"48":{"start":{"line":286,"column":25},"end":{"line":286,"column":null}},"49":{"start":{"line":287,"column":4},"end":{"line":287,"column":null}},"50":{"start":{"line":291,"column":32},"end":{"line":291,"column":34}},"51":{"start":{"line":292,"column":4},"end":{"line":292,"column":null}},"52":{"start":{"line":292,"column":21},"end":{"line":292,"column":null}},"53":{"start":{"line":293,"column":4},"end":{"line":293,"column":null}},"54":{"start":{"line":293,"column":22},"end":{"line":293,"column":null}},"55":{"start":{"line":294,"column":4},"end":{"line":294,"column":null}},"56":{"start":{"line":294,"column":23},"end":{"line":294,"column":null}},"57":{"start":{"line":296,"column":4},"end":{"line":343,"column":null}},"58":{"start":{"line":319,"column":33},"end":{"line":341,"column":null}},"59":{"start":{"line":335,"column":81},"end":{"line":335,"column":100}},"60":{"start":{"line":33,"column":3},"end":{"line":33,"column":22}},"61":{"start":{"line":35,"column":3},"end":{"line":35,"column":23}},"62":{"start":{"line":37,"column":3},"end":{"line":37,"column":63}},"63":{"start":{"line":39,"column":3},"end":{"line":39,"column":65}},"64":{"start":{"line":40,"column":3},"end":{"line":40,"column":57}},"65":{"start":{"line":41,"column":3},"end":{"line":41,"column":57}},"66":{"start":{"line":42,"column":3},"end":{"line":42,"column":56}},"67":{"start":{"line":44,"column":3},"end":{"line":44,"column":42}},"68":{"start":{"line":45,"column":3},"end":{"line":45,"column":31}},"69":{"start":{"line":47,"column":3},"end":{"line":47,"column":null}},"70":{"start":{"line":31,"column":1},"end":{"line":31,"column":null}}},"fnMap":{"0":{"name":"(anonymous_0)","decl":{"start":{"line":204,"column":2},"end":{"line":204,"column":10}},"loc":{"start":{"line":204,"column":25},"end":{"line":205,"column":null}},"line":204},"1":{"name":"(anonymous_1)","decl":{"start":{"line":208,"column":2},"end":{"line":208,"column":10}},"loc":{"start":{"line":208,"column":38},"end":{"line":211,"column":null}},"line":208},"2":{"name":"(anonymous_2)","decl":{"start":{"line":214,"column":2},"end":{"line":214,"column":10}},"loc":{"start":{"line":214,"column":40},"end":{"line":216,"column":null}},"line":214},"3":{"name":"(anonymous_3)","decl":{"start":{"line":219,"column":2},"end":{"line":219,"column":10}},"loc":{"start":{"line":219,"column":29},"end":{"line":220,"column":null}},"line":219},"4":{"name":"(anonymous_4)","decl":{"start":{"line":223,"column":2},"end":{"line":223,"column":10}},"loc":{"start":{"line":223,"column":36},"end":{"line":227,"column":null}},"line":223},"5":{"name":"(anonymous_5)","decl":{"start":{"line":231,"column":2},"end":{"line":231,"column":10}},"loc":{"start":{"line":231,"column":35},"end":{"line":265,"column":null}},"line":231},"6":{"name":"(anonymous_6)","decl":{"start":{"line":232,"column":41},"end":{"line":232,"column":45}},"loc":{"start":{"line":232,"column":53},"end":{"line":248,"column":null}},"line":232},"7":{"name":"(anonymous_7)","decl":{"start":{"line":260,"column":32},"end":{"line":260,"column":39}},"loc":{"start":{"line":260,"column":44},"end":{"line":260,"column":65}},"line":260},"8":{"name":"(anonymous_8)","decl":{"start":{"line":260,"column":66},"end":{"line":260,"column":70}},"loc":{"start":{"line":260,"column":75},"end":{"line":260,"column":82}},"line":260},"9":{"name":"(anonymous_9)","decl":{"start":{"line":269,"column":2},"end":{"line":269,"column":10}},"loc":{"start":{"line":269,"column":46},"end":{"line":274,"column":null}},"line":269},"10":{"name":"(anonymous_10)","decl":{"start":{"line":270,"column":30},"end":{"line":270,"column":37}},"loc":{"start":{"line":270,"column":42},"end":{"line":270,"column":65}},"line":270},"11":{"name":"(anonymous_11)","decl":{"start":{"line":278,"column":2},"end":{"line":278,"column":21}},"loc":{"start":{"line":278,"column":82},"end":{"line":281,"column":null}},"line":278},"12":{"name":"(anonymous_12)","decl":{"start":{"line":279,"column":30},"end":{"line":279,"column":34}},"loc":{"start":{"line":280,"column":6},"end":{"line":280,"column":null}},"line":280},"13":{"name":"(anonymous_13)","decl":{"start":{"line":284,"column":2},"end":{"line":284,"column":10}},"loc":{"start":{"line":284,"column":45},"end":{"line":287,"column":null}},"line":284},"14":{"name":"(anonymous_14)","decl":{"start":{"line":290,"column":2},"end":{"line":290,"column":11}},"loc":{"start":{"line":290,"column":11},"end":{"line":343,"column":null}},"line":290},"15":{"name":"(anonymous_15)","decl":{"start":{"line":319,"column":24},"end":{"line":319,"column":28}},"loc":{"start":{"line":319,"column":33},"end":{"line":341,"column":null}},"line":319},"16":{"name":"(anonymous_16)","decl":{"start":{"line":335,"column":81},"end":{"line":335,"column":86}},"loc":{"start":{"line":335,"column":81},"end":{"line":335,"column":100}},"line":335}},"branchMap":{"0":{"loc":{"start":{"line":210,"column":4},"end":{"line":210,"column":null}},"type":"if","locations":[{"start":{"line":210,"column":4},"end":{"line":210,"column":null}},{"start":{},"end":{}}],"line":210},"1":{"loc":{"start":{"line":226,"column":4},"end":{"line":227,"column":null}},"type":"if","locations":[{"start":{"line":226,"column":4},"end":{"line":227,"column":null}},{"start":{},"end":{}}],"line":226},"2":{"loc":{"start":{"line":236,"column":6},"end":{"line":238,"column":null}},"type":"if","locations":[{"start":{"line":236,"column":6},"end":{"line":238,"column":null}},{"start":{},"end":{}}],"line":236},"3":{"loc":{"start":{"line":236,"column":10},"end":{"line":236,"column":52}},"type":"binary-expr","locations":[{"start":{"line":236,"column":10},"end":{"line":236,"column":26}},{"start":{"line":236,"column":26},"end":{"line":236,"column":52}}],"line":236},"4":{"loc":{"start":{"line":250,"column":4},"end":{"line":257,"column":null}},"type":"if","locations":[{"start":{"line":250,"column":4},"end":{"line":257,"column":null}},{"start":{"line":256,"column":11},"end":{"line":257,"column":null}}],"line":250},"5":{"loc":{"start":{"line":252,"column":6},"end":{"line":253,"column":null}},"type":"if","locations":[{"start":{"line":252,"column":6},"end":{"line":253,"column":null}},{"start":{},"end":{}}],"line":252},"6":{"loc":{"start":{"line":252,"column":10},"end":{"line":252,"column":50}},"type":"binary-expr","locations":[{"start":{"line":252,"column":10},"end":{"line":252,"column":27}},{"start":{"line":252,"column":27},"end":{"line":252,"column":50}}],"line":252},"7":{"loc":{"start":{"line":261,"column":4},"end":{"line":265,"column":null}},"type":"if","loc
[...]
umn":52}},"loc":{"start":{"line":117,"column":58},"end":{"line":117,"column":88}},"line":117},"3":{"name":"(anonymous_3)","decl":{"start":{"line":120,"column":13},"end":{"line":120,"column":21}},"loc":{"start":{"line":120,"column":30},"end":{"line":122,"column":null}},"line":120},"4":{"name":"(anonymous_4)","decl":{"start":{"line":126,"column":2},"end":{"line":126,"column":10}},"loc":{"start":{"line":126,"column":28},"end":{"line":142,"column":null}},"line":126},"5":{"name":"(anonymous_5)","decl":{"start":{"line":145,"column":2},"end":{"line":145,"column":10}},"loc":{"start":{"line":145,"column":43},"end":{"line":156,"column":null}},"line":145},"6":{"name":"(anonymous_6)","decl":{"start":{"line":160,"column":2},"end":{"line":160,"column":12}},"loc":{"start":{"line":160,"column":22},"end":{"line":167,"column":null}},"line":160},"7":{"name":"(anonymous_7)","decl":{"start":{"line":171,"column":2},"end":{"line":171,"column":11}},"loc":{"start":{"line":171,"column":11},"end":{"line":186,"column":null}},"line":171},"8":{"name":"(anonymous_8)","decl":{"start":{"line":233,"column":27},"end":{"line":233,"column":46}},"loc":{"start":{"line":233,"column":46},"end":{"line":238,"column":null}},"line":233},"9":{"name":"(anonymous_9)","decl":{"start":{"line":236,"column":10},"end":{"line":236,"column":18}},"loc":{"start":{"line":236,"column":26},"end":{"line":238,"column":null}},"line":236},"10":{"name":"(anonymous_10)","decl":{"start":{"line":222,"column":2},"end":{"line":222,"column":22}},"loc":{"start":{"line":222,"column":22},"end":{"line":225,"column":null}},"line":222},"11":{"name":"(anonymous_11)","decl":{"start":{"line":228,"column":2},"end":{"line":228,"column":25}},"loc":{"start":{"line":228,"column":25},"end":{"line":230,"column":null}},"line":228},"12":{"name":"(anonymous_12)","decl":{"start":{"line":241,"column":2},"end":{"line":241,"column":11}},"loc":{"start":{"line":241,"column":11},"end":{"line":242,"column":null}},"line":241}},"branchMap":{"0":{"loc":{"start":{"line":128,"column":4},"end":{"line":128,"column":null}},"type":"if","locations":[{"start":{"line":128,"column":4},"end":{"line":128,"column":null}},{"start":{},"end":{}}],"line":128},"1":{"loc":{"start":{"line":130,"column":4},"end":{"line":135,"column":null}},"type":"if","locations":[{"start":{"line":130,"column":4},"end":{"line":135,"column":null}},{"start":{},"end":{}}],"line":130},"2":{"loc":{"start":{"line":146,"column":4},"end":{"line":148,"column":null}},"type":"if","locations":[{"start":{"line":146,"column":4},"end":{"line":148,"column":null}},{"start":{},"end":{}}],"line":146},"3":{"loc":{"start":{"line":146,"column":8},"end":{"line":146,"column":44}},"type":"binary-expr","locations":[{"start":{"line":146,"column":8},"end":{"line":146,"column":29}},{"start":{"line":146,"column":29},"end":{"line":146,"column":44}}],"line":146},"4":{"loc":{"start":{"line":150,"column":4},"end":{"line":152,"column":null}},"type":"if","locations":[{"start":{"line":150,"column":4},"end":{"line":152,"column":null}},{"start":{},"end":{}}],"line":150},"5":{"loc":{"start":{"line":150,"column":8},"end":{"line":150,"column":67}},"type":"binary-expr","locations":[{"start":{"line":150,"column":8},"end":{"line":150,"column":34}},{"start":{"line":150,"column":34},"end":{"line":150,"column":55}},{"start":{"line":150,"column":55},"end":{"line":150,"column":67}}],"line":150},"6":{"loc":{"start":{"line":154,"column":4},"end":{"line":156,"column":null}},"type":"if","locations":[{"start":{"line":154,"column":4},"end":{"line":156,"column":null}},{"start":{},"end":{}}],"line":154},"7":{"loc":{"start":{"line":154,"column":8},"end":{"line":154,"column":65}},"type":"binary-expr","locations":[{"start":{"line":154,"column":8},"end":{"line":154,"column":33}},{"start":{"line":154,"column":33},"end":{"line":154,"column":54}},{"start":{"line":154,"column":54},"end":{"line":154,"column":65}}],"line":154},"8":{"loc":{"start":{"line":164,"column":4},"end":{"line":167,"column":null}},"type":"if","locations":[{"start":{"line":164,"column":4},"end":{"line":167,"column":null}},{"start":{"line":166,"column":11},"end":{"line":167,"column":null}}],"line":164},"9":{"loc":{"start":{"line":176,"column":10},"end":{"line":180,"column":null}},"type":"cond-expr","locations":[{"start":{"line":177,"column":12},"end":{"line":180,"column":16}},{"start":{"line":180,"column":12},"end":{"line":180,"column":null}}],"line":176},"10":{"loc":{"start":{"line":237,"column":6},"end":{"line":237,"column":null}},"type":"if","locations":[{"start":{"line":237,"column":6},"end":{"line":237,"column":null}},{"start":{},"end":{}}],"line":237}},"s":{"0":2,"1":20,"2":20,"3":20,"4":20,"5":20,"6":20,"7":20,"8":20,"9":2,"10":20,"11":20,"12":6,"13":6,"14":6,"15":6,"16":6,"17":6,"18":6,"19":8,"20":8,"21":0,"22":8,"23":2,"24":2,"25":8,"26":8,"27":4,"28":2,"29":2,"30":4,"31":1,"32":1,"33":4,"34":1,"35":1,"36":43,"37":43,"38":43,"39":10,"40":33,"41":43,"42":2,"43":2,"44":2,"45":2,"46":2,"47":2,"48":2,"49":2,"50":2,"51":4,"52":2,"53":2,"54":4,"55":2,"56":2,"57":3,"58":3,"59":3,"60":3,"61":3,"62":3,"63":2},"f":{"0":20,"1":6,"2":6,"3":6,"4":8,"5":4,"6":43,"7":43,"8":2,"9":4,"10":3,"11":3,"12":3},"b":{"0":[0,8],"1":[2,6],"2":[2,2],"3":[4,3],"4":[1,3],"5":[4,1,1],"6":[1,3],"7":[4,1,1],"8":[10,33],"9":[10,33],"10":[2,2]},"meta":{"lastBranch":11,"lastFunction":13,"lastStatement":64,"seen":{"s:26:7:186:Infinity":0,"s:27:22:27:Infinity":1,"s:28:22:28:Infinity":2,"s:29:53:29:Infinity":3,"s:30:57:30:Infinity":4,"s:31:57:31:Infinity":5,"s:33:53:33:Infinity":6,"s:35:38:35:Infinity":7,"s:108:25:108:Infinity":8,"s:37:18:106:Infinity":9,"f:110:2:110:22":0,"s:111:4:111:Infinity":10,"s:112:4:112:Infinity":11,"f:115:2:115:10":1,"s:116:17:116:Infinity":12,"s:117:21:117:88":13,"f:117:45:117:52":2,"s:117:58:117:88":14,"s:118:4:118:Infinity":15,"s:120:4:122:Infinity":16,"f:120:13:120:21":3,"s:121:7:121:Infinity":17,"s:123:4:123:Infinity":18,"f:126:2:126:10":4,"s:127:4:127:Infinity":19,"b:128:4:128:Infinity:undefined:undefined:undefined:undefined":0,"s:128:4:128:Infinity":20,"s:128:23:128:Infinity":21,"b:130:4:135:Infinity:undefined:undefined:undefined:undefined":1,"s:130:4:135:Infinity":22,"s:131:6:131:Infinity":23,"s:132:6:135:Infinity":24,"s:138:4:138:Infinity":25,"s:139:4:142:Infinity":26,"f:145:2:145:10":5,"b:146:4:148:Infinity:undefined:undefined:undefined:undefined":2,"s:146:4:148:Infinity":27,"b:146:8:146:29:146:29:146:44":3,"s:147:6:147:Infinity":28,"s:148:6:148:Infinity":29,"b:150:4:152:Infinity:undefined:undefined:undefined:undefined":4,"s:150:4:152:Infinity":30,"b:150:8:150:34:150:34:150:55:150:55:150:67":5,"s:151:6:151:Infinity":31,"s:152:6:152:Infinity":32,"b:154:4:156:Infinity:undefined:undefined:undefined:undefined":6,"s:154:4:156:Infinity":33,"b:154:8:154:33:154:33:154:54:154:54:154:65":7,"s:155:6:155:Infinity":34,"s:156:6:156:Infinity":35,"f:160:2:160:12":6,"s:161:4:161:Infinity":36,"s:163:4:163:Infinity":37,"b:164:4:167:Infinity:166:11:167:Infinity":8,"s:164:4:167:Infinity":38,"s:165:6:165:Infinity":39,"s:167:6:167:Infinity":40,"f:171:2:171:11":7,"s:172:4:186:Infinity":41,"b:177:12:180:16:180:12:180:Infinity":9,"s:27:3:27:22":42,"s:28:3:28:22":43,"s:29:3:29:53":44,"s:30:3:30:57":45,"s:31:3:31:57":46,"s:33:3:33:53":47,"s:35:3:35:38":48,"s:25:1:25:Infinity":49,"s:211:7:242:Infinity":50,"s:233:27:238:Infinity":51,"f:233:27:233:46":8,"s:235:18:235:55":52,"s:236:4:238:Infinity":53,"f:236:10:236:18":9,"b:237:6:237:Infinity:undefined:undefined:undefined:undefined":10,"s:237:6:237:Infinity":54,"s:237:29:237:Infinity":55,"s:212:18:220:Infinity":56,"f:222:2:222:22":10,"s:223:4:223:Infinity":57,"s:224:4:224:Infinity":58,"s:225:4:225:Infinity":59,"f:228:2:228:25":11,"s:229:4:229:Infinity":60,"s:230:4:230:Infinity":61,"f:241:2:241:11":12,"s:242:4:242:Infinity":62,"s:210:1:210:Infinity":63}}}
,"C:\\repos\\ProjectAmris\\src\\styles\\reset.css.ts": {"path":"C:\\repos\\ProjectAmris\\src\\styles\\reset.css.ts","statementMap":{"0":{"start":{"line":7,"column":27},"end":{"line":7,"column":null}},"1":{"start":{"line":28,"column":31},"end":{"line":28,"column":null}}},"fnMap":{},"branchMap":{},"s":{"0":30,"1":30},"f":{},"b":{},"meta":{"lastBranch":0,"lastFunction":0,"lastStatement":2,"seen":{"s:7:27:7:Infinity":0,"s:28:31:28:Infinity":1}}}
,"C:\\repos\\ProjectAmris\\src\\utilities\\unique-id.ts": {"path":"C:\\repos\\ProjectAmris\\src\\utilities\\unique-id.ts","statementMap":{"0":{"start":{"line":1,"column":14},"end":{"line":1,"column":null}},"1":{"start":{"line":7,"column":2},"end":{"line":7,"column":null}}},"fnMap":{"0":{"name":"uniqueId","decl":{"start":{"line":6,"column":16},"end":{"line":6,"column":25}},"loc":{"start":{"line":6,"column":48},"end":{"line":7,"column":null}},"line":6}},"branchMap":{"0":{"loc":{"start":{"line":6,"column":25},"end":{"line":6,"column":48}},"type":"default-arg","locations":[{"start":{"line":6,"column":34},"end":{"line":6,"column":48}}],"line":6}},"s":{"0":2,"1":14},"f":{"0":14},"b":{"0":[14]},"meta":{"lastBranch":1,"lastFunction":1,"lastStatement":2,"seen":{"s:1:14:1:Infinity":0,"f:6:16:6:25":0,"b:6:34:6:48":0,"s:7:2:7:Infinity":1}}}
,"C:\\repos\\ProjectAmris\\test\\a11y-helper.ts": {"path":"C:\\repos\\ProjectAmris\\test\\a11y-helper.ts","statementMap":{"0":{"start":{"line":11,"column":26},"end":{"line":13,"column":null}},"1":{"start":{"line":16,"column":54},"end":{"line":16,"column":56}},"2":{"start":{"line":17,"column":2},"end":{"line":18,"column":null}},"3":{"start":{"line":18,"column":4},"end":{"line":18,"column":null}},"4":{"start":{"line":21,"column":18},"end":{"line":21,"column":51}},"5":{"start":{"line":22,"column":2},"end":{"line":22,"column":null}},"6":{"start":{"line":29,"column":2},"end":{"line":34,"column":null}},"7":{"start":{"line":31,"column":20},"end":{"line":31,"column":64}},"8":{"start":{"line":31,"column":37},"end":{"line":31,"column":53}},"9":{"start":{"line":32,"column":6},"end":{"line":32,"column":null}}},"fnMap":{"0":{"name":"checkA11y","decl":{"start":{"line":7,"column":22},"end":{"line":7,"column":null}},"loc":{"start":{"line":10,"column":21},"end":{"line":22,"column":null}},"line":10},"1":{"name":"formatViolations","decl":{"start":{"line":28,"column":16},"end":{"line":28,"column":33}},"loc":{"start":{"line":28,"column":63},"end":{"line":34,"column":null}},"line":28},"2":{"name":"(anonymous_2)","decl":{"start":{"line":30,"column":5},"end":{"line":30,"column":9}},"loc":{"start":{"line":30,"column":14},"end":{"line":33,"column":null}},"line":30},"3":{"name":"(anonymous_3)","decl":{"start":{"line":31,"column":28},"end":{"line":31,"column":32}},"loc":{"start":{"line":31,"column":37},"end":{"line":31,"column":53}},"line":31}},"branchMap":{"0":{"loc":{"start":{"line":9,"column":2},"end":{"line":9,"column":30}},"type":"default-arg","locations":[{"start":{"line":9,"column":28},"end":{"line":9,"column":30}}],"line":9}},"s":{"0":35,"1":35,"2":35,"3":70,"4":35,"5":35,"6":35,"7":0,"8":0,"9":0},"f":{"0":35,"1":35,"2":0,"3":0},"b":{"0":[35]},"meta":{"lastBranch":1,"lastFunction":4,"lastStatement":10,"seen":{"f:7:22:7:Infinity":0,"b:9:28:9:30":0,"s:11:26:13:Infinity":0,"s:16:54:16:56":1,"s:17:2:18:Infinity":2,"s:18:4:18:Infinity":3,"s:21:18:21:51":4,"s:22:2:22:Infinity":5,"f:28:16:28:33":1,"s:29:2:34:Infinity":6,"f:30:5:30:9":2,"s:31:20:31:64":7,"f:31:28:31:32":3,"s:31:37:31:53":8,"s:32:6:32:Infinity":9}}}
,"C:\\repos\\ProjectAmris\\test\\helpers.ts": {"path":"C:\\repos\\ProjectAmris\\test\\helpers.ts","statementMap":{"0":{"start":{"line":6,"column":2},"end":{"line":6,"column":null}},"1":{"start":{"line":7,"column":2},"end":{"line":7,"column":null}},"2":{"start":{"line":8,"column":2},"end":{"line":8,"column":null}},"3":{"start":{"line":12,"column":20},"end":{"line":12,"column":49}},"4":{"start":{"line":13,"column":2},"end":{"line":13,"column":null}},"5":{"start":{"line":15,"column":18},"end":{"line":15,"column":null}},"6":{"start":{"line":16,"column":2},"end":{"line":17,"column":null}},"7":{"start":{"line":17,"column":4},"end":{"line":17,"column":null}},"8":{"start":{"line":20,"column":2},"end":{"line":20,"column":null}},"9":{"start":{"line":24,"column":20},"end":{"line":24,"column":null}},"10":{"start":{"line":25,"column":2},"end":{"line":26,"column":null}},"11":{"start":{"line":26,"column":4},"end":{"line":26,"column":null}},"12":{"start":{"line":29,"column":2},"end":{"line":29,"column":null}},"13":{"start":{"line":33,"column":18},"end":{"line":33,"column":58}},"14":{"start":{"line":34,"column":2},"end":{"line":35,"column":null}},"15":{"start":{"line":35,"column":4},"end":{"line":35,"column":null}},"16":{"start":{"line":38,"column":2},"end":{"line":38,"column":null}},"17":{"start":{"line":42,"column":2},"end":{"line":48,"column":null}},"18":{"start":{"line":50,"column":2},"end":{"line":51,"column":null}},"19":{"start":{"line":51,"column":4},"end":{"line":51,"column":null}},"20":{"start":{"line":60,"column":2},"end":{"line":67,"column":null}},"21":{"start":{"line":69,"column":2},"end":{"line":70,"column":null}},"22":{"start":{"line":70,"column":4},"end":{"line":70,"column":null}},"23":{"start":{"line":79,"column":2},"end":{"line":79,"column":null}},"24":{"start":{"line":80,"column":2},"end":{"line":80,"column":null}},"25":{"start":{"line":82,"column":2},"end":{"line":83,"column":null}},"26":{"start":{"line":83,"column":4},"end":{"line":83,"column":null}},"27":{"start":{"line":91,"column":2},"end":{"line":91,"column":null}},"28":{"start":{"line":93,"column":2},"end":{"line":94,"column":null}},"29":{"start":{"line":94,"column":4},"end":{"line":94,"column":null}},"30":{"start":{"line":102,"column":2},"end":{"line":110,"column":null}},"31":{"start":{"line":103,"column":4},"end":{"line":109,"column":null}},"32":{"start":{"line":106,"column":8},"end":{"line":106,"column":null}},"33":{"start":{"line":114,"column":20},"end":{"line":114,"column":null}},"34":{"start":{"line":115,"column":2},"end":{"line":116,"column":null}},"35":{"start":{"line":116,"column":4},"end":{"line":116,"column":null}},"36":{"start":{"line":119,"column":2},"end":{"line":119,"column":null}}},"fnMap":{"0":{"name":"mount","decl":{"start":{"line":5,"column":22},"end":{"line":5,"column":51}},"loc":{"start":{"line":5,"column":75},"end":{"line":8,"column":null}},"line":5},"1":{"name":"fixture","decl":{"start":{"line":11,"column":22},"end":{"line":11,"column":53}},"loc":{"start":{"line":11,"column":81},"end":{"line":20,"column":null}},"line":11},"2":{"name":"waitForUpdate","decl":{"start":{"line":23,"column":22},"end":{"line":23,"column":36}},"loc":{"start":{"line":23,"column":72},"end":{"line":29,"column":null}},"line":23},"3":{"name":"shadowQuery","decl":{"start":{"line":32,"column":16},"end":{"line":32,"column":47}},"loc":{"start":{"line":32,"column":87},"end":{"line":38,"column":null}},"line":32},"4":{"name":"click","decl":{"start":{"line":41,"column":22},"end":{"line":41,"column":28}},"loc":{"start":{"line":41,"column":80},"end":{"line":51,"column":null}},"line":41},"5":{"name":"keydown","decl":{"start":{"line":55,"column":22},"end":{"line":55,"column":null}},"loc":{"start":{"line":59,"column":17},"end":{"line":70,"column":null}},"line":59},"6":{"name":"inputText","decl":{"start":{"line":74,"column":22},"end":{"line":74,"column":null}},"loc":{"start":{"line":78,"column":17},"end":{"line":83,"column":null}},"line":78},"7":{"name":"changeValue","decl":{"start":{"line":87,"column":22},"end":{"line":87,"column":null}},"loc":{"start":{"line":90,"column":17},"end":{"line":94,"column":null}},"line":90},"8":{"name":"oneEvent","decl":{"start":{"line":98,"column":16},"end":{"line":98,"column":null}},"loc":{"start":{"line":101,"column":33},"end":{"line":110,"column":null}},"line":101},"9":{"name":"(anonymous_9)","decl":{"start":{"line":102,"column":13},"end":{"line":102,"column":22}},"loc":{"start":{"line":102,"column":34},"end":{"line":110,"column":null}},"line":102},"10":{"name":"(anonymous_10)","decl":{"start":{"line":104,"column":6},"end":{"line":104,"column":null}},"loc":{"start":{"line":105,"column":17},"end":{"line":108,"column":8}},"line":105},"11":{"name":"getMockInternals","decl":{"start":{"line":113,"column":16},"end":{"line":113,"column":33}},"loc":{"start":{"line":113,"column":74},"end":{"line":119,"column":null}},"line":113}},"branchMap":{"0":{"loc":{"start":{"line":16,"column":2},"end":{"line":17,"column":null}},"type":"if","locations":[{"start":{"line":16,"column":2},"end":{"line":17,"column":null}},{"start":{},"end":{}}],"line":16},"1":{"loc":{"start":{"line":25,"column":2},"end":{"line":26,"column":null}},"type":"if","locations":[{"start":{"line":25,"column":2},"end":{"line":26,"column":null}},{"start":{},"end":{}}],"line":25},"2":{"loc":{"start":{"line":34,"column":2},"end":{"line":35,"column":null}},"type":"if","locations":[{"start":{"line":34,"column":2},"end":{"line":35,"column":null}},{"start":{},"end":{}}],"line":34},"3":{"loc":{"start":{"line":50,"column":2},"end":{"line":51,"column":null}},"type":"if","locations":[{"start":{"line":50,"column":2},"end":{"line":51,"column":null}},{"start":{},"end":{}}],"line":50},"4":{"loc":{"start":{"line":69,"column":2},"end":{"line":70,"column":null}},"type":"if","locations":[{"start":{"line":69,"column":2},"end":{"line":70,"column":null}},{"start":{},"end":{}}],"line":69},"5":{"loc":{"start":{"line":82,"column":2},"end":{"line":83,"column":null}},"type":"if","locations":[{"start":{"line":82,"column":2},"end":{"line":83,"column":null}},{"start":{},"end":{}}],"line":82},"6":{"loc":{"start":{"line":93,"column":2},"end":{"line":94,"column":null}},"type":"if","locations":[{"start":{"line":93,"column":2},"end":{"line":94,"column":null}},{"start":{},"end":{}}],"line":93},"7":{"loc":{"start":{"line":115,"column":2},"end":{"line":116,"column":null}},"type":"if","locations":[{"start":{"line":115,"column":2},"end":{"line":116,"column":null}},{"start":{},"end":{}}],"line":115}},"s":{"0":296,"1":296,"2":296,"3":278,"4":278,"5":278,"6":278,"7":0,"8":278,"9":520,"10":520,"11":520,"12":520,"13":152,"14":152,"15":0,"16":152,"17":65,"18":65,"19":65,"20":36,"21":36,"22":36,"23":4,"24":4,"25":4,"26":4,"27":0,"28":0,"29":0,"30":69,"31":69,"32":69,"33":9,"34":9,"35":0,"36":9},"f":{"0":296,"1":278,"2":520,"3":152,"4":65,"5":36,"6":4,"7":0,"8":69,"9":69,"10":69,"11":9},"b":{"0":[0,278],"1":[520,0],"2":[0,152],"3":[65,0],"4":[36,0],"5":[4,0],"6":[0,0],"7":[0,9]},"meta":{"lastBranch":8,"lastFunction":12,"lastStatement":37,"seen":{"f:5:22:5:51":0,"s:6:2:6:Infinity":0,"s:7:2:7:Infinity":1,"s:8:2:8:Infinity":2,"f:11:22:11:53":1,"s:12:20:12:49":3,"s:13:2:13:Infinity":4,"s:15:18:15:Infinity":5,"b:16:2:17:Infinity:undefined:undefined:undefined:undefined":0,"s:16:2:17:Infinity":6,"s:17:4:17:Infinity":7,"s:20:2:20:Infinity":8,"f:23:22:23:36":2,"s:24:20:24:Infinity":9,"b:25:2:26:Infinity:undefined:undefined:undefined:undefined":1,"s:25:2:26:Infinity":10,"s:26:4:26:Infinity":11,"s:29:2:29:Infinity":12,"f:32:16:32:47":3,"s:33:18:33:58":13,"b:34:2:35:Infinity:undefined:undefined:undefined:undefined":2,"s:34:2:35:Infinity":14,"s:35:4:35:Infinity":15,"s:38:2:38:Infinity":16,"f:41:22:41:28":4,"s:42:2:48:Infinity":17,"b:50:2:51:Infinity:undefined:undefined:undefined:undefined":3,"s:50:2:51:Infinity":18,"s:51:4:51:Infinity":19,"f:55:22:55:Infinity":5,"s:60:2:67:Infinity":20,"b:69:2:70:Infinity:undefined:undefined:undefined:undefined":4,"s:69:2:70:Infinity":21,"s:70:4:70:Infinity":22,"f:74:22:74:Infinity":6,"s:79:2:79:Infinity":23,"s:80:2:80:Infinity":24,"b:82:2:83:Infinity:undefined:undefined:undefined:undefined":5,"s:82:2:83:Infinity":25,"s:83:4:83:Infinity":26,"f:87:22:87:Infinity":7,"s:91:2:91:Infinity":27,"b:93:2:94:Infinity:undefined:undefined:undefined:undefined":6,"s:93:2:94:Infinity":28,"s:94:4:94:Infinity":29,"f:98:16:98:Infinity":8,"s:102:2:110:Infinity":30,"f:102:13:102:22":9,"s:103:4:109:Infinity":31,"f:104:6:104:Infinity":10,"s:106:8:106:Infinity":32,"f:113:16:113:33":11,"s:114:20:114:Infinity":33,"b:115:2:116:Infinity:undefined:undefined:undefined:undefined":7,"s:115:2:116:Infinity":34,"s:116:4:116:Infinity":35,"s:119:2:119:Infinity":36}}}
}
